{"level":"info","message":"Server running --- from server.ts","timestamp":"2025-05-21T09:48:36.686Z"}
{"level":"error","message":"Server not running ---  New route /api/v1/feedbackRoutes/groundFeedBack conflicts with existing /api/v1/feedbackRoutes/groundFeedBack","name":"AssertError","stack":"AssertError: New route /api/v1/feedbackRoutes/groundFeedBack conflicts with existing /api/v1/feedbackRoutes/groundFeedBack\n    at module.exports.internals.Segment.internals.Segment.add (C:\\Users\\INDHU\\Desktop\\projects\\sports app\\node_modules\\@hapi\\call\\lib\\segment.js:47:14)\n    at exports.Router.internals.Router.internals.Router.add (C:\\Users\\INDHU\\Desktop\\projects\\sports app\\node_modules\\@hapi\\call\\lib\\index.js:65:16)\n    at internals.Server._addRoute (C:\\Users\\INDHU\\Desktop\\projects\\sports app\\node_modules\\@hapi\\hapi\\lib\\server.js:529:46)\n    at internals.Server.route (C:\\Users\\INDHU\\Desktop\\projects\\sports app\\node_modules\\@hapi\\hapi\\lib\\server.js:518:22)\n    at C:\\Users\\INDHU\\Desktop\\projects\\sports app\\src\\api\\feedBack\\routes.ts:13:14\n    at new Promise (<anonymous>)\n    at feedbackRoutes.<anonymous> (C:\\Users\\INDHU\\Desktop\\projects\\sports app\\src\\api\\feedBack\\routes.ts:11:12)\n    at Generator.next (<anonymous>)\n    at C:\\Users\\INDHU\\Desktop\\projects\\sports app\\src\\api\\feedBack\\routes.ts:8:71\n    at new Promise (<anonymous>)","timestamp":"2025-05-21T10:30:11.350Z"}
{"level":"info","message":"Server running --- from server.ts","timestamp":"2025-05-21T10:30:55.216Z"}
{"level":"info","message":"Server running --- from server.ts","timestamp":"2025-05-21T10:31:05.505Z"}
{"level":"info","message":"Server running --- from server.ts","timestamp":"2025-05-21T10:31:11.224Z"}
{"level":"info","message":"Server running --- from server.ts","timestamp":"2025-05-21T10:31:21.346Z"}
{"level":"info","message":"Server running --- from server.ts","timestamp":"2025-05-21T10:31:35.655Z"}
{"level":"info","message":"Server running --- from server.ts","timestamp":"2025-05-21T10:31:46.101Z"}
{"level":"info","message":"Server running --- from server.ts","timestamp":"2025-05-21T10:32:16.488Z"}
{"level":"info","message":"Server running --- from server.ts","timestamp":"2025-05-21T10:33:49.677Z"}
{"level":"info","message":"Server running --- from server.ts","timestamp":"2025-05-21T10:45:57.680Z"}
{"level":"info","message":"Server running --- from server.ts","timestamp":"2025-05-21T10:46:12.620Z"}
{"level":"info","message":"Server running --- from server.ts","timestamp":"2025-05-21T10:46:26.194Z"}
{"level":"info","message":"Server running --- from server.ts","timestamp":"2025-05-21T10:46:33.541Z"}
{"level":"info","message":"Server running --- from server.ts","timestamp":"2025-05-21T10:46:40.929Z"}
{"level":"info","message":"Server running --- from server.ts","timestamp":"2025-05-21T10:46:50.499Z"}
{"level":"info","message":"Server running --- from server.ts","timestamp":"2025-05-21T10:46:56.798Z"}
{"level":"info","message":"Server running --- from server.ts","timestamp":"2025-05-21T10:47:03.375Z"}
{"level":"info","message":"Server running --- from server.ts","timestamp":"2025-05-21T10:47:33.630Z"}
{"level":"info","message":"Server running --- from server.ts","timestamp":"2025-05-21T10:47:43.691Z"}
{"level":"info","message":"Server running --- from server.ts","timestamp":"2025-05-21T10:48:00.661Z"}
{"level":"info","message":"Server running --- from server.ts","timestamp":"2025-05-21T10:48:13.162Z"}
{"level":"error","message":"Server not running ---  New route /api/v1/adminRoutes/listSignUpUsers conflicts with existing /api/v1/adminRoutes/listSignUpUsers","name":"AssertError","stack":"AssertError: New route /api/v1/adminRoutes/listSignUpUsers conflicts with existing /api/v1/adminRoutes/listSignUpUsers\n    at module.exports.internals.Segment.internals.Segment.add (C:\\Users\\INDHU\\Desktop\\projects\\sports app\\node_modules\\@hapi\\call\\lib\\segment.js:47:14)\n    at exports.Router.internals.Router.internals.Router.add (C:\\Users\\INDHU\\Desktop\\projects\\sports app\\node_modules\\@hapi\\call\\lib\\index.js:65:16)\n    at internals.Server._addRoute (C:\\Users\\INDHU\\Desktop\\projects\\sports app\\node_modules\\@hapi\\hapi\\lib\\server.js:529:46)\n    at internals.Server.route (C:\\Users\\INDHU\\Desktop\\projects\\sports app\\node_modules\\@hapi\\hapi\\lib\\server.js:518:22)\n    at C:\\Users\\INDHU\\Desktop\\projects\\sports app\\src\\api\\admin\\routes.ts:13:14\n    at new Promise (<anonymous>)\n    at adminRoutes.<anonymous> (C:\\Users\\INDHU\\Desktop\\projects\\sports app\\src\\api\\admin\\routes.ts:11:12)\n    at Generator.next (<anonymous>)\n    at C:\\Users\\INDHU\\Desktop\\projects\\sports app\\src\\api\\admin\\routes.ts:8:71\n    at new Promise (<anonymous>)","timestamp":"2025-05-21T10:49:30.816Z"}
{"level":"info","message":"Server running --- from server.ts","timestamp":"2025-05-21T10:49:57.883Z"}
{"level":"info","message":"Server running --- from server.ts","timestamp":"2025-05-21T10:50:08.388Z"}
{"level":"info","message":"Server running --- from server.ts","timestamp":"2025-05-21T10:50:24.047Z"}
{"level":"info","message":"Server running --- from server.ts","timestamp":"2025-05-21T10:50:41.046Z"}
{"level":"info","message":"Server running --- from server.ts","timestamp":"2025-05-21T10:50:50.386Z"}
{"level":"info","message":"Server running --- from server.ts","timestamp":"2025-05-21T10:50:57.389Z"}
{"level":"info","message":"Server running --- from server.ts","timestamp":"2025-05-21T10:51:04.080Z"}
{"level":"info","message":"Server running --- from server.ts","timestamp":"2025-05-21T10:54:12.962Z"}
{"level":"info","message":"Server running --- from server.ts","timestamp":"2025-05-21T10:56:07.053Z"}
{"level":"info","message":"GET URL REQ => http://localhost:6200/api/v1/groundRoutes/listGround","timestamp":"2025-05-21T10:57:37.831Z"}
{"level":"info","message":"GET URL REQ => http://localhost:6200/api/v1/groundRoutes/listGround","timestamp":"2025-05-21T10:57:37.960Z"}
{"level":"info","message":"GET URL REQ => http://localhost:6200/api/v1/groundRoutes/listGround","timestamp":"2025-05-21T10:57:44.920Z"}
{"level":"info","message":"GET URL REQ => http://localhost:6200/api/v1/groundRoutes/listGround","timestamp":"2025-05-21T10:57:44.932Z"}
{"level":"info","message":"GET URL REQ => http://localhost:6200/api/v1/groundRoutes/listGround","timestamp":"2025-05-21T10:57:53.242Z"}
{"level":"info","message":"GET URL REQ => http://localhost:6200/api/v1/groundRoutes/listGround","timestamp":"2025-05-21T10:57:53.251Z"}
{"level":"info","message":"GET URL REQ => http://localhost:6200/api/v1/groundRoutes/listGround","timestamp":"2025-05-21T10:59:48.506Z"}
{"level":"info","message":"GET URL REQ => http://localhost:6200/api/v1/groundRoutes/listGround","timestamp":"2025-05-21T10:59:48.607Z"}
{"level":"info","message":"GET URL REQ => http://localhost:6200/api/v1/groundRoutes/listGround","timestamp":"2025-05-21T10:59:58.594Z"}
{"level":"info","message":"GET URL REQ => http://localhost:6200/api/v1/groundRoutes/listGround","timestamp":"2025-05-21T10:59:58.605Z"}
{"level":"info","message":"GET URL REQ => http://localhost:6200/api/v1/adminRoutes/listSignUpUsers","timestamp":"2025-05-21T11:00:03.795Z"}
{"level":"info","message":"GET URL REQ => http://localhost:6200/api/v1/adminRoutes/listSignUpUsers","timestamp":"2025-05-21T11:00:03.813Z"}
{"level":"info","message":"GET URL REQ => http://localhost:6200/api/v1/adminRoutes/listUserBookings","timestamp":"2025-05-21T11:00:05.535Z"}
{"level":"info","message":"GET URL REQ => http://localhost:6200/api/v1/adminRoutes/listUserBookings","timestamp":"2025-05-21T11:00:05.545Z"}
{"level":"info","message":"GET URL REQ => http://localhost:6200/api/v1/groundRoutes/listGround","timestamp":"2025-05-21T11:01:39.278Z"}
{"level":"info","message":"GET URL REQ => http://localhost:6200/api/v1/groundRoutes/listGround","timestamp":"2025-05-21T11:01:39.530Z"}
{"level":"info","message":"GET URL REQ => http://localhost:6200/api/v1/groundRoutes/listGround","timestamp":"2025-05-21T11:01:42.022Z"}
{"level":"info","message":"GET URL REQ => http://localhost:6200/api/v1/groundRoutes/listGround","timestamp":"2025-05-21T11:01:42.036Z"}
{"level":"info","message":"GET URL REQ => http://localhost:6200/api/v1/groundRoutes/listGround","timestamp":"2025-05-21T11:05:30.403Z"}
{"level":"info","message":"GET URL REQ => http://localhost:6200/api/v1/groundRoutes/listGround","timestamp":"2025-05-21T11:05:30.625Z"}
{"level":"info","message":"GET URL REQ => http://localhost:6200/api/v1/adminRoutes/listSignUpUsers","timestamp":"2025-05-21T11:06:40.814Z"}
{"level":"info","message":"GET URL REQ => http://localhost:6200/api/v1/adminRoutes/listSignUpUsers","timestamp":"2025-05-21T11:06:41.002Z"}
{"level":"info","message":"GET URL REQ => http://localhost:6200/api/v1/adminRoutes/listUserBookings","timestamp":"2025-05-21T11:06:42.123Z"}
{"level":"info","message":"GET URL REQ => http://localhost:6200/api/v1/adminRoutes/listUserBookings","timestamp":"2025-05-21T11:06:42.151Z"}
{"level":"info","message":"GET URL REQ => http://localhost:6200/api/v1/groundRoutes/listGround","timestamp":"2025-05-21T11:06:45.497Z"}
{"level":"info","message":"GET URL REQ => http://localhost:6200/api/v1/groundRoutes/listGround","timestamp":"2025-05-21T11:06:45.520Z"}
{"level":"info","message":"GET URL REQ => http://localhost:6200/api/v1/adminRoutes/listSignUpUsers","timestamp":"2025-05-21T11:07:18.882Z"}
{"level":"info","message":"GET URL REQ => http://localhost:6200/api/v1/adminRoutes/listSignUpUsers","timestamp":"2025-05-21T11:07:19.011Z"}
{"level":"info","message":"GET URL REQ => http://localhost:6200/api/v1/adminRoutes/listUserBookings","timestamp":"2025-05-21T11:07:19.938Z"}
{"level":"info","message":"GET URL REQ => http://localhost:6200/api/v1/adminRoutes/listUserBookings","timestamp":"2025-05-21T11:07:19.969Z"}
{"level":"info","message":"GET URL REQ => http://localhost:6200/api/v1/groundRoutes/listGround","timestamp":"2025-05-21T11:07:22.096Z"}
{"level":"info","message":"GET URL REQ => http://localhost:6200/api/v1/groundRoutes/listGround","timestamp":"2025-05-21T11:07:22.119Z"}
{"level":"info","message":"GET URL REQ => http://localhost:6200/api/v1/adminRoutes/listSignUpUsers","timestamp":"2025-05-21T11:08:30.808Z"}
{"level":"info","message":"GET URL REQ => http://localhost:6200/api/v1/adminRoutes/listSignUpUsers","timestamp":"2025-05-21T11:08:31.005Z"}
{"level":"info","message":"GET URL REQ => http://localhost:6200/api/v1/adminRoutes/listUserBookings","timestamp":"2025-05-21T11:08:32.209Z"}
{"level":"info","message":"GET URL REQ => http://localhost:6200/api/v1/adminRoutes/listUserBookings","timestamp":"2025-05-21T11:08:32.236Z"}
{"level":"info","message":"GET URL REQ => http://localhost:6200/api/v1/groundRoutes/listGround","timestamp":"2025-05-21T11:08:34.349Z"}
{"level":"info","message":"GET URL REQ => http://localhost:6200/api/v1/groundRoutes/listGround","timestamp":"2025-05-21T11:08:34.397Z"}
{"level":"info","message":"GET URL REQ => http://localhost:6200/api/v1/groundRoutes/listGround","timestamp":"2025-05-21T11:09:25.417Z"}
{"level":"info","message":"GET URL REQ => http://localhost:6200/api/v1/groundRoutes/listGround","timestamp":"2025-05-21T11:09:25.575Z"}
{"level":"info","message":"GET URL REQ => http://localhost:6200/api/v1/groundRoutes/listGround","timestamp":"2025-05-21T11:14:52.821Z"}
{"level":"info","message":"GET URL REQ => http://localhost:6200/api/v1/groundRoutes/listGround","timestamp":"2025-05-21T11:14:52.978Z"}
{"level":"info","message":"GET URL REQ => http://localhost:6200/api/v1/groundRoutes/listGround","timestamp":"2025-05-21T11:31:12.075Z"}
{"level":"info","message":"GET URL REQ => http://localhost:6200/api/v1/groundRoutes/listGround","timestamp":"2025-05-21T11:31:12.258Z"}
{"level":"info","message":"GET URL REQ => http://localhost:6200/api/v1/groundRoutes/listGround","timestamp":"2025-05-21T11:31:28.860Z"}
{"level":"info","message":"GET URL REQ => http://localhost:6200/api/v1/groundRoutes/listGround","timestamp":"2025-05-21T11:31:28.993Z"}
{"level":"info","message":"GET URL REQ => http://localhost:6200/api/v1/groundRoutes/listGround","timestamp":"2025-05-21T11:32:01.006Z"}
{"level":"info","message":"GET URL REQ => http://localhost:6200/api/v1/groundRoutes/listGround","timestamp":"2025-05-21T11:32:01.269Z"}
{"level":"info","message":"GET URL REQ => http://localhost:6200/api/v1/groundRoutes/listGround","timestamp":"2025-05-21T11:35:08.079Z"}
{"level":"info","message":"GET URL REQ => http://localhost:6200/api/v1/groundRoutes/listGround","timestamp":"2025-05-21T11:35:08.169Z"}
{"level":"info","message":"GET URL REQ => http://localhost:6200/api/v1/groundRoutes/listGround","timestamp":"2025-05-21T11:39:54.038Z"}
{"level":"info","message":"GET URL REQ => http://localhost:6200/api/v1/groundRoutes/listGround","timestamp":"2025-05-21T11:39:54.169Z"}
{"level":"info","message":"GET URL REQ => http://localhost:6200/api/v1/settingRoutes/listFeatures","timestamp":"2025-05-21T11:58:42.084Z"}
{"level":"info","message":"GET URL REQ => http://localhost:6200/api/v1/groundRoutes/listGround","timestamp":"2025-05-21T11:59:10.570Z"}
{"level":"info","message":"GET URL REQ => http://localhost:6200/api/v1/groundRoutes/listGround","timestamp":"2025-05-21T11:59:10.675Z"}
{"level":"info","message":"GET URL REQ => http://localhost:6200/api/v1/settingRoutes/listFeatures","timestamp":"2025-05-21T11:59:12.442Z"}
{"level":"info","message":"GET URL REQ => http://localhost:6200/api/v1/settingRoutes/listFeatures","timestamp":"2025-05-21T11:59:12.461Z"}
{"level":"info","message":"GET URL REQ => http://localhost:6200/api/v1/groundRoutes/listGround","timestamp":"2025-05-21T11:59:21.654Z"}
{"level":"info","message":"GET URL REQ => http://localhost:6200/api/v1/groundRoutes/listGround","timestamp":"2025-05-21T11:59:21.685Z"}
{"level":"info","message":"GET URL REQ => http://localhost:6200/api/v1/settingRoutes/listFeatures","timestamp":"2025-05-21T11:59:25.907Z"}
{"level":"info","message":"GET URL REQ => http://localhost:6200/api/v1/settingRoutes/listFeatures","timestamp":"2025-05-21T11:59:25.922Z"}
{"level":"info","message":"GET URL REQ => http://localhost:6200/api/v1/groundRoutes/listGround","timestamp":"2025-05-21T12:01:04.697Z"}
{"level":"info","message":"GET URL REQ => http://localhost:6200/api/v1/groundRoutes/listGround","timestamp":"2025-05-21T12:01:04.836Z"}
{"level":"info","message":"GET URL REQ => http://localhost:6200/api/v1/settingRoutes/listFeatures","timestamp":"2025-05-21T12:02:47.345Z"}
{"level":"info","message":"GET URL REQ => http://localhost:6200/api/v1/settingRoutes/listFeatures","timestamp":"2025-05-21T12:02:47.487Z"}
{"level":"info","message":"GET URL REQ => http://localhost:6200/api/v1/groundRoutes/listGround","timestamp":"2025-05-21T12:02:54.180Z"}
{"level":"info","message":"GET URL REQ => http://localhost:6200/api/v1/groundRoutes/listGround","timestamp":"2025-05-21T12:02:54.205Z"}
{"level":"info","message":"GET URL REQ => http://localhost:6200/api/v1/settingRoutes/listFeatures","timestamp":"2025-05-21T12:02:56.572Z"}
{"level":"info","message":"GET URL REQ => http://localhost:6200/api/v1/settingRoutes/listFeatures","timestamp":"2025-05-21T12:02:56.583Z"}
{"level":"info","message":"GET URL REQ => http://localhost:6200/api/v1/groundRoutes/listGround","timestamp":"2025-05-21T12:03:20.257Z"}
{"level":"info","message":"GET URL REQ => http://localhost:6200/api/v1/groundRoutes/listGround","timestamp":"2025-05-21T12:03:20.369Z"}
{"level":"info","message":"GET URL REQ => http://localhost:6200/api/v1/groundRoutes/listGround","timestamp":"2025-05-21T12:05:21.211Z"}
{"level":"info","message":"GET URL REQ => http://localhost:6200/api/v1/groundRoutes/listGround","timestamp":"2025-05-21T12:05:21.427Z"}
{"level":"info","message":"GET URL REQ => http://localhost:6200/api/v1/settingRoutes/listFeatures","timestamp":"2025-05-21T12:08:13.974Z"}
{"level":"info","message":"GET URL REQ => http://localhost:6200/api/v1/settingRoutes/listFeatures","timestamp":"2025-05-21T12:08:14.135Z"}
{"level":"info","message":"GET URL REQ => http://localhost:6200/api/v1/groundRoutes/listGround","timestamp":"2025-05-21T12:10:39.200Z"}
{"level":"info","message":"GET URL REQ => http://localhost:6200/api/v1/groundRoutes/listGround","timestamp":"2025-05-21T12:10:39.337Z"}
{"level":"info","message":"GET URL REQ => http://localhost:6200/api/v1/settingRoutes/listFeatures","timestamp":"2025-05-21T12:15:49.455Z"}
{"level":"info","message":"GET URL REQ => http://localhost:6200/api/v1/settingRoutes/listFeatures","timestamp":"2025-05-21T12:15:49.695Z"}
{"level":"info","message":"GET URL REQ => http://localhost:6200/api/v1/settingRoutes/listFeatures","timestamp":"2025-05-21T12:20:23.971Z"}
{"level":"info","message":"GET URL REQ => http://localhost:6200/api/v1/settingRoutes/listFeatures","timestamp":"2025-05-21T12:20:30.666Z"}
{"level":"info","message":"GET URL REQ => http://localhost:6200/api/v1/settingRoutes/listFeatures","timestamp":"2025-05-21T12:20:32.784Z"}
{"level":"info","message":"GET URL REQ => http://localhost:6200/api/v1/settingRoutes/listFeatures","timestamp":"2025-05-21T12:20:34.679Z"}
{"level":"info","message":"GET URL REQ => http://localhost:6200/api/v1/settingRoutes/listFeatures","timestamp":"2025-05-21T12:20:36.700Z"}
{"level":"info","message":"GET URL REQ => http://localhost:6200/api/v1/settingRoutes/listFeatures","timestamp":"2025-05-21T12:20:38.696Z"}
{"level":"info","message":"GET URL REQ => http://localhost:6200/api/v1/settingRoutes/listFeatures","timestamp":"2025-05-21T12:20:40.704Z"}
{"level":"info","message":"GET URL REQ => http://localhost:6200/api/v1/settingRoutes/listFeatures","timestamp":"2025-05-21T12:21:50.953Z"}
{"level":"info","message":"GET URL REQ => http://localhost:6200/api/v1/groundRoutes/listGround","timestamp":"2025-05-21T12:29:09.177Z"}
{"level":"info","message":"GET URL REQ => http://localhost:6200/api/v1/groundRoutes/listGround","timestamp":"2025-05-21T12:29:09.407Z"}
{"level":"info","message":"GET URL REQ => http://localhost:6200/api/v1/groundRoutes/listGround","timestamp":"2025-05-21T12:29:17.756Z"}
{"level":"info","message":"GET URL REQ => http://localhost:6200/api/v1/groundRoutes/listGround","timestamp":"2025-05-21T12:29:17.783Z"}
{"level":"info","message":"GET URL REQ => http://localhost:6200/api/v1/settingRoutes/listFeatures","timestamp":"2025-05-21T12:29:20.296Z"}
{"level":"info","message":"GET URL REQ => http://localhost:6200/api/v1/settingRoutes/listFeatures","timestamp":"2025-05-21T12:29:20.310Z"}
{"level":"info","message":"GET URL REQ => http://localhost:6200/api/v1/adminRoutes/listSignUpUsers","timestamp":"2025-05-21T12:29:26.072Z"}
{"level":"info","message":"GET URL REQ => http://localhost:6200/api/v1/adminRoutes/listSignUpUsers","timestamp":"2025-05-21T12:29:26.105Z"}
{"level":"info","message":"GET URL REQ => http://localhost:6200/api/v1/adminRoutes/listUserBookings","timestamp":"2025-05-21T12:29:27.353Z"}
{"level":"info","message":"GET URL REQ => http://localhost:6200/api/v1/adminRoutes/listUserBookings","timestamp":"2025-05-21T12:29:27.375Z"}
{"level":"info","message":"GET URL REQ => http://localhost:6200/api/v1/adminRoutes/listUserBookings","timestamp":"2025-05-21T12:29:30.341Z"}
{"level":"info","message":"GET URL REQ => http://localhost:6200/api/v1/adminRoutes/listUserBookings","timestamp":"2025-05-21T12:29:30.362Z"}
{"level":"info","message":"GET URL REQ => http://localhost:6200/api/v1/groundRoutes/listGround","timestamp":"2025-05-21T12:29:45.554Z"}
{"level":"info","message":"GET URL REQ => http://localhost:6200/api/v1/groundRoutes/listGround","timestamp":"2025-05-21T12:29:45.715Z"}
{"level":"info","message":"GET URL REQ => http://localhost:6200/api/v1/settingRoutes/listFeatures","timestamp":"2025-05-21T12:29:46.521Z"}
{"level":"info","message":"GET URL REQ => http://localhost:6200/api/v1/settingRoutes/listFeatures","timestamp":"2025-05-21T12:29:46.530Z"}
{"level":"info","message":"Server running --- from server.ts","timestamp":"2025-05-21T13:00:26.104Z"}
