{"level":"info","message":"Server running --- from server.ts","timestamp":"2025-05-13T05:24:36.119Z"}
{"level":"info","message":"GET URL REQ => http://localhost:6200/api/v1/settingRoutes/addUserGuidelines","timestamp":"2025-05-13T05:24:44.599Z"}
{"level":"error","message":"Server not running ---  New route /api/v1/settingRoutes/addUserGuidelines conflicts with existing /api/v1/settingRoutes/addUserGuidelines","name":"AssertError","stack":"AssertError: New route /api/v1/settingRoutes/addUserGuidelines conflicts with existing /api/v1/settingRoutes/addUserGuidelines\n    at module.exports.internals.Segment.internals.Segment.add (C:\\Users\\INDHU\\Desktop\\projects\\sports app\\node_modules\\@hapi\\call\\lib\\segment.js:47:14)\n    at exports.Router.internals.Router.internals.Router.add (C:\\Users\\INDHU\\Desktop\\projects\\sports app\\node_modules\\@hapi\\call\\lib\\index.js:65:16)\n    at internals.Server._addRoute (C:\\Users\\INDHU\\Desktop\\projects\\sports app\\node_modules\\@hapi\\hapi\\lib\\server.js:529:46)\n    at internals.Server.route (C:\\Users\\INDHU\\Desktop\\projects\\sports app\\node_modules\\@hapi\\hapi\\lib\\server.js:518:22)\n    at C:\\Users\\INDHU\\Desktop\\projects\\sports app\\src\\api\\settings\\routes.ts:13:14\n    at new Promise (<anonymous>)\n    at settingsRoutes.<anonymous> (C:\\Users\\INDHU\\Desktop\\projects\\sports app\\src\\api\\settings\\routes.ts:11:12)\n    at Generator.next (<anonymous>)\n    at C:\\Users\\INDHU\\Desktop\\projects\\sports app\\src\\api\\settings\\routes.ts:8:71\n    at new Promise (<anonymous>)","timestamp":"2025-05-13T05:25:21.982Z"}
{"level":"info","message":"Server running --- from server.ts","timestamp":"2025-05-13T05:25:27.062Z"}
{"level":"info","message":"Server running --- from server.ts","timestamp":"2025-05-13T05:26:02.729Z"}
{"level":"info","message":"Server running --- from server.ts","timestamp":"2025-05-13T05:26:18.170Z"}
{"level":"info","message":"Server running --- from server.ts","timestamp":"2025-05-13T05:26:32.971Z"}
{"level":"info","message":"Server running --- from server.ts","timestamp":"2025-05-13T05:26:53.304Z"}
{"level":"info","message":"Server running --- from server.ts","timestamp":"2025-05-13T05:27:14.254Z"}
{"level":"info","message":"Server running --- from server.ts","timestamp":"2025-05-13T05:28:06.711Z"}
{"level":"info","message":"Server running --- from server.ts","timestamp":"2025-05-13T05:28:50.625Z"}
{"level":"info","message":"Server running --- from server.ts","timestamp":"2025-05-13T05:30:04.320Z"}
{"level":"info","message":"Server running --- from server.ts","timestamp":"2025-05-13T05:30:15.106Z"}
{"level":"info","message":"Server running --- from server.ts","timestamp":"2025-05-13T05:30:19.566Z"}
{"level":"info","message":"GET URL REQ => http://localhost:6200/api/v1/settingRoutes/updateUserGuidelines","timestamp":"2025-05-13T05:31:11.637Z"}
{"level":"info","message":"Server running --- from server.ts","timestamp":"2025-05-13T05:33:19.918Z"}
{"level":"error","message":"Server not running ---  New route /api/v1/settingRoutes/updateUserGuidelines conflicts with existing /api/v1/settingRoutes/updateUserGuidelines","name":"AssertError","stack":"AssertError: New route /api/v1/settingRoutes/updateUserGuidelines conflicts with existing /api/v1/settingRoutes/updateUserGuidelines\n    at module.exports.internals.Segment.internals.Segment.add (C:\\Users\\INDHU\\Desktop\\projects\\sports app\\node_modules\\@hapi\\call\\lib\\segment.js:47:14)\n    at exports.Router.internals.Router.internals.Router.add (C:\\Users\\INDHU\\Desktop\\projects\\sports app\\node_modules\\@hapi\\call\\lib\\index.js:65:16)\n    at internals.Server._addRoute (C:\\Users\\INDHU\\Desktop\\projects\\sports app\\node_modules\\@hapi\\hapi\\lib\\server.js:529:46)\n    at internals.Server.route (C:\\Users\\INDHU\\Desktop\\projects\\sports app\\node_modules\\@hapi\\hapi\\lib\\server.js:518:22)\n    at C:\\Users\\INDHU\\Desktop\\projects\\sports app\\src\\api\\settings\\routes.ts:13:14\n    at new Promise (<anonymous>)\n    at settingsRoutes.<anonymous> (C:\\Users\\INDHU\\Desktop\\projects\\sports app\\src\\api\\settings\\routes.ts:11:12)\n    at Generator.next (<anonymous>)\n    at C:\\Users\\INDHU\\Desktop\\projects\\sports app\\src\\api\\settings\\routes.ts:8:71\n    at new Promise (<anonymous>)","timestamp":"2025-05-13T05:33:26.987Z"}
{"level":"info","message":"Server running --- from server.ts","timestamp":"2025-05-13T05:33:31.049Z"}
{"level":"info","message":"Server running --- from server.ts","timestamp":"2025-05-13T05:39:04.910Z"}
{"level":"info","message":"Server running --- from server.ts","timestamp":"2025-05-13T05:39:09.536Z"}
{"level":"info","message":"Server running --- from server.ts","timestamp":"2025-05-13T05:40:40.435Z"}
{"level":"info","message":"GET URL REQ => http://localhost:6200/api/v1/settingRoutes/deleteUserGuidelines","timestamp":"2025-05-13T05:41:00.669Z"}
{"level":"info","message":"Server running --- from server.ts","timestamp":"2025-05-13T05:42:25.652Z"}
{"level":"info","message":"GET URL REQ => http://localhost:6200/api/v1/settingRoutes/deleteUserGuidelines","timestamp":"2025-05-13T05:42:29.112Z"}
{"level":"info","message":"Server running --- from server.ts","timestamp":"2025-05-13T05:42:47.717Z"}
{"level":"info","message":"Server running --- from server.ts","timestamp":"2025-05-13T05:42:56.958Z"}
{"level":"info","message":"GET URL REQ => http://localhost:6200/api/v1/settingRoutes/deleteUserGuidelines","timestamp":"2025-05-13T05:43:06.276Z"}
{"level":"info","message":"Server running --- from server.ts","timestamp":"2025-05-13T05:43:24.463Z"}
{"level":"info","message":"GET URL REQ => http://localhost:6200/api/v1/settingRoutes/deleteUserGuidelines","timestamp":"2025-05-13T05:43:27.601Z"}
{"level":"info","message":"Server running --- from server.ts","timestamp":"2025-05-13T05:45:38.338Z"}
{"level":"info","message":"Server running --- from server.ts","timestamp":"2025-05-13T05:46:10.326Z"}
{"level":"info","message":"Server running --- from server.ts","timestamp":"2025-05-13T05:46:13.464Z"}
{"level":"info","message":"GET URL REQ => http://localhost:6200/api/v1/settingRoutes/deleteUserGuidelines","timestamp":"2025-05-13T05:46:45.348Z"}
{"level":"info","message":"Server running --- from server.ts","timestamp":"2025-05-13T05:47:47.701Z"}
{"level":"info","message":"GET URL REQ => http://localhost:6200/api/v1/settingRoutes/deleteUserGuidelines","timestamp":"2025-05-13T05:47:51.488Z"}
{"level":"info","message":"Server running --- from server.ts","timestamp":"2025-05-13T05:48:21.949Z"}
{"level":"info","message":"Server running --- from server.ts","timestamp":"2025-05-13T05:48:49.032Z"}
{"level":"info","message":"GET URL REQ => http://localhost:6200/api/v1/settingRoutes/deleteUserGuidelines","timestamp":"2025-05-13T05:49:08.160Z"}
{"level":"info","message":"Server running --- from server.ts","timestamp":"2025-05-13T05:49:33.309Z"}
{"level":"info","message":"GET URL REQ => http://localhost:6200/api/v1/settingRoutes/deleteUserGuidelines","timestamp":"2025-05-13T05:49:34.980Z"}
{"level":"info","message":"Server running --- from server.ts","timestamp":"2025-05-13T05:49:50.902Z"}
{"level":"info","message":"Server running --- from server.ts","timestamp":"2025-05-13T05:50:04.155Z"}
{"level":"info","message":"Server running --- from server.ts","timestamp":"2025-05-13T05:50:15.274Z"}
{"level":"info","message":"Server running --- from server.ts","timestamp":"2025-05-13T05:50:27.545Z"}
{"level":"info","message":"Server running --- from server.ts","timestamp":"2025-05-13T05:50:37.045Z"}
{"level":"info","message":"GET URL REQ => http://localhost:6200/api/v1/settingRoutes/deleteUserGuidelines","timestamp":"2025-05-13T05:50:37.932Z"}
{"level":"error","message":"Server not running ---  New route /api/v1/settingRoutes/updateUserGuidelines conflicts with existing /api/v1/settingRoutes/updateUserGuidelines","name":"AssertError","stack":"AssertError: New route /api/v1/settingRoutes/updateUserGuidelines conflicts with existing /api/v1/settingRoutes/updateUserGuidelines\n    at module.exports.internals.Segment.internals.Segment.add (C:\\Users\\INDHU\\Desktop\\projects\\sports app\\node_modules\\@hapi\\call\\lib\\segment.js:47:14)\n    at exports.Router.internals.Router.internals.Router.add (C:\\Users\\INDHU\\Desktop\\projects\\sports app\\node_modules\\@hapi\\call\\lib\\index.js:65:16)\n    at internals.Server._addRoute (C:\\Users\\INDHU\\Desktop\\projects\\sports app\\node_modules\\@hapi\\hapi\\lib\\server.js:529:46)\n    at internals.Server.route (C:\\Users\\INDHU\\Desktop\\projects\\sports app\\node_modules\\@hapi\\hapi\\lib\\server.js:518:22)\n    at C:\\Users\\INDHU\\Desktop\\projects\\sports app\\src\\api\\settings\\routes.ts:13:14\n    at new Promise (<anonymous>)\n    at settingsRoutes.<anonymous> (C:\\Users\\INDHU\\Desktop\\projects\\sports app\\src\\api\\settings\\routes.ts:11:12)\n    at Generator.next (<anonymous>)\n    at C:\\Users\\INDHU\\Desktop\\projects\\sports app\\src\\api\\settings\\routes.ts:8:71\n    at new Promise (<anonymous>)","timestamp":"2025-05-13T05:51:05.958Z"}
{"level":"info","message":"Server running --- from server.ts","timestamp":"2025-05-13T05:51:10.013Z"}
{"actual":false,"code":"ERR_ASSERTION","expected":true,"generatedMessage":false,"level":"error","message":"Server not running ---  Cannot validate HEAD or GET request payload: GET /api/v1/settingRoutes/listUserGuidelines","operator":"==","stack":"AssertionError [ERR_ASSERTION]: Cannot validate HEAD or GET request payload: GET /api/v1/settingRoutes/listUserGuidelines\n    at new module.exports.internals.Route (C:\\Users\\INDHU\\Desktop\\projects\\sports app\\node_modules\\@hapi\\hapi\\lib\\route.js:61:14)\n    at internals.Server._addRoute (C:\\Users\\INDHU\\Desktop\\projects\\sports app\\node_modules\\@hapi\\hapi\\lib\\server.js:525:23)\n    at internals.Server.route (C:\\Users\\INDHU\\Desktop\\projects\\sports app\\node_modules\\@hapi\\hapi\\lib\\server.js:518:22)\n    at C:\\Users\\INDHU\\Desktop\\projects\\sports app\\src\\api\\settings\\routes.ts:13:14\n    at new Promise (<anonymous>)\n    at settingsRoutes.<anonymous> (C:\\Users\\INDHU\\Desktop\\projects\\sports app\\src\\api\\settings\\routes.ts:11:12)\n    at Generator.next (<anonymous>)\n    at C:\\Users\\INDHU\\Desktop\\projects\\sports app\\src\\api\\settings\\routes.ts:8:71\n    at new Promise (<anonymous>)\n    at __awaiter (C:\\Users\\INDHU\\Desktop\\projects\\sports app\\src\\api\\settings\\routes.ts:4:12)","timestamp":"2025-05-13T05:51:17.875Z"}
{"level":"info","message":"Server running --- from server.ts","timestamp":"2025-05-13T05:52:11.947Z"}
{"level":"info","message":"Server running --- from server.ts","timestamp":"2025-05-13T05:52:27.099Z"}
{"level":"info","message":"Server running --- from server.ts","timestamp":"2025-05-13T05:52:37.027Z"}
{"level":"info","message":"Server running --- from server.ts","timestamp":"2025-05-13T05:53:11.989Z"}
{"level":"info","message":"Server running --- from server.ts","timestamp":"2025-05-13T05:53:27.833Z"}
{"level":"info","message":"Server running --- from server.ts","timestamp":"2025-05-13T05:54:01.061Z"}
{"level":"info","message":"Server running --- from server.ts","timestamp":"2025-05-13T05:54:32.183Z"}
{"level":"error","message":"Server not running ---  New route /api/v1/settingRoutes/deleteUserGuidelines conflicts with existing /api/v1/settingRoutes/deleteUserGuidelines","name":"AssertError","stack":"AssertError: New route /api/v1/settingRoutes/deleteUserGuidelines conflicts with existing /api/v1/settingRoutes/deleteUserGuidelines\n    at module.exports.internals.Segment.internals.Segment.add (C:\\Users\\INDHU\\Desktop\\projects\\sports app\\node_modules\\@hapi\\call\\lib\\segment.js:47:14)\n    at exports.Router.internals.Router.internals.Router.add (C:\\Users\\INDHU\\Desktop\\projects\\sports app\\node_modules\\@hapi\\call\\lib\\index.js:65:16)\n    at internals.Server._addRoute (C:\\Users\\INDHU\\Desktop\\projects\\sports app\\node_modules\\@hapi\\hapi\\lib\\server.js:529:46)\n    at internals.Server.route (C:\\Users\\INDHU\\Desktop\\projects\\sports app\\node_modules\\@hapi\\hapi\\lib\\server.js:518:22)\n    at C:\\Users\\INDHU\\Desktop\\projects\\sports app\\src\\api\\settings\\routes.ts:13:14\n    at new Promise (<anonymous>)\n    at settingsRoutes.<anonymous> (C:\\Users\\INDHU\\Desktop\\projects\\sports app\\src\\api\\settings\\routes.ts:11:12)\n    at Generator.next (<anonymous>)\n    at C:\\Users\\INDHU\\Desktop\\projects\\sports app\\src\\api\\settings\\routes.ts:8:71\n    at new Promise (<anonymous>)","timestamp":"2025-05-13T05:54:38.813Z"}
{"level":"error","message":"Server not running ---  New route /api/v1/settingRoutes/deleteUserGuidelines conflicts with existing /api/v1/settingRoutes/deleteUserGuidelines","name":"AssertError","stack":"AssertError: New route /api/v1/settingRoutes/deleteUserGuidelines conflicts with existing /api/v1/settingRoutes/deleteUserGuidelines\n    at module.exports.internals.Segment.internals.Segment.add (C:\\Users\\INDHU\\Desktop\\projects\\sports app\\node_modules\\@hapi\\call\\lib\\segment.js:47:14)\n    at exports.Router.internals.Router.internals.Router.add (C:\\Users\\INDHU\\Desktop\\projects\\sports app\\node_modules\\@hapi\\call\\lib\\index.js:65:16)\n    at internals.Server._addRoute (C:\\Users\\INDHU\\Desktop\\projects\\sports app\\node_modules\\@hapi\\hapi\\lib\\server.js:529:46)\n    at internals.Server.route (C:\\Users\\INDHU\\Desktop\\projects\\sports app\\node_modules\\@hapi\\hapi\\lib\\server.js:518:22)\n    at C:\\Users\\INDHU\\Desktop\\projects\\sports app\\src\\api\\settings\\routes.ts:13:14\n    at new Promise (<anonymous>)\n    at settingsRoutes.<anonymous> (C:\\Users\\INDHU\\Desktop\\projects\\sports app\\src\\api\\settings\\routes.ts:11:12)\n    at Generator.next (<anonymous>)\n    at C:\\Users\\INDHU\\Desktop\\projects\\sports app\\src\\api\\settings\\routes.ts:8:71\n    at new Promise (<anonymous>)","timestamp":"2025-05-13T06:13:47.251Z"}
{"level":"info","message":"Server running --- from server.ts","timestamp":"2025-05-13T06:24:03.859Z"}
{"level":"info","message":"Server running --- from server.ts","timestamp":"2025-05-13T06:24:14.167Z"}
{"level":"info","message":"Server running --- from server.ts","timestamp":"2025-05-13T06:26:25.104Z"}
{"level":"info","message":"Server running --- from server.ts","timestamp":"2025-05-13T06:26:31.298Z"}
{"level":"info","message":"GET URL REQ => http://localhost:6200/api/v1/settingRoutes/addFacilities","timestamp":"2025-05-13T06:26:37.991Z"}
{"level":"info","message":"GET URL REQ => http://localhost:6200/api/v1/settingRoutes/addFacilities","timestamp":"2025-05-13T06:26:56.201Z"}
{"level":"info","message":"GET URL REQ => http://localhost:6200/api/v1/settingRoutes/addFacilities","timestamp":"2025-05-13T06:27:11.801Z"}
{"level":"info","message":"Server running --- from server.ts","timestamp":"2025-05-13T06:27:51.993Z"}
{"level":"info","message":"Server running --- from server.ts","timestamp":"2025-05-13T06:28:06.531Z"}
{"level":"info","message":"Server running --- from server.ts","timestamp":"2025-05-13T06:28:20.957Z"}
{"level":"info","message":"Server running --- from server.ts","timestamp":"2025-05-13T06:29:03.090Z"}
{"level":"info","message":"Server running --- from server.ts","timestamp":"2025-05-13T06:29:13.067Z"}
{"level":"info","message":"Server running --- from server.ts","timestamp":"2025-05-13T06:29:43.144Z"}
{"level":"info","message":"Server running --- from server.ts","timestamp":"2025-05-13T06:30:30.693Z"}
{"level":"info","message":"Server running --- from server.ts","timestamp":"2025-05-13T06:30:53.772Z"}
{"level":"info","message":"Server running --- from server.ts","timestamp":"2025-05-13T06:31:07.629Z"}
{"level":"info","message":"Server running --- from server.ts","timestamp":"2025-05-13T06:31:12.497Z"}
{"level":"info","message":"Server running --- from server.ts","timestamp":"2025-05-13T06:31:16.487Z"}
{"level":"info","message":"Server running --- from server.ts","timestamp":"2025-05-13T06:33:25.823Z"}
{"level":"info","message":"GET URL REQ => http://localhost:6200/api/v1/settingRoutes/updateFacilities","timestamp":"2025-05-13T06:34:10.989Z"}
{"level":"info","message":"GET URL REQ => http://localhost:6200/api/v1/settingRoutes/updateFacilities","timestamp":"2025-05-13T06:34:25.087Z"}
{"level":"error","message":"Server not running ---  New route /api/v1/settingRoutes/updateFacilities conflicts with existing /api/v1/settingRoutes/updateFacilities","name":"AssertError","stack":"AssertError: New route /api/v1/settingRoutes/updateFacilities conflicts with existing /api/v1/settingRoutes/updateFacilities\n    at module.exports.internals.Segment.internals.Segment.add (C:\\Users\\INDHU\\Desktop\\projects\\sports app\\node_modules\\@hapi\\call\\lib\\segment.js:47:14)\n    at exports.Router.internals.Router.internals.Router.add (C:\\Users\\INDHU\\Desktop\\projects\\sports app\\node_modules\\@hapi\\call\\lib\\index.js:65:16)\n    at internals.Server._addRoute (C:\\Users\\INDHU\\Desktop\\projects\\sports app\\node_modules\\@hapi\\hapi\\lib\\server.js:529:46)\n    at internals.Server.route (C:\\Users\\INDHU\\Desktop\\projects\\sports app\\node_modules\\@hapi\\hapi\\lib\\server.js:518:22)\n    at C:\\Users\\INDHU\\Desktop\\projects\\sports app\\src\\api\\settings\\routes.ts:13:14\n    at new Promise (<anonymous>)\n    at settingsRoutes.<anonymous> (C:\\Users\\INDHU\\Desktop\\projects\\sports app\\src\\api\\settings\\routes.ts:11:12)\n    at Generator.next (<anonymous>)\n    at C:\\Users\\INDHU\\Desktop\\projects\\sports app\\src\\api\\settings\\routes.ts:8:71\n    at new Promise (<anonymous>)","timestamp":"2025-05-13T06:34:55.082Z"}
{"level":"info","message":"Server running --- from server.ts","timestamp":"2025-05-13T06:34:59.862Z"}
{"level":"info","message":"Server running --- from server.ts","timestamp":"2025-05-13T06:38:11.286Z"}
{"level":"info","message":"Server running --- from server.ts","timestamp":"2025-05-13T06:38:16.190Z"}
{"level":"info","message":"Server running --- from server.ts","timestamp":"2025-05-13T06:38:38.333Z"}
{"level":"info","message":"Server running --- from server.ts","timestamp":"2025-05-13T06:38:52.696Z"}
{"level":"info","message":"Server running --- from server.ts","timestamp":"2025-05-13T06:39:12.633Z"}
{"level":"info","message":"Server running --- from server.ts","timestamp":"2025-05-13T06:39:42.823Z"}
{"level":"info","message":"Server running --- from server.ts","timestamp":"2025-05-13T06:39:49.353Z"}
{"level":"info","message":"Server running --- from server.ts","timestamp":"2025-05-13T06:40:05.959Z"}
{"level":"info","message":"Server running --- from server.ts","timestamp":"2025-05-13T06:40:48.160Z"}
{"level":"info","message":"GET URL REQ => http://localhost:6200/api/v1/settingRoutes/deleteFacilities","timestamp":"2025-05-13T06:41:13.821Z"}
{"level":"info","message":"GET URL REQ => http://localhost:6200/api/v1/settingRoutes/deleteFacilities","timestamp":"2025-05-13T06:41:18.045Z"}
{"level":"info","message":"GET URL REQ => http://localhost:6200/api/v1/settingRoutes/deleteFacilities","timestamp":"2025-05-13T06:41:39.428Z"}
{"level":"error","message":"Server not running ---  New route /api/v1/settingRoutes/updateFacilities conflicts with existing /api/v1/settingRoutes/updateFacilities","name":"AssertError","stack":"AssertError: New route /api/v1/settingRoutes/updateFacilities conflicts with existing /api/v1/settingRoutes/updateFacilities\n    at module.exports.internals.Segment.internals.Segment.add (C:\\Users\\INDHU\\Desktop\\projects\\sports app\\node_modules\\@hapi\\call\\lib\\segment.js:47:14)\n    at exports.Router.internals.Router.internals.Router.add (C:\\Users\\INDHU\\Desktop\\projects\\sports app\\node_modules\\@hapi\\call\\lib\\index.js:65:16)\n    at internals.Server._addRoute (C:\\Users\\INDHU\\Desktop\\projects\\sports app\\node_modules\\@hapi\\hapi\\lib\\server.js:529:46)\n    at internals.Server.route (C:\\Users\\INDHU\\Desktop\\projects\\sports app\\node_modules\\@hapi\\hapi\\lib\\server.js:518:22)\n    at C:\\Users\\INDHU\\Desktop\\projects\\sports app\\src\\api\\settings\\routes.ts:13:14\n    at new Promise (<anonymous>)\n    at settingsRoutes.<anonymous> (C:\\Users\\INDHU\\Desktop\\projects\\sports app\\src\\api\\settings\\routes.ts:11:12)\n    at Generator.next (<anonymous>)\n    at C:\\Users\\INDHU\\Desktop\\projects\\sports app\\src\\api\\settings\\routes.ts:8:71\n    at new Promise (<anonymous>)","timestamp":"2025-05-13T06:42:33.428Z"}
{"level":"info","message":"Server running --- from server.ts","timestamp":"2025-05-13T06:42:38.196Z"}
{"level":"info","message":"Server running --- from server.ts","timestamp":"2025-05-13T06:43:09.027Z"}
{"level":"info","message":"Server running --- from server.ts","timestamp":"2025-05-13T06:43:15.811Z"}
{"level":"info","message":"Server running --- from server.ts","timestamp":"2025-05-13T06:43:20.278Z"}
{"level":"info","message":"Server running --- from server.ts","timestamp":"2025-05-13T06:43:44.132Z"}
{"level":"info","message":"Server running --- from server.ts","timestamp":"2025-05-13T07:02:55.263Z"}
{"level":"info","message":"Server running --- from server.ts","timestamp":"2025-05-13T07:03:07.837Z"}
{"level":"info","message":"Server running --- from server.ts","timestamp":"2025-05-13T07:03:43.868Z"}
{"level":"info","message":"Server running --- from server.ts","timestamp":"2025-05-13T07:04:04.426Z"}
{"level":"info","message":"Server running --- from server.ts","timestamp":"2025-05-13T07:04:34.586Z"}
{"level":"info","message":"Server running --- from server.ts","timestamp":"2025-05-13T07:04:39.650Z"}
{"level":"info","message":"Server running --- from server.ts","timestamp":"2025-05-13T07:05:05.486Z"}
{"level":"error","message":"Server not running ---  New route /api/v1/settingRoutes/deleteFacilities conflicts with existing /api/v1/settingRoutes/deleteFacilities","name":"AssertError","stack":"AssertError: New route /api/v1/settingRoutes/deleteFacilities conflicts with existing /api/v1/settingRoutes/deleteFacilities\n    at module.exports.internals.Segment.internals.Segment.add (C:\\Users\\INDHU\\Desktop\\projects\\sports app\\node_modules\\@hapi\\call\\lib\\segment.js:47:14)\n    at exports.Router.internals.Router.internals.Router.add (C:\\Users\\INDHU\\Desktop\\projects\\sports app\\node_modules\\@hapi\\call\\lib\\index.js:65:16)\n    at internals.Server._addRoute (C:\\Users\\INDHU\\Desktop\\projects\\sports app\\node_modules\\@hapi\\hapi\\lib\\server.js:529:46)\n    at internals.Server.route (C:\\Users\\INDHU\\Desktop\\projects\\sports app\\node_modules\\@hapi\\hapi\\lib\\server.js:518:22)\n    at C:\\Users\\INDHU\\Desktop\\projects\\sports app\\src\\api\\settings\\routes.ts:13:14\n    at new Promise (<anonymous>)\n    at settingsRoutes.<anonymous> (C:\\Users\\INDHU\\Desktop\\projects\\sports app\\src\\api\\settings\\routes.ts:11:12)\n    at Generator.next (<anonymous>)\n    at C:\\Users\\INDHU\\Desktop\\projects\\sports app\\src\\api\\settings\\routes.ts:8:71\n    at new Promise (<anonymous>)","timestamp":"2025-05-13T07:05:11.520Z"}
{"level":"info","message":"Server running --- from server.ts","timestamp":"2025-05-13T07:05:18.040Z"}
{"level":"info","message":"Server running --- from server.ts","timestamp":"2025-05-13T07:12:48.013Z"}
{"level":"info","message":"Server running --- from server.ts","timestamp":"2025-05-13T07:13:25.043Z"}
{"level":"info","message":"Server running --- from server.ts","timestamp":"2025-05-13T07:14:04.686Z"}
{"level":"info","message":"Server running --- from server.ts","timestamp":"2025-05-13T07:16:05.263Z"}
{"level":"info","message":"Server running --- from server.ts","timestamp":"2025-05-13T07:16:43.141Z"}
{"level":"info","message":"Server running --- from server.ts","timestamp":"2025-05-13T07:17:14.779Z"}
{"level":"info","message":"Server running --- from server.ts","timestamp":"2025-05-13T07:17:27.626Z"}
{"level":"info","message":"Server running --- from server.ts","timestamp":"2025-05-13T07:17:32.770Z"}
{"level":"info","message":"Server running --- from server.ts","timestamp":"2025-05-13T07:17:36.648Z"}
{"level":"info","message":"Server running --- from server.ts","timestamp":"2025-05-13T07:17:46.239Z"}
{"level":"info","message":"Server running --- from server.ts","timestamp":"2025-05-13T07:17:50.177Z"}
{"level":"info","message":"Server running --- from server.ts","timestamp":"2025-05-13T07:18:02.498Z"}
{"level":"info","message":"Server running --- from server.ts","timestamp":"2025-05-13T07:19:09.514Z"}
{"level":"info","message":"GET URL REQ => http://localhost:6200/api/v1/settingRoutes/addAdditionalTips","timestamp":"2025-05-13T07:19:15.341Z"}
{"level":"info","message":"GET URL REQ => http://localhost:6200/api/v1/settingRoutes/addAdditionalTips","timestamp":"2025-05-13T07:19:20.775Z"}
{"level":"info","message":"Server running --- from server.ts","timestamp":"2025-05-13T07:20:06.429Z"}
{"level":"error","message":"Server not running ---  New route /api/v1/settingRoutes/addAdditionalTips conflicts with existing /api/v1/settingRoutes/addAdditionalTips","name":"AssertError","stack":"AssertError: New route /api/v1/settingRoutes/addAdditionalTips conflicts with existing /api/v1/settingRoutes/addAdditionalTips\n    at module.exports.internals.Segment.internals.Segment.add (C:\\Users\\INDHU\\Desktop\\projects\\sports app\\node_modules\\@hapi\\call\\lib\\segment.js:47:14)\n    at exports.Router.internals.Router.internals.Router.add (C:\\Users\\INDHU\\Desktop\\projects\\sports app\\node_modules\\@hapi\\call\\lib\\index.js:65:16)\n    at internals.Server._addRoute (C:\\Users\\INDHU\\Desktop\\projects\\sports app\\node_modules\\@hapi\\hapi\\lib\\server.js:529:46)\n    at internals.Server.route (C:\\Users\\INDHU\\Desktop\\projects\\sports app\\node_modules\\@hapi\\hapi\\lib\\server.js:518:22)\n    at C:\\Users\\INDHU\\Desktop\\projects\\sports app\\src\\api\\settings\\routes.ts:13:14\n    at new Promise (<anonymous>)\n    at settingsRoutes.<anonymous> (C:\\Users\\INDHU\\Desktop\\projects\\sports app\\src\\api\\settings\\routes.ts:11:12)\n    at Generator.next (<anonymous>)\n    at C:\\Users\\INDHU\\Desktop\\projects\\sports app\\src\\api\\settings\\routes.ts:8:71\n    at new Promise (<anonymous>)","timestamp":"2025-05-13T07:20:11.738Z"}
{"level":"info","message":"Server running --- from server.ts","timestamp":"2025-05-13T07:20:16.880Z"}
{"level":"info","message":"Server running --- from server.ts","timestamp":"2025-05-13T07:20:57.287Z"}
{"level":"info","message":"Server running --- from server.ts","timestamp":"2025-05-13T07:21:14.928Z"}
{"level":"info","message":"Server running --- from server.ts","timestamp":"2025-05-13T07:21:18.082Z"}
{"level":"info","message":"Server running --- from server.ts","timestamp":"2025-05-13T07:21:33.841Z"}
{"level":"info","message":"Server running --- from server.ts","timestamp":"2025-05-13T07:22:10.476Z"}
{"level":"info","message":"Server running --- from server.ts","timestamp":"2025-05-13T07:23:07.080Z"}
{"level":"info","message":"Server running --- from server.ts","timestamp":"2025-05-13T07:23:24.915Z"}
{"level":"info","message":"Server running --- from server.ts","timestamp":"2025-05-13T07:23:48.649Z"}
{"level":"info","message":"Server running --- from server.ts","timestamp":"2025-05-13T07:24:23.551Z"}
{"level":"info","message":"Server running --- from server.ts","timestamp":"2025-05-13T07:25:02.116Z"}
{"level":"info","message":"Server running --- from server.ts","timestamp":"2025-05-13T07:25:11.941Z"}
{"level":"info","message":"Server running --- from server.ts","timestamp":"2025-05-13T07:25:22.426Z"}
{"level":"info","message":"Server running --- from server.ts","timestamp":"2025-05-13T07:25:46.994Z"}
{"level":"info","message":"GET URL REQ => http://localhost:6200/api/v1/settingRoutes/updateAdditionalTips","timestamp":"2025-05-13T07:26:22.246Z"}
{"level":"info","message":"Server running --- from server.ts","timestamp":"2025-05-13T07:27:11.889Z"}
{"level":"info","message":"GET URL REQ => http://localhost:6200/api/v1/settingRoutes/updateAdditionalTips","timestamp":"2025-05-13T07:27:31.727Z"}
{"level":"info","message":"Server running --- from server.ts","timestamp":"2025-05-13T07:28:17.462Z"}
{"level":"error","message":"Server not running ---  New route /api/v1/settingRoutes/updateAdditionalTips conflicts with existing /api/v1/settingRoutes/updateAdditionalTips","name":"AssertError","stack":"AssertError: New route /api/v1/settingRoutes/updateAdditionalTips conflicts with existing /api/v1/settingRoutes/updateAdditionalTips\n    at module.exports.internals.Segment.internals.Segment.add (C:\\Users\\INDHU\\Desktop\\projects\\sports app\\node_modules\\@hapi\\call\\lib\\segment.js:47:14)\n    at exports.Router.internals.Router.internals.Router.add (C:\\Users\\INDHU\\Desktop\\projects\\sports app\\node_modules\\@hapi\\call\\lib\\index.js:65:16)\n    at internals.Server._addRoute (C:\\Users\\INDHU\\Desktop\\projects\\sports app\\node_modules\\@hapi\\hapi\\lib\\server.js:529:46)\n    at internals.Server.route (C:\\Users\\INDHU\\Desktop\\projects\\sports app\\node_modules\\@hapi\\hapi\\lib\\server.js:518:22)\n    at C:\\Users\\INDHU\\Desktop\\projects\\sports app\\src\\api\\settings\\routes.ts:13:14\n    at new Promise (<anonymous>)\n    at settingsRoutes.<anonymous> (C:\\Users\\INDHU\\Desktop\\projects\\sports app\\src\\api\\settings\\routes.ts:11:12)\n    at Generator.next (<anonymous>)\n    at C:\\Users\\INDHU\\Desktop\\projects\\sports app\\src\\api\\settings\\routes.ts:8:71\n    at new Promise (<anonymous>)","timestamp":"2025-05-13T07:28:23.921Z"}
{"level":"info","message":"Server running --- from server.ts","timestamp":"2025-05-13T07:28:27.904Z"}
{"level":"info","message":"Server running --- from server.ts","timestamp":"2025-05-13T07:31:57.281Z"}
{"level":"info","message":"GET URL REQ => http://localhost:6200/api/v1/settingRoutes/deleteAdditionalTips","timestamp":"2025-05-13T07:32:25.446Z"}
{"level":"error","message":"Server not running ---  New route /api/v1/settingRoutes/deleteAdditionalTips conflicts with existing /api/v1/settingRoutes/deleteAdditionalTips","name":"AssertError","stack":"AssertError: New route /api/v1/settingRoutes/deleteAdditionalTips conflicts with existing /api/v1/settingRoutes/deleteAdditionalTips\n    at module.exports.internals.Segment.internals.Segment.add (C:\\Users\\INDHU\\Desktop\\projects\\sports app\\node_modules\\@hapi\\call\\lib\\segment.js:47:14)\n    at exports.Router.internals.Router.internals.Router.add (C:\\Users\\INDHU\\Desktop\\projects\\sports app\\node_modules\\@hapi\\call\\lib\\index.js:65:16)\n    at internals.Server._addRoute (C:\\Users\\INDHU\\Desktop\\projects\\sports app\\node_modules\\@hapi\\hapi\\lib\\server.js:529:46)\n    at internals.Server.route (C:\\Users\\INDHU\\Desktop\\projects\\sports app\\node_modules\\@hapi\\hapi\\lib\\server.js:518:22)\n    at C:\\Users\\INDHU\\Desktop\\projects\\sports app\\src\\api\\settings\\routes.ts:13:14\n    at new Promise (<anonymous>)\n    at settingsRoutes.<anonymous> (C:\\Users\\INDHU\\Desktop\\projects\\sports app\\src\\api\\settings\\routes.ts:11:12)\n    at Generator.next (<anonymous>)\n    at C:\\Users\\INDHU\\Desktop\\projects\\sports app\\src\\api\\settings\\routes.ts:8:71\n    at new Promise (<anonymous>)","timestamp":"2025-05-13T07:33:27.139Z"}
{"level":"info","message":"Server running --- from server.ts","timestamp":"2025-05-13T07:33:30.545Z"}
{"level":"info","message":"Server running --- from server.ts","timestamp":"2025-05-13T07:34:10.008Z"}
{"level":"info","message":"Server running --- from server.ts","timestamp":"2025-05-13T07:34:22.527Z"}
{"level":"info","message":"Server running --- from server.ts","timestamp":"2025-05-13T07:34:34.678Z"}
{"level":"info","message":"Server running --- from server.ts","timestamp":"2025-05-13T07:36:14.564Z"}
{"level":"info","message":"Server running --- from server.ts","timestamp":"2025-05-13T07:36:28.625Z"}
{"level":"info","message":"Server running --- from server.ts","timestamp":"2025-05-13T07:36:36.568Z"}
{"level":"info","message":"Server running --- from server.ts","timestamp":"2025-05-13T07:36:47.409Z"}
{"level":"info","message":"Server running --- from server.ts","timestamp":"2025-05-13T07:37:06.315Z"}
{"level":"info","message":"Server running --- from server.ts","timestamp":"2025-05-13T07:43:54.785Z"}
{"level":"info","message":"Server running --- from server.ts","timestamp":"2025-05-13T07:45:20.413Z"}
{"level":"error","message":"Server not running ---  New route /api/v1/settingRoutes/deleteAdditionalTips conflicts with existing /api/v1/settingRoutes/deleteAdditionalTips","name":"AssertError","stack":"AssertError: New route /api/v1/settingRoutes/deleteAdditionalTips conflicts with existing /api/v1/settingRoutes/deleteAdditionalTips\n    at module.exports.internals.Segment.internals.Segment.add (C:\\Users\\INDHU\\Desktop\\projects\\sports app\\node_modules\\@hapi\\call\\lib\\segment.js:47:14)\n    at exports.Router.internals.Router.internals.Router.add (C:\\Users\\INDHU\\Desktop\\projects\\sports app\\node_modules\\@hapi\\call\\lib\\index.js:65:16)\n    at internals.Server._addRoute (C:\\Users\\INDHU\\Desktop\\projects\\sports app\\node_modules\\@hapi\\hapi\\lib\\server.js:529:46)\n    at internals.Server.route (C:\\Users\\INDHU\\Desktop\\projects\\sports app\\node_modules\\@hapi\\hapi\\lib\\server.js:518:22)\n    at C:\\Users\\INDHU\\Desktop\\projects\\sports app\\src\\api\\settings\\routes.ts:13:14\n    at new Promise (<anonymous>)\n    at settingsRoutes.<anonymous> (C:\\Users\\INDHU\\Desktop\\projects\\sports app\\src\\api\\settings\\routes.ts:11:12)\n    at Generator.next (<anonymous>)\n    at C:\\Users\\INDHU\\Desktop\\projects\\sports app\\src\\api\\settings\\routes.ts:8:71\n    at new Promise (<anonymous>)","timestamp":"2025-05-13T07:45:25.367Z"}
{"level":"info","message":"Server running --- from server.ts","timestamp":"2025-05-13T07:45:34.649Z"}
{"level":"info","message":"Server running --- from server.ts","timestamp":"2025-05-13T07:45:41.047Z"}
{"level":"info","message":"Server running --- from server.ts","timestamp":"2025-05-13T08:00:47.551Z"}
{"level":"info","message":"Server running --- from server.ts","timestamp":"2025-05-13T09:12:25.322Z"}
{"level":"info","message":"Server running --- from server.ts","timestamp":"2025-05-13T09:12:46.302Z"}
{"level":"info","message":"Server running --- from server.ts","timestamp":"2025-05-13T09:16:25.217Z"}
{"level":"info","message":"Server running --- from server.ts","timestamp":"2025-05-13T09:16:43.860Z"}
{"level":"info","message":"Server running --- from server.ts","timestamp":"2025-05-13T09:16:50.293Z"}
{"level":"info","message":"Server running --- from server.ts","timestamp":"2025-05-13T09:18:27.041Z"}
{"level":"info","message":"Server running --- from server.ts","timestamp":"2025-05-13T09:18:45.775Z"}
{"level":"info","message":"Server running --- from server.ts","timestamp":"2025-05-13T09:18:54.117Z"}
{"level":"info","message":"GET URL REQ => http://localhost:6200/api/v1/settingRoutes/uploadFoodImage","timestamp":"2025-05-13T09:21:49.843Z"}
{"level":"info","message":"Server running --- from server.ts","timestamp":"2025-05-13T09:22:15.346Z"}
{"level":"error","message":"Server not running ---  New route /api/v1/settingRoutes/addFoodAndSnacks conflicts with existing /api/v1/settingRoutes/addFoodAndSnacks","name":"AssertError","stack":"AssertError: New route /api/v1/settingRoutes/addFoodAndSnacks conflicts with existing /api/v1/settingRoutes/addFoodAndSnacks\n    at module.exports.internals.Segment.internals.Segment.add (C:\\Users\\INDHU\\Desktop\\projects\\sports app\\node_modules\\@hapi\\call\\lib\\segment.js:47:14)\n    at exports.Router.internals.Router.internals.Router.add (C:\\Users\\INDHU\\Desktop\\projects\\sports app\\node_modules\\@hapi\\call\\lib\\index.js:65:16)\n    at internals.Server._addRoute (C:\\Users\\INDHU\\Desktop\\projects\\sports app\\node_modules\\@hapi\\hapi\\lib\\server.js:529:46)\n    at internals.Server.route (C:\\Users\\INDHU\\Desktop\\projects\\sports app\\node_modules\\@hapi\\hapi\\lib\\server.js:518:22)\n    at C:\\Users\\INDHU\\Desktop\\projects\\sports app\\src\\api\\settings\\routes.ts:13:14\n    at new Promise (<anonymous>)\n    at settingsRoutes.<anonymous> (C:\\Users\\INDHU\\Desktop\\projects\\sports app\\src\\api\\settings\\routes.ts:11:12)\n    at Generator.next (<anonymous>)\n    at C:\\Users\\INDHU\\Desktop\\projects\\sports app\\src\\api\\settings\\routes.ts:8:71\n    at new Promise (<anonymous>)","timestamp":"2025-05-13T09:22:22.494Z"}
{"level":"info","message":"Server running --- from server.ts","timestamp":"2025-05-13T09:22:35.304Z"}
{"level":"info","message":"Server running --- from server.ts","timestamp":"2025-05-13T09:23:15.482Z"}
{"level":"info","message":"Server running --- from server.ts","timestamp":"2025-05-13T09:23:38.262Z"}
{"level":"info","message":"Server running --- from server.ts","timestamp":"2025-05-13T09:23:50.689Z"}
{"level":"info","message":"Server running --- from server.ts","timestamp":"2025-05-13T09:24:10.030Z"}
{"level":"info","message":"Server running --- from server.ts","timestamp":"2025-05-13T09:24:34.092Z"}
{"level":"info","message":"Server running --- from server.ts","timestamp":"2025-05-13T09:26:26.620Z"}
{"level":"info","message":"Server running --- from server.ts","timestamp":"2025-05-13T09:29:17.568Z"}
{"level":"info","message":"Server running --- from server.ts","timestamp":"2025-05-13T09:29:55.479Z"}
{"level":"info","message":"Server running --- from server.ts","timestamp":"2025-05-13T09:30:34.161Z"}
{"level":"info","message":"GET URL REQ => http://localhost:6200/api/v1/settingRoutes/uploadFoodImage","timestamp":"2025-05-13T09:33:28.632Z"}
{"level":"info","message":"GET URL REQ => http://localhost:6200/api/v1/settingRoutes/deleteFoodImage","timestamp":"2025-05-13T09:34:40.851Z"}
{"level":"info","message":"Server running --- from server.ts","timestamp":"2025-05-13T09:38:48.055Z"}
{"level":"info","message":"Server running --- from server.ts","timestamp":"2025-05-13T09:39:10.917Z"}
{"level":"info","message":"Server running --- from server.ts","timestamp":"2025-05-13T09:39:24.786Z"}
{"level":"info","message":"Server running --- from server.ts","timestamp":"2025-05-13T09:41:03.662Z"}
{"level":"info","message":"Server running --- from server.ts","timestamp":"2025-05-13T09:41:12.121Z"}
{"level":"info","message":"Server running --- from server.ts","timestamp":"2025-05-13T09:42:04.057Z"}
{"level":"info","message":"Server running --- from server.ts","timestamp":"2025-05-13T09:42:49.705Z"}
{"level":"info","message":"Server running --- from server.ts","timestamp":"2025-05-13T09:43:43.463Z"}
{"level":"info","message":"GET URL REQ => http://localhost:6200/api/v1/settingRoutes/addFoodAndSnacks","timestamp":"2025-05-13T09:44:23.123Z"}
{"level":"error","message":"Server not running ---  New route /api/v1/settingRoutes/addFoodAndSnacks conflicts with existing /api/v1/settingRoutes/addFoodAndSnacks","name":"AssertError","stack":"AssertError: New route /api/v1/settingRoutes/addFoodAndSnacks conflicts with existing /api/v1/settingRoutes/addFoodAndSnacks\n    at module.exports.internals.Segment.internals.Segment.add (C:\\Users\\INDHU\\Desktop\\projects\\sports app\\node_modules\\@hapi\\call\\lib\\segment.js:47:14)\n    at exports.Router.internals.Router.internals.Router.add (C:\\Users\\INDHU\\Desktop\\projects\\sports app\\node_modules\\@hapi\\call\\lib\\index.js:65:16)\n    at internals.Server._addRoute (C:\\Users\\INDHU\\Desktop\\projects\\sports app\\node_modules\\@hapi\\hapi\\lib\\server.js:529:46)\n    at internals.Server.route (C:\\Users\\INDHU\\Desktop\\projects\\sports app\\node_modules\\@hapi\\hapi\\lib\\server.js:518:22)\n    at C:\\Users\\INDHU\\Desktop\\projects\\sports app\\src\\api\\settings\\routes.ts:13:14\n    at new Promise (<anonymous>)\n    at settingsRoutes.<anonymous> (C:\\Users\\INDHU\\Desktop\\projects\\sports app\\src\\api\\settings\\routes.ts:11:12)\n    at Generator.next (<anonymous>)\n    at C:\\Users\\INDHU\\Desktop\\projects\\sports app\\src\\api\\settings\\routes.ts:8:71\n    at new Promise (<anonymous>)","timestamp":"2025-05-13T09:45:02.935Z"}
{"level":"info","message":"Server running --- from server.ts","timestamp":"2025-05-13T09:46:20.593Z"}
{"level":"info","message":"GET URL REQ => http://localhost:6200/api/v1/settingRoutes/addFoodAndSnacks","timestamp":"2025-05-13T09:47:46.580Z"}
{"level":"info","message":"Server running --- from server.ts","timestamp":"2025-05-13T09:49:11.053Z"}
{"level":"info","message":"Server running --- from server.ts","timestamp":"2025-05-13T09:49:20.213Z"}
{"level":"info","message":"Server running --- from server.ts","timestamp":"2025-05-13T09:49:29.098Z"}
{"level":"info","message":"Server running --- from server.ts","timestamp":"2025-05-13T09:49:35.984Z"}
{"level":"info","message":"GET URL REQ => http://localhost:6200/api/v1/settingRoutes/addFoodAndSnacks","timestamp":"2025-05-13T09:49:39.728Z"}
{"level":"info","message":"Server running --- from server.ts","timestamp":"2025-05-13T09:50:56.013Z"}
{"level":"info","message":"GET URL REQ => http://localhost:6200/api/v1/settingRoutes/addFoodAndSnacks","timestamp":"2025-05-13T09:50:59.405Z"}
{"level":"info","message":"Server running --- from server.ts","timestamp":"2025-05-13T09:51:28.510Z"}
{"level":"info","message":"GET URL REQ => http://localhost:6200/api/v1/settingRoutes/addFoodAndSnacks","timestamp":"2025-05-13T09:51:31.426Z"}
{"level":"info","message":"Server running --- from server.ts","timestamp":"2025-05-13T09:52:16.871Z"}
{"level":"info","message":"Server running --- from server.ts","timestamp":"2025-05-13T09:52:37.408Z"}
{"level":"info","message":"Server running --- from server.ts","timestamp":"2025-05-13T09:52:46.496Z"}
{"level":"info","message":"GET URL REQ => http://localhost:6200/api/v1/settingRoutes/addFoodAndSnacks","timestamp":"2025-05-13T09:52:49.883Z"}
{"level":"info","message":"Server running --- from server.ts","timestamp":"2025-05-13T09:53:29.175Z"}
{"level":"info","message":"GET URL REQ => http://localhost:6200/api/v1/settingRoutes/addFoodAndSnacks","timestamp":"2025-05-13T09:53:33.360Z"}
{"level":"info","message":"Server running --- from server.ts","timestamp":"2025-05-13T09:54:07.511Z"}
{"level":"info","message":"GET URL REQ => http://localhost:6200/api/v1/settingRoutes/addFoodAndSnacks","timestamp":"2025-05-13T09:54:11.022Z"}
{"level":"info","message":"Server running --- from server.ts","timestamp":"2025-05-13T09:55:02.579Z"}
{"level":"info","message":"GET URL REQ => http://localhost:6200/api/v1/settingRoutes/addFoodAndSnacks","timestamp":"2025-05-13T09:55:09.079Z"}
{"level":"info","message":"Server running --- from server.ts","timestamp":"2025-05-13T09:55:25.805Z"}
{"level":"info","message":"Server running --- from server.ts","timestamp":"2025-05-13T09:55:34.080Z"}
{"level":"info","message":"Server running --- from server.ts","timestamp":"2025-05-13T09:56:03.441Z"}
{"level":"info","message":"Server running --- from server.ts","timestamp":"2025-05-13T09:56:42.143Z"}
{"level":"info","message":"Server running --- from server.ts","timestamp":"2025-05-13T09:56:53.277Z"}
{"level":"info","message":"Server running --- from server.ts","timestamp":"2025-05-13T09:57:02.641Z"}
{"level":"info","message":"Server running --- from server.ts","timestamp":"2025-05-13T09:57:32.307Z"}
{"level":"info","message":"Server running --- from server.ts","timestamp":"2025-05-13T09:57:50.820Z"}
{"level":"info","message":"Server running --- from server.ts","timestamp":"2025-05-13T09:58:00.630Z"}
{"level":"info","message":"Server running --- from server.ts","timestamp":"2025-05-13T10:05:32.232Z"}
{"level":"info","message":"GET URL REQ => http://localhost:6200/api/v1/settingRoutes/updateFoodAndSnacks","timestamp":"2025-05-13T10:06:15.283Z"}
{"level":"info","message":"Server running --- from server.ts","timestamp":"2025-05-13T10:08:15.171Z"}
{"level":"info","message":"GET URL REQ => http://localhost:6200/api/v1/settingRoutes/updateFoodAndSnacks","timestamp":"2025-05-13T10:08:19.644Z"}
{"level":"error","message":"Server not running ---  New route /api/v1/settingRoutes/updateFoodAndSnacks conflicts with existing /api/v1/settingRoutes/updateFoodAndSnacks","name":"AssertError","stack":"AssertError: New route /api/v1/settingRoutes/updateFoodAndSnacks conflicts with existing /api/v1/settingRoutes/updateFoodAndSnacks\n    at module.exports.internals.Segment.internals.Segment.add (C:\\Users\\INDHU\\Desktop\\projects\\sports app\\node_modules\\@hapi\\call\\lib\\segment.js:47:14)\n    at exports.Router.internals.Router.internals.Router.add (C:\\Users\\INDHU\\Desktop\\projects\\sports app\\node_modules\\@hapi\\call\\lib\\index.js:65:16)\n    at internals.Server._addRoute (C:\\Users\\INDHU\\Desktop\\projects\\sports app\\node_modules\\@hapi\\hapi\\lib\\server.js:529:46)\n    at internals.Server.route (C:\\Users\\INDHU\\Desktop\\projects\\sports app\\node_modules\\@hapi\\hapi\\lib\\server.js:518:22)\n    at C:\\Users\\INDHU\\Desktop\\projects\\sports app\\src\\api\\settings\\routes.ts:13:14\n    at new Promise (<anonymous>)\n    at settingsRoutes.<anonymous> (C:\\Users\\INDHU\\Desktop\\projects\\sports app\\src\\api\\settings\\routes.ts:11:12)\n    at Generator.next (<anonymous>)\n    at C:\\Users\\INDHU\\Desktop\\projects\\sports app\\src\\api\\settings\\routes.ts:8:71\n    at new Promise (<anonymous>)","timestamp":"2025-05-13T10:09:14.242Z"}
{"level":"info","message":"Server running --- from server.ts","timestamp":"2025-05-13T10:12:50.493Z"}
{"level":"info","message":"Server running --- from server.ts","timestamp":"2025-05-13T10:13:31.465Z"}
{"level":"info","message":"GET URL REQ => http://localhost:6200/api/v1/settingRoutes/deleteFoodAndSnacks","timestamp":"2025-05-13T10:13:44.200Z"}
{"level":"info","message":"Server running --- from server.ts","timestamp":"2025-05-13T10:15:12.402Z"}
{"level":"error","message":"Server not running ---  New route /api/v1/settingRoutes/deleteFoodAndSnacks conflicts with existing /api/v1/settingRoutes/deleteFoodAndSnacks","name":"AssertError","stack":"AssertError: New route /api/v1/settingRoutes/deleteFoodAndSnacks conflicts with existing /api/v1/settingRoutes/deleteFoodAndSnacks\n    at module.exports.internals.Segment.internals.Segment.add (C:\\Users\\INDHU\\Desktop\\projects\\sports app\\node_modules\\@hapi\\call\\lib\\segment.js:47:14)\n    at exports.Router.internals.Router.internals.Router.add (C:\\Users\\INDHU\\Desktop\\projects\\sports app\\node_modules\\@hapi\\call\\lib\\index.js:65:16)\n    at internals.Server._addRoute (C:\\Users\\INDHU\\Desktop\\projects\\sports app\\node_modules\\@hapi\\hapi\\lib\\server.js:529:46)\n    at internals.Server.route (C:\\Users\\INDHU\\Desktop\\projects\\sports app\\node_modules\\@hapi\\hapi\\lib\\server.js:518:22)\n    at C:\\Users\\INDHU\\Desktop\\projects\\sports app\\src\\api\\settings\\routes.ts:13:14\n    at new Promise (<anonymous>)\n    at settingsRoutes.<anonymous> (C:\\Users\\INDHU\\Desktop\\projects\\sports app\\src\\api\\settings\\routes.ts:11:12)\n    at Generator.next (<anonymous>)\n    at C:\\Users\\INDHU\\Desktop\\projects\\sports app\\src\\api\\settings\\routes.ts:8:71\n    at new Promise (<anonymous>)","timestamp":"2025-05-13T10:15:17.923Z"}
{"level":"info","message":"Server running --- from server.ts","timestamp":"2025-05-13T10:15:23.845Z"}
{"level":"info","message":"Server running --- from server.ts","timestamp":"2025-05-13T10:15:59.479Z"}
{"level":"info","message":"Server running --- from server.ts","timestamp":"2025-05-13T10:16:13.057Z"}
{"level":"info","message":"Server running --- from server.ts","timestamp":"2025-05-13T10:16:19.885Z"}
{"level":"info","message":"Server running --- from server.ts","timestamp":"2025-05-13T10:16:30.234Z"}
{"level":"info","message":"Server running --- from server.ts","timestamp":"2025-05-13T10:17:21.432Z"}
{"level":"info","message":"Server running --- from server.ts","timestamp":"2025-05-13T10:18:36.954Z"}
{"level":"info","message":"Server running --- from server.ts","timestamp":"2025-05-13T10:18:55.165Z"}
{"level":"info","message":"Server running --- from server.ts","timestamp":"2025-05-13T10:19:02.735Z"}
{"level":"info","message":"Server running --- from server.ts","timestamp":"2025-05-13T10:19:08.724Z"}
{"level":"info","message":"Server running --- from server.ts","timestamp":"2025-05-13T10:19:14.303Z"}
{"level":"info","message":"Server running --- from server.ts","timestamp":"2025-05-13T10:19:19.372Z"}
{"level":"info","message":"Server running --- from server.ts","timestamp":"2025-05-13T10:20:01.818Z"}
{"level":"info","message":"Server running --- from server.ts","timestamp":"2025-05-13T10:21:01.390Z"}
{"level":"info","message":"Server running --- from server.ts","timestamp":"2025-05-13T10:27:41.027Z"}
{"level":"info","message":"Server running --- from server.ts","timestamp":"2025-05-13T10:27:55.571Z"}
{"level":"info","message":"Server running --- from server.ts","timestamp":"2025-05-13T10:31:09.490Z"}
{"level":"info","message":"Server running --- from server.ts","timestamp":"2025-05-13T10:31:19.524Z"}
{"level":"info","message":"Server running --- from server.ts","timestamp":"2025-05-13T10:31:37.037Z"}
{"level":"info","message":"Server running --- from server.ts","timestamp":"2025-05-13T10:31:43.941Z"}
{"level":"info","message":"Server running --- from server.ts","timestamp":"2025-05-13T10:33:26.839Z"}
{"level":"info","message":"Server running --- from server.ts","timestamp":"2025-05-13T10:38:16.030Z"}
{"level":"info","message":"Server running --- from server.ts","timestamp":"2025-05-13T10:38:22.673Z"}
{"level":"info","message":"Server running --- from server.ts","timestamp":"2025-05-13T10:38:40.073Z"}
{"level":"info","message":"Server running --- from server.ts","timestamp":"2025-05-13T10:38:50.928Z"}
{"level":"info","message":"Server running --- from server.ts","timestamp":"2025-05-13T10:42:42.132Z"}
{"level":"info","message":"Server running --- from server.ts","timestamp":"2025-05-13T10:42:57.932Z"}
{"level":"info","message":"Server running --- from server.ts","timestamp":"2025-05-13T10:43:11.489Z"}
{"level":"info","message":"Server running --- from server.ts","timestamp":"2025-05-13T10:43:23.739Z"}
{"level":"info","message":"Server running --- from server.ts","timestamp":"2025-05-13T10:43:44.115Z"}
{"level":"info","message":"Server running --- from server.ts","timestamp":"2025-05-13T10:43:54.413Z"}
{"level":"info","message":"Server running --- from server.ts","timestamp":"2025-05-13T10:44:44.626Z"}
{"level":"info","message":"Server running --- from server.ts","timestamp":"2025-05-13T10:44:52.822Z"}
{"level":"info","message":"Server running --- from server.ts","timestamp":"2025-05-13T10:45:02.570Z"}
{"level":"info","message":"Server running --- from server.ts","timestamp":"2025-05-13T10:45:09.057Z"}
{"level":"info","message":"Server running --- from server.ts","timestamp":"2025-05-13T10:45:34.321Z"}
{"level":"info","message":"Server running --- from server.ts","timestamp":"2025-05-13T10:45:59.839Z"}
{"level":"info","message":"Server running --- from server.ts","timestamp":"2025-05-13T10:46:11.086Z"}
{"level":"info","message":"Server running --- from server.ts","timestamp":"2025-05-13T10:48:00.126Z"}
{"level":"info","message":"Server running --- from server.ts","timestamp":"2025-05-13T10:48:09.869Z"}
{"level":"info","message":"Server running --- from server.ts","timestamp":"2025-05-13T10:48:37.798Z"}
{"level":"info","message":"Server running --- from server.ts","timestamp":"2025-05-13T10:48:56.744Z"}
{"level":"info","message":"Server running --- from server.ts","timestamp":"2025-05-13T10:49:16.472Z"}
{"level":"info","message":"Server running --- from server.ts","timestamp":"2025-05-13T10:49:33.081Z"}
{"level":"info","message":"Server running --- from server.ts","timestamp":"2025-05-13T10:49:48.438Z"}
{"level":"info","message":"Server running --- from server.ts","timestamp":"2025-05-13T10:50:31.758Z"}
{"level":"info","message":"Server running --- from server.ts","timestamp":"2025-05-13T10:51:57.803Z"}
{"level":"info","message":"GET URL REQ => http://localhost:6200/api/v1/settingRoutes/addFoodCombo","timestamp":"2025-05-13T10:53:12.934Z"}
{"level":"info","message":"Server running --- from server.ts","timestamp":"2025-05-13T10:54:01.660Z"}
{"level":"info","message":"GET URL REQ => http://localhost:6200/api/v1/settingRoutes/addFoodCombo","timestamp":"2025-05-13T10:54:09.222Z"}
{"level":"info","message":"GET URL REQ => http://localhost:6200/api/v1/settingRoutes/addFoodCombo","timestamp":"2025-05-13T10:54:54.630Z"}
{"level":"info","message":"Server running --- from server.ts","timestamp":"2025-05-13T11:16:32.442Z"}
{"level":"info","message":"Server running --- from server.ts","timestamp":"2025-05-13T11:16:41.499Z"}
{"level":"info","message":"Server running --- from server.ts","timestamp":"2025-05-13T11:17:07.506Z"}
{"level":"info","message":"Server running --- from server.ts","timestamp":"2025-05-13T11:19:28.187Z"}
{"level":"info","message":"Server running --- from server.ts","timestamp":"2025-05-13T11:19:31.765Z"}
{"level":"info","message":"Server running --- from server.ts","timestamp":"2025-05-13T11:24:06.586Z"}
{"level":"info","message":"Server running --- from server.ts","timestamp":"2025-05-13T11:24:18.164Z"}
{"level":"info","message":"Server running --- from server.ts","timestamp":"2025-05-13T11:24:21.977Z"}
{"level":"info","message":"Server running --- from server.ts","timestamp":"2025-05-13T11:24:29.023Z"}
{"level":"info","message":"Server running --- from server.ts","timestamp":"2025-05-13T11:24:59.158Z"}
{"level":"info","message":"Server running --- from server.ts","timestamp":"2025-05-13T11:25:13.285Z"}
{"level":"info","message":"Server running --- from server.ts","timestamp":"2025-05-13T11:25:35.871Z"}
{"level":"info","message":"Server running --- from server.ts","timestamp":"2025-05-13T11:27:47.258Z"}
{"level":"info","message":"GET URL REQ => http://localhost:6200/api/v1/settingRoutes/updateFoodCombo","timestamp":"2025-05-13T11:27:55.275Z"}
{"level":"info","message":"Server running --- from server.ts","timestamp":"2025-05-13T11:28:31.416Z"}
{"level":"info","message":"Server running --- from server.ts","timestamp":"2025-05-13T11:28:41.490Z"}
{"level":"info","message":"Server running --- from server.ts","timestamp":"2025-05-13T11:28:47.526Z"}
{"level":"info","message":"Server running --- from server.ts","timestamp":"2025-05-13T11:28:59.359Z"}
{"level":"info","message":"GET URL REQ => http://localhost:6200/api/v1/settingRoutes/updateFoodCombo","timestamp":"2025-05-13T11:29:03.986Z"}
{"level":"info","message":"Server running --- from server.ts","timestamp":"2025-05-13T11:29:50.338Z"}
{"level":"info","message":"GET URL REQ => http://localhost:6200/api/v1/settingRoutes/updateFoodCombo","timestamp":"2025-05-13T11:30:05.752Z"}
{"level":"info","message":"Server running --- from server.ts","timestamp":"2025-05-13T11:30:31.261Z"}
{"level":"info","message":"Server running --- from server.ts","timestamp":"2025-05-13T11:31:57.480Z"}
{"level":"error","message":"Server not running ---  New route /api/v1/settingRoutes/updateFoodCombo conflicts with existing /api/v1/settingRoutes/updateFoodCombo","name":"AssertError","stack":"AssertError: New route /api/v1/settingRoutes/updateFoodCombo conflicts with existing /api/v1/settingRoutes/updateFoodCombo\n    at module.exports.internals.Segment.internals.Segment.add (C:\\Users\\INDHU\\Desktop\\projects\\sports app\\node_modules\\@hapi\\call\\lib\\segment.js:47:14)\n    at exports.Router.internals.Router.internals.Router.add (C:\\Users\\INDHU\\Desktop\\projects\\sports app\\node_modules\\@hapi\\call\\lib\\index.js:65:16)\n    at internals.Server._addRoute (C:\\Users\\INDHU\\Desktop\\projects\\sports app\\node_modules\\@hapi\\hapi\\lib\\server.js:529:46)\n    at internals.Server.route (C:\\Users\\INDHU\\Desktop\\projects\\sports app\\node_modules\\@hapi\\hapi\\lib\\server.js:518:22)\n    at C:\\Users\\INDHU\\Desktop\\projects\\sports app\\src\\api\\settings\\routes.ts:13:14\n    at new Promise (<anonymous>)\n    at settingsRoutes.<anonymous> (C:\\Users\\INDHU\\Desktop\\projects\\sports app\\src\\api\\settings\\routes.ts:11:12)\n    at Generator.next (<anonymous>)\n    at C:\\Users\\INDHU\\Desktop\\projects\\sports app\\src\\api\\settings\\routes.ts:8:71\n    at new Promise (<anonymous>)","timestamp":"2025-05-13T11:32:19.378Z"}
{"level":"info","message":"Server running --- from server.ts","timestamp":"2025-05-13T11:32:36.084Z"}
{"level":"info","message":"Server running --- from server.ts","timestamp":"2025-05-13T11:39:04.937Z"}
{"level":"info","message":"Server running --- from server.ts","timestamp":"2025-05-13T11:39:09.374Z"}
{"level":"info","message":"Server running --- from server.ts","timestamp":"2025-05-13T11:39:47.385Z"}
{"level":"info","message":"Server running --- from server.ts","timestamp":"2025-05-13T11:42:26.154Z"}
{"level":"info","message":"Server running --- from server.ts","timestamp":"2025-05-13T11:42:29.386Z"}
{"level":"info","message":"Server running --- from server.ts","timestamp":"2025-05-13T11:43:23.999Z"}
{"level":"info","message":"Server running --- from server.ts","timestamp":"2025-05-13T11:43:32.153Z"}
{"level":"info","message":"Server running --- from server.ts","timestamp":"2025-05-13T11:43:39.111Z"}
{"level":"info","message":"Server running --- from server.ts","timestamp":"2025-05-13T11:44:40.173Z"}
{"level":"info","message":"Server running --- from server.ts","timestamp":"2025-05-13T11:45:01.688Z"}
{"level":"info","message":"Server running --- from server.ts","timestamp":"2025-05-13T11:47:26.501Z"}
{"level":"info","message":"Server running --- from server.ts","timestamp":"2025-05-13T11:47:37.124Z"}
{"level":"info","message":"Server running --- from server.ts","timestamp":"2025-05-13T11:47:46.334Z"}
{"level":"info","message":"GET URL REQ => http://localhost:6200/api/v1/settingRoutes/addFoodAndSnacks","timestamp":"2025-05-13T11:57:22.975Z"}
{"level":"info","message":"GET URL REQ => http://localhost:6200/api/v1/settingRoutes/updateFoodAndSnacks","timestamp":"2025-05-13T12:00:18.954Z"}
{"level":"info","message":"Server running --- from server.ts","timestamp":"2025-05-13T12:02:00.113Z"}
{"level":"info","message":"Server running --- from server.ts","timestamp":"2025-05-13T12:02:04.594Z"}
{"level":"info","message":"GET URL REQ => http://localhost:6200/api/v1/settingRoutes/deleteFoodCombo","timestamp":"2025-05-13T12:02:53.289Z"}
{"level":"info","message":"Server running --- from server.ts","timestamp":"2025-05-13T12:04:48.600Z"}
{"actual":false,"code":"ERR_ASSERTION","expected":true,"generatedMessage":false,"level":"error","message":"Server not running ---  Cannot validate HEAD or GET request payload: GET /api/v1/settingRoutes/deleteFoodCombo","operator":"==","stack":"AssertionError [ERR_ASSERTION]: Cannot validate HEAD or GET request payload: GET /api/v1/settingRoutes/deleteFoodCombo\n    at new module.exports.internals.Route (C:\\Users\\INDHU\\Desktop\\projects\\sports app\\node_modules\\@hapi\\hapi\\lib\\route.js:61:14)\n    at internals.Server._addRoute (C:\\Users\\INDHU\\Desktop\\projects\\sports app\\node_modules\\@hapi\\hapi\\lib\\server.js:525:23)\n    at internals.Server.route (C:\\Users\\INDHU\\Desktop\\projects\\sports app\\node_modules\\@hapi\\hapi\\lib\\server.js:518:22)\n    at C:\\Users\\INDHU\\Desktop\\projects\\sports app\\src\\api\\settings\\routes.ts:13:14\n    at new Promise (<anonymous>)\n    at settingsRoutes.<anonymous> (C:\\Users\\INDHU\\Desktop\\projects\\sports app\\src\\api\\settings\\routes.ts:11:12)\n    at Generator.next (<anonymous>)\n    at C:\\Users\\INDHU\\Desktop\\projects\\sports app\\src\\api\\settings\\routes.ts:8:71\n    at new Promise (<anonymous>)\n    at __awaiter (C:\\Users\\INDHU\\Desktop\\projects\\sports app\\src\\api\\settings\\routes.ts:4:12)","timestamp":"2025-05-13T12:05:02.598Z"}
{"actual":false,"code":"ERR_ASSERTION","expected":true,"generatedMessage":false,"level":"error","message":"Server not running ---  Cannot validate HEAD or GET request payload: GET /api/v1/settingRoutes/listFoodCombo","operator":"==","stack":"AssertionError [ERR_ASSERTION]: Cannot validate HEAD or GET request payload: GET /api/v1/settingRoutes/listFoodCombo\n    at new module.exports.internals.Route (C:\\Users\\INDHU\\Desktop\\projects\\sports app\\node_modules\\@hapi\\hapi\\lib\\route.js:61:14)\n    at internals.Server._addRoute (C:\\Users\\INDHU\\Desktop\\projects\\sports app\\node_modules\\@hapi\\hapi\\lib\\server.js:525:23)\n    at internals.Server.route (C:\\Users\\INDHU\\Desktop\\projects\\sports app\\node_modules\\@hapi\\hapi\\lib\\server.js:518:22)\n    at C:\\Users\\INDHU\\Desktop\\projects\\sports app\\src\\api\\settings\\routes.ts:13:14\n    at new Promise (<anonymous>)\n    at settingsRoutes.<anonymous> (C:\\Users\\INDHU\\Desktop\\projects\\sports app\\src\\api\\settings\\routes.ts:11:12)\n    at Generator.next (<anonymous>)\n    at C:\\Users\\INDHU\\Desktop\\projects\\sports app\\src\\api\\settings\\routes.ts:8:71\n    at new Promise (<anonymous>)\n    at __awaiter (C:\\Users\\INDHU\\Desktop\\projects\\sports app\\src\\api\\settings\\routes.ts:4:12)","timestamp":"2025-05-13T12:05:07.185Z"}
{"level":"info","message":"Server running --- from server.ts","timestamp":"2025-05-13T12:08:26.695Z"}
{"level":"error","message":"Server not running ---  New route /api/v1/settingRoutes/listFoodCombo conflicts with existing /api/v1/settingRoutes/listFoodCombo","name":"AssertError","stack":"AssertError: New route /api/v1/settingRoutes/listFoodCombo conflicts with existing /api/v1/settingRoutes/listFoodCombo\n    at module.exports.internals.Segment.internals.Segment.add (C:\\Users\\INDHU\\Desktop\\projects\\sports app\\node_modules\\@hapi\\call\\lib\\segment.js:47:14)\n    at exports.Router.internals.Router.internals.Router.add (C:\\Users\\INDHU\\Desktop\\projects\\sports app\\node_modules\\@hapi\\call\\lib\\index.js:65:16)\n    at internals.Server._addRoute (C:\\Users\\INDHU\\Desktop\\projects\\sports app\\node_modules\\@hapi\\hapi\\lib\\server.js:529:46)\n    at internals.Server.route (C:\\Users\\INDHU\\Desktop\\projects\\sports app\\node_modules\\@hapi\\hapi\\lib\\server.js:518:22)\n    at C:\\Users\\INDHU\\Desktop\\projects\\sports app\\src\\api\\settings\\routes.ts:13:14\n    at new Promise (<anonymous>)\n    at settingsRoutes.<anonymous> (C:\\Users\\INDHU\\Desktop\\projects\\sports app\\src\\api\\settings\\routes.ts:11:12)\n    at Generator.next (<anonymous>)\n    at C:\\Users\\INDHU\\Desktop\\projects\\sports app\\src\\api\\settings\\routes.ts:8:71\n    at new Promise (<anonymous>)","timestamp":"2025-05-13T12:08:32.552Z"}
{"level":"info","message":"Server running --- from server.ts","timestamp":"2025-05-13T12:10:32.432Z"}
{"level":"info","message":"Server running --- from server.ts","timestamp":"2025-05-13T12:10:54.808Z"}
{"level":"info","message":"Server running --- from server.ts","timestamp":"2025-05-13T12:12:07.464Z"}
{"level":"info","message":"Server running --- from server.ts","timestamp":"2025-05-13T12:34:23.711Z"}
{"level":"info","message":"Server running --- from server.ts","timestamp":"2025-05-13T12:36:10.518Z"}
{"level":"info","message":"Server running --- from server.ts","timestamp":"2025-05-13T12:38:01.931Z"}
{"level":"info","message":"Server running --- from server.ts","timestamp":"2025-05-13T12:53:45.513Z"}
