{"level":"info","message":"Server running --- from server.ts","timestamp":"2025-05-23T06:36:48.997Z"}
{"level":"info","message":"GET URL REQ => http://localhost:6200/api/v1/groundRoutes/listGround","timestamp":"2025-05-23T06:37:38.391Z"}
{"level":"info","message":"GET URL REQ => http://localhost:6200/api/v1/groundRoutes/listGround","timestamp":"2025-05-23T06:37:38.723Z"}
{"level":"info","message":"GET URL REQ => http://localhost:6200/api/v1/groundRoutes/listGround","timestamp":"2025-05-23T06:37:45.300Z"}
{"level":"info","message":"GET URL REQ => http://localhost:6200/api/v1/groundRoutes/listGround","timestamp":"2025-05-23T06:37:45.319Z"}
{"level":"info","message":"GET URL REQ => http://localhost:6200/api/v1/settingRoutes/listFeatures","timestamp":"2025-05-23T06:37:55.793Z"}
{"level":"info","message":"GET URL REQ => http://localhost:6200/api/v1/settingRoutes/listFeatures","timestamp":"2025-05-23T06:37:55.903Z"}
{"level":"info","message":"GET URL REQ => http://localhost:6200/api/v1/adminRoutes/userLogin","timestamp":"2025-05-23T06:38:29.400Z"}
{"level":"info","message":"GET URL REQ => http://localhost:6200/api/v1/groundRoutes/listGround","timestamp":"2025-05-23T06:38:30.544Z"}
{"level":"info","message":"GET URL REQ => http://localhost:6200/api/v1/groundRoutes/listGround","timestamp":"2025-05-23T06:38:30.569Z"}
{"level":"info","message":"GET URL REQ => http://localhost:6200/api/v1/groundRoutes/listGround","timestamp":"2025-05-23T06:38:42.909Z"}
{"level":"info","message":"GET URL REQ => http://localhost:6200/api/v1/groundRoutes/listGround","timestamp":"2025-05-23T06:38:42.986Z"}
{"level":"info","message":"GET URL REQ => http://localhost:6200/api/v1/settingRoutes/listFeatures","timestamp":"2025-05-23T06:40:27.781Z"}
{"level":"info","message":"GET URL REQ => http://localhost:6200/api/v1/settingRoutes/listFeatures","timestamp":"2025-05-23T06:40:27.907Z"}
{"level":"info","message":"GET URL REQ => http://localhost:6200/api/v1/groundRoutes/listGround","timestamp":"2025-05-23T07:03:09.549Z"}
{"level":"info","message":"GET URL REQ => http://localhost:6200/api/v1/groundRoutes/listGround","timestamp":"2025-05-23T07:03:09.735Z"}
{"level":"info","message":"GET URL REQ => http://localhost:6200/api/v1/settingRoutes/listSportCategory","timestamp":"2025-05-23T07:10:58.956Z"}
{"level":"info","message":"GET URL REQ => http://localhost:6200/api/v1/settingRoutes/listSportCategory","timestamp":"2025-05-23T07:10:59.078Z"}
{"level":"info","message":"GET URL REQ => http://localhost:6200/api/v1/groundRoutes/listGround","timestamp":"2025-05-23T07:11:10.368Z"}
{"level":"info","message":"GET URL REQ => http://localhost:6200/api/v1/groundRoutes/listGround","timestamp":"2025-05-23T07:11:10.488Z"}
{"level":"info","message":"GET URL REQ => http://localhost:6200/api/v1/settingRoutes/listSportCategory","timestamp":"2025-05-23T07:11:13.160Z"}
{"level":"info","message":"GET URL REQ => http://localhost:6200/api/v1/settingRoutes/listSportCategory","timestamp":"2025-05-23T07:11:13.171Z"}
{"level":"info","message":"GET URL REQ => http://localhost:6200/api/v1/settingRoutes/listSportCategory","timestamp":"2025-05-23T07:17:12.591Z"}
{"level":"info","message":"GET URL REQ => http://localhost:6200/api/v1/groundRoutes/listGround","timestamp":"2025-05-23T07:17:24.289Z"}
{"level":"info","message":"GET URL REQ => http://localhost:6200/api/v1/groundRoutes/listGround","timestamp":"2025-05-23T07:17:24.370Z"}
{"level":"info","message":"GET URL REQ => http://localhost:6200/api/v1/groundRoutes/listGround","timestamp":"2025-05-23T07:17:42.287Z"}
{"level":"info","message":"GET URL REQ => http://localhost:6200/api/v1/groundRoutes/listGround","timestamp":"2025-05-23T07:17:42.369Z"}
{"level":"info","message":"GET URL REQ => http://localhost:6200/api/v1/settingRoutes/listFeatures","timestamp":"2025-05-23T07:18:53.080Z"}
{"level":"info","message":"GET URL REQ => http://localhost:6200/api/v1/settingRoutes/listFeatures","timestamp":"2025-05-23T07:18:53.418Z"}
{"level":"info","message":"GET URL REQ => http://localhost:6200/api/v1/settingRoutes/listFeatures","timestamp":"2025-05-23T07:19:42.518Z"}
{"level":"info","message":"GET URL REQ => http://localhost:6200/api/v1/settingRoutes/listFeatures","timestamp":"2025-05-23T07:19:44.226Z"}
{"level":"info","message":"GET URL REQ => http://localhost:6200/api/v1/settingRoutes/listFeatures","timestamp":"2025-05-23T07:19:45.224Z"}
{"level":"info","message":"GET URL REQ => http://localhost:6200/api/v1/settingRoutes/listFeatures","timestamp":"2025-05-23T07:21:56.552Z"}
{"level":"info","message":"GET URL REQ => http://localhost:6200/api/v1/settingRoutes/listFeatures","timestamp":"2025-05-23T07:21:56.720Z"}
{"level":"info","message":"GET URL REQ => http://localhost:6200/api/v1/settingRoutes/listFeatures","timestamp":"2025-05-23T07:21:59.159Z"}
{"level":"info","message":"GET URL REQ => http://localhost:6200/api/v1/settingRoutes/listFeatures","timestamp":"2025-05-23T07:21:59.176Z"}
{"level":"info","message":"GET URL REQ => http://localhost:6200/api/v1/groundRoutes/listGround","timestamp":"2025-05-23T07:22:39.304Z"}
{"level":"info","message":"GET URL REQ => http://localhost:6200/api/v1/groundRoutes/listGround","timestamp":"2025-05-23T07:22:39.446Z"}
{"level":"info","message":"GET URL REQ => http://localhost:6200/api/v1/settingRoutes/listFeatures","timestamp":"2025-05-23T07:26:18.976Z"}
{"level":"info","message":"GET URL REQ => http://localhost:6200/api/v1/settingRoutes/listFeatures","timestamp":"2025-05-23T07:26:19.148Z"}
{"level":"info","message":"GET URL REQ => http://localhost:6200/api/v1/settingRoutes/listFeatures","timestamp":"2025-05-23T07:26:19.165Z"}
{"level":"info","message":"GET URL REQ => http://localhost:6200/api/v1/settingRoutes/listFeatures","timestamp":"2025-05-23T07:26:19.178Z"}
{"level":"info","message":"GET URL REQ => http://localhost:6200/api/v1/settingRoutes/listFeatures","timestamp":"2025-05-23T07:26:25.979Z"}
{"level":"info","message":"GET URL REQ => http://localhost:6200/api/v1/settingRoutes/listFeatures","timestamp":"2025-05-23T07:26:25.990Z"}
{"level":"info","message":"GET URL REQ => http://localhost:6200/api/v1/settingRoutes/listFeatures","timestamp":"2025-05-23T07:26:25.997Z"}
{"level":"info","message":"GET URL REQ => http://localhost:6200/api/v1/settingRoutes/listFeatures","timestamp":"2025-05-23T07:26:26.006Z"}
{"level":"info","message":"GET URL REQ => http://localhost:6200/api/v1/groundRoutes/listGround","timestamp":"2025-05-23T07:28:19.566Z"}
{"level":"info","message":"GET URL REQ => http://localhost:6200/api/v1/groundRoutes/listGround","timestamp":"2025-05-23T07:28:19.693Z"}
{"level":"info","message":"GET URL REQ => http://localhost:6200/api/v1/settingRoutes/listFeatures","timestamp":"2025-05-23T07:28:31.529Z"}
{"level":"info","message":"GET URL REQ => http://localhost:6200/api/v1/settingRoutes/listFeatures","timestamp":"2025-05-23T07:28:31.606Z"}
{"level":"info","message":"GET URL REQ => http://localhost:6200/api/v1/settingRoutes/listFeatures","timestamp":"2025-05-23T07:28:31.620Z"}
{"level":"info","message":"GET URL REQ => http://localhost:6200/api/v1/settingRoutes/listFeatures","timestamp":"2025-05-23T07:28:31.635Z"}
{"level":"info","message":"GET URL REQ => http://localhost:6200/api/v1/settingRoutes/listFeatures","timestamp":"2025-05-23T07:29:39.882Z"}
{"level":"info","message":"GET URL REQ => http://localhost:6200/api/v1/settingRoutes/listFeatures","timestamp":"2025-05-23T07:29:40.041Z"}
{"level":"info","message":"GET URL REQ => http://localhost:6200/api/v1/settingRoutes/listFeatures","timestamp":"2025-05-23T07:29:40.061Z"}
{"level":"info","message":"GET URL REQ => http://localhost:6200/api/v1/settingRoutes/listFeatures","timestamp":"2025-05-23T07:29:40.081Z"}
{"level":"info","message":"GET URL REQ => http://localhost:6200/api/v1/settingRoutes/listFeatures","timestamp":"2025-05-23T07:30:12.943Z"}
{"level":"info","message":"GET URL REQ => http://localhost:6200/api/v1/settingRoutes/listFeatures","timestamp":"2025-05-23T07:30:13.024Z"}
{"level":"info","message":"GET URL REQ => http://localhost:6200/api/v1/settingRoutes/listFeatures","timestamp":"2025-05-23T07:30:13.036Z"}
{"level":"info","message":"GET URL REQ => http://localhost:6200/api/v1/settingRoutes/listFeatures","timestamp":"2025-05-23T07:30:13.051Z"}
{"level":"info","message":"GET URL REQ => http://localhost:6200/api/v1/groundRoutes/listGround","timestamp":"2025-05-23T07:31:09.222Z"}
{"level":"info","message":"GET URL REQ => http://localhost:6200/api/v1/groundRoutes/listGround","timestamp":"2025-05-23T07:31:09.357Z"}
{"level":"info","message":"GET URL REQ => http://localhost:6200/api/v1/settingRoutes/listFeatures","timestamp":"2025-05-23T07:31:13.064Z"}
{"level":"info","message":"GET URL REQ => http://localhost:6200/api/v1/settingRoutes/listSportCategory","timestamp":"2025-05-23T07:31:13.073Z"}
{"level":"info","message":"GET URL REQ => http://localhost:6200/api/v1/settingRoutes/listFeatures","timestamp":"2025-05-23T07:31:13.085Z"}
{"level":"info","message":"GET URL REQ => http://localhost:6200/api/v1/settingRoutes/listSportCategory","timestamp":"2025-05-23T07:31:13.174Z"}
{"level":"info","message":"GET URL REQ => http://localhost:6200/api/v1/groundRoutes/listGround","timestamp":"2025-05-23T07:44:25.223Z"}
{"level":"info","message":"GET URL REQ => http://localhost:6200/api/v1/groundRoutes/listGround","timestamp":"2025-05-23T07:44:25.376Z"}
{"level":"info","message":"GET URL REQ => http://localhost:6200/api/v1/groundRoutes/listGround","timestamp":"2025-05-23T07:44:34.135Z"}
{"level":"info","message":"GET URL REQ => http://localhost:6200/api/v1/groundRoutes/listGround","timestamp":"2025-05-23T07:49:25.337Z"}
{"level":"info","message":"GET URL REQ => http://localhost:6200/api/v1/groundRoutes/listGround","timestamp":"2025-05-23T07:49:25.457Z"}
{"level":"info","message":"GET URL REQ => http://localhost:6200/api/v1/groundRoutes/listGround","timestamp":"2025-05-23T07:54:55.061Z"}
{"level":"info","message":"GET URL REQ => http://localhost:6200/api/v1/groundRoutes/listGround","timestamp":"2025-05-23T07:54:55.206Z"}
{"level":"info","message":"GET URL REQ => http://localhost:6200/api/v1/groundRoutes/listGround","timestamp":"2025-05-23T08:45:41.367Z"}
{"level":"info","message":"GET URL REQ => http://localhost:6200/api/v1/groundRoutes/listGround","timestamp":"2025-05-23T08:45:42.033Z"}
{"level":"info","message":"Server running --- from server.ts","timestamp":"2025-05-23T08:47:52.175Z"}
{"level":"info","message":"GET URL REQ => http://localhost:6200/api/v1/settingRoutes/listSportCategory","timestamp":"2025-05-23T08:47:58.244Z"}
{"level":"info","message":"GET URL REQ => http://localhost:6200/api/v1/settingRoutes/listSportCategory","timestamp":"2025-05-23T08:47:58.416Z"}
{"level":"info","message":"GET URL REQ => http://localhost:6200/api/v1/settingRoutes/listSportCategory","timestamp":"2025-05-23T08:49:50.805Z"}
{"level":"info","message":"GET URL REQ => http://localhost:6200/api/v1/settingRoutes/listSportCategory","timestamp":"2025-05-23T08:49:50.972Z"}
{"level":"info","message":"GET URL REQ => http://localhost:6200/api/v1/settingRoutes/listSportCategory","timestamp":"2025-05-23T08:53:49.939Z"}
{"level":"info","message":"GET URL REQ => http://localhost:6200/api/v1/settingRoutes/listSportCategory","timestamp":"2025-05-23T08:53:50.108Z"}
{"level":"info","message":"GET URL REQ => http://localhost:6200/api/v1/settingRoutes/listSportCategory","timestamp":"2025-05-23T08:56:16.253Z"}
{"level":"info","message":"GET URL REQ => http://localhost:6200/api/v1/settingRoutes/listSportCategory","timestamp":"2025-05-23T08:56:16.555Z"}
{"level":"info","message":"GET URL REQ => http://localhost:6200/api/v1/settingRoutes/listSportCategory","timestamp":"2025-05-23T09:02:32.642Z"}
{"level":"info","message":"GET URL REQ => http://localhost:6200/api/v1/settingRoutes/listSportCategory","timestamp":"2025-05-23T09:02:32.783Z"}
{"level":"info","message":"GET URL REQ => http://localhost:6200/api/v1/settingRoutes/listSportCategory","timestamp":"2025-05-23T09:03:37.359Z"}
{"level":"info","message":"GET URL REQ => http://localhost:6200/api/v1/settingRoutes/listSportCategory","timestamp":"2025-05-23T09:03:37.535Z"}
{"level":"info","message":"GET URL REQ => http://localhost:6200/api/v1/settingRoutes/listSportCategory","timestamp":"2025-05-23T09:36:34.438Z"}
{"level":"info","message":"GET URL REQ => http://localhost:6200/api/v1/settingRoutes/listSportCategory","timestamp":"2025-05-23T09:36:34.625Z"}
{"level":"info","message":"GET URL REQ => http://localhost:6200/api/v1/settingRoutes/listSportCategory","timestamp":"2025-05-23T09:44:32.451Z"}
{"level":"info","message":"GET URL REQ => http://localhost:6200/api/v1/settingRoutes/listSportCategory","timestamp":"2025-05-23T09:44:34.437Z"}
{"level":"info","message":"GET URL REQ => http://localhost:6200/api/v1/settingRoutes/listSportCategory","timestamp":"2025-05-23T09:44:35.169Z"}
{"level":"info","message":"GET URL REQ => http://localhost:6200/api/v1/settingRoutes/listSportCategory","timestamp":"2025-05-23T09:44:38.163Z"}
{"level":"info","message":"GET URL REQ => http://localhost:6200/api/v1/settingRoutes/listSportCategory","timestamp":"2025-05-23T09:44:41.177Z"}
{"level":"info","message":"GET URL REQ => http://localhost:6200/api/v1/settingRoutes/listSportCategory","timestamp":"2025-05-23T09:44:51.150Z"}
{"level":"info","message":"GET URL REQ => http://localhost:6200/api/v1/settingRoutes/listSportCategory","timestamp":"2025-05-23T09:44:52.130Z"}
{"level":"info","message":"GET URL REQ => http://localhost:6200/api/v1/settingRoutes/listSportCategory","timestamp":"2025-05-23T09:50:52.437Z"}
{"level":"info","message":"GET URL REQ => http://localhost:6200/api/v1/settingRoutes/listSportCategory","timestamp":"2025-05-23T09:59:47.733Z"}
{"level":"info","message":"GET URL REQ => http://localhost:6200/api/v1/settingRoutes/listSportCategory","timestamp":"2025-05-23T09:59:47.987Z"}
{"level":"info","message":"Server running --- from server.ts","timestamp":"2025-05-23T10:03:59.890Z"}
{"level":"info","message":"GET URL REQ => http://localhost:6200/api/v1/settingRoutes/addSportCategory","timestamp":"2025-05-23T10:04:03.016Z"}
{"level":"info","message":"GET URL REQ => http://localhost:6200/api/v1/settingRoutes/addSportCategory","timestamp":"2025-05-23T10:04:06.803Z"}
{"level":"info","message":"Server running --- from server.ts","timestamp":"2025-05-23T10:10:03.710Z"}
{"level":"info","message":"GET URL REQ => http://localhost:6200/api/v1/settingRoutes/listSportCategory","timestamp":"2025-05-23T11:24:24.642Z"}
{"level":"info","message":"GET URL REQ => http://localhost:6200/api/v1/settingRoutes/listSportCategory","timestamp":"2025-05-23T11:24:24.867Z"}
{"level":"info","message":"GET URL REQ => http://localhost:6200/api/v1/feedbackRoutes/groundFeedBack","timestamp":"2025-05-23T11:30:30.027Z"}
{"level":"info","message":"GET URL REQ => http://localhost:6200/api/v1/feedbackRoutes/groundFeedBack","timestamp":"2025-05-23T11:30:40.464Z"}
{"level":"info","message":"GET URL REQ => http://localhost:6200/api/v1/settingRoutes/addSportCategory","timestamp":"2025-05-23T11:31:50.117Z"}
{"level":"info","message":"GET URL REQ => http://localhost:6200/api/v1/settingRoutes/addSportCategory","timestamp":"2025-05-23T11:32:00.516Z"}
{"level":"info","message":"GET URL REQ => http://localhost:6200/api/v1/settingRoutes/addSportCategory","timestamp":"2025-05-23T11:38:01.536Z"}
{"level":"info","message":"GET URL REQ => http://localhost:6200/api/v1/settingRoutes/listSportCategory","timestamp":"2025-05-23T11:38:39.355Z"}
{"level":"info","message":"GET URL REQ => http://localhost:6200/api/v1/settingRoutes/listSportCategory","timestamp":"2025-05-23T11:38:39.504Z"}
{"level":"info","message":"GET URL REQ => http://localhost:6200/api/v1/settingRoutes/listSportCategory","timestamp":"2025-05-23T11:48:12.043Z"}
{"level":"info","message":"GET URL REQ => http://localhost:6200/api/v1/settingRoutes/listSportCategory","timestamp":"2025-05-23T11:48:12.247Z"}
{"level":"info","message":"GET URL REQ => http://localhost:6200/api/v1/settingRoutes/addSportCategory","timestamp":"2025-05-23T11:49:01.960Z"}
{"level":"info","message":"GET URL REQ => http://localhost:6200/api/v1/settingRoutes/addSportCategory","timestamp":"2025-05-23T11:49:42.055Z"}
{"level":"info","message":"GET URL REQ => http://localhost:6200/api/v1/settingRoutes/addSportCategory","timestamp":"2025-05-23T11:49:42.525Z"}
{"level":"info","message":"GET URL REQ => http://localhost:6200/api/v1/settingRoutes/addSportCategory","timestamp":"2025-05-23T11:50:26.672Z"}
{"level":"info","message":"GET URL REQ => http://localhost:6200/api/v1/settingRoutes/listSportCategory","timestamp":"2025-05-23T11:50:26.994Z"}
{"level":"info","message":"GET URL REQ => http://localhost:6200/api/v1/groundRoutes/listGround","timestamp":"2025-05-23T11:54:37.449Z"}
{"level":"info","message":"GET URL REQ => http://localhost:6200/api/v1/groundRoutes/listGround","timestamp":"2025-05-23T11:54:37.697Z"}
{"level":"info","message":"GET URL REQ => http://localhost:6200/api/v1/settingRoutes/listSportCategory","timestamp":"2025-05-23T11:54:39.527Z"}
{"level":"info","message":"GET URL REQ => http://localhost:6200/api/v1/settingRoutes/listSportCategory","timestamp":"2025-05-23T11:54:39.541Z"}
{"level":"info","message":"GET URL REQ => http://localhost:6200/api/v1/settingRoutes/addSportCategory","timestamp":"2025-05-23T11:54:44.398Z"}
{"level":"info","message":"GET URL REQ => http://localhost:6200/api/v1/settingRoutes/addSportCategory","timestamp":"2025-05-23T11:55:13.271Z"}
{"level":"info","message":"GET URL REQ => http://localhost:6200/api/v1/settingRoutes/addSportCategory","timestamp":"2025-05-23T11:55:39.471Z"}
{"level":"info","message":"GET URL REQ => http://localhost:6200/api/v1/settingRoutes/listSportCategory","timestamp":"2025-05-23T11:55:44.200Z"}
{"level":"info","message":"GET URL REQ => http://localhost:6200/api/v1/settingRoutes/listSportCategory","timestamp":"2025-05-23T11:55:44.223Z"}
{"level":"info","message":"GET URL REQ => http://localhost:6200/api/v1/settingRoutes/addSportCategory","timestamp":"2025-05-23T11:56:10.312Z"}
{"level":"info","message":"GET URL REQ => http://localhost:6200/api/v1/settingRoutes/addSportCategory","timestamp":"2025-05-23T11:56:15.323Z"}
{"level":"info","message":"GET URL REQ => http://localhost:6200/api/v1/settingRoutes/addSportCategory","timestamp":"2025-05-23T11:56:49.940Z"}
{"level":"info","message":"GET URL REQ => http://localhost:6200/api/v1/settingRoutes/listSportCategory","timestamp":"2025-05-23T11:56:50.267Z"}
{"level":"info","message":"GET URL REQ => http://localhost:6200/api/v1/settingRoutes/listSportCategory","timestamp":"2025-05-23T11:58:30.941Z"}
{"level":"info","message":"GET URL REQ => http://localhost:6200/api/v1/settingRoutes/listSportCategory","timestamp":"2025-05-23T11:58:31.059Z"}
{"level":"info","message":"GET URL REQ => http://localhost:6200/api/v1/settingRoutes/listSportCategory","timestamp":"2025-05-23T12:03:15.456Z"}
{"level":"info","message":"GET URL REQ => http://localhost:6200/api/v1/settingRoutes/listSportCategory","timestamp":"2025-05-23T12:03:15.636Z"}
{"level":"info","message":"GET URL REQ => http://localhost:6200/api/v1/settingRoutes/listSportCategory","timestamp":"2025-05-23T12:03:32.248Z"}
{"level":"info","message":"GET URL REQ => http://localhost:6200/api/v1/settingRoutes/listSportCategory","timestamp":"2025-05-23T12:03:32.347Z"}
{"level":"info","message":"GET URL REQ => http://localhost:6200/api/v1/settingRoutes/listSportCategory","timestamp":"2025-05-23T12:03:49.758Z"}
{"level":"info","message":"GET URL REQ => http://localhost:6200/api/v1/settingRoutes/listSportCategory","timestamp":"2025-05-23T12:03:49.846Z"}
{"level":"info","message":"GET URL REQ => http://localhost:6200/api/v1/settingRoutes/listSportCategory","timestamp":"2025-05-23T12:03:57.932Z"}
{"level":"info","message":"GET URL REQ => http://localhost:6200/api/v1/settingRoutes/listSportCategory","timestamp":"2025-05-23T12:03:57.969Z"}
{"level":"info","message":"GET URL REQ => http://localhost:6200/api/v1/settingRoutes/listSportCategory","timestamp":"2025-05-23T12:06:00.515Z"}
{"level":"info","message":"GET URL REQ => http://localhost:6200/api/v1/settingRoutes/listSportCategory","timestamp":"2025-05-23T12:06:00.686Z"}
{"level":"info","message":"GET URL REQ => http://localhost:6200/api/v1/settingRoutes/listSportCategory","timestamp":"2025-05-23T12:06:56.704Z"}
{"level":"info","message":"GET URL REQ => http://localhost:6200/api/v1/settingRoutes/listSportCategory","timestamp":"2025-05-23T12:06:56.787Z"}
{"level":"info","message":"GET URL REQ => http://localhost:6200/api/v1/settingRoutes/addSportCategory","timestamp":"2025-05-23T12:07:03.661Z"}
{"level":"info","message":"GET URL REQ => http://localhost:6200/api/v1/settingRoutes/listSportCategory","timestamp":"2025-05-23T12:07:03.936Z"}
{"level":"info","message":"GET URL REQ => http://localhost:6200/api/v1/settingRoutes/listFeatures","timestamp":"2025-05-23T12:24:25.748Z"}
{"level":"info","message":"GET URL REQ => http://localhost:6200/api/v1/settingRoutes/listFeatures","timestamp":"2025-05-23T12:24:25.908Z"}
{"level":"info","message":"GET URL REQ => http://localhost:6200/api/v1/settingRoutes/listFeatures","timestamp":"2025-05-23T12:25:45.775Z"}
{"level":"info","message":"GET URL REQ => http://localhost:6200/api/v1/settingRoutes/listFeatures","timestamp":"2025-05-23T12:25:45.952Z"}
{"level":"info","message":"GET URL REQ => http://localhost:6200/api/v1/settingRoutes/listFeatures","timestamp":"2025-05-23T12:30:44.540Z"}
{"level":"info","message":"GET URL REQ => http://localhost:6200/api/v1/settingRoutes/listFeatures","timestamp":"2025-05-23T12:30:44.706Z"}
{"level":"info","message":"GET URL REQ => http://localhost:6200/api/v1/settingRoutes/listFeatures","timestamp":"2025-05-23T12:31:05.716Z"}
{"level":"info","message":"GET URL REQ => http://localhost:6200/api/v1/settingRoutes/listFeatures","timestamp":"2025-05-23T12:31:05.801Z"}
{"level":"info","message":"GET URL REQ => http://localhost:6200/api/v1/settingRoutes/listFeatures","timestamp":"2025-05-23T12:35:07.383Z"}
{"level":"info","message":"GET URL REQ => http://localhost:6200/api/v1/settingRoutes/listFeatures","timestamp":"2025-05-23T12:35:07.569Z"}
{"level":"info","message":"GET URL REQ => http://localhost:6200/api/v1/settingRoutes/listFeatures","timestamp":"2025-05-23T12:35:59.603Z"}
{"level":"info","message":"GET URL REQ => http://localhost:6200/api/v1/settingRoutes/listFeatures","timestamp":"2025-05-23T12:35:59.694Z"}
{"level":"info","message":"GET URL REQ => http://localhost:6200/api/v1/settingRoutes/listFeatures","timestamp":"2025-05-23T12:42:56.562Z"}
{"level":"info","message":"GET URL REQ => http://localhost:6200/api/v1/settingRoutes/listFeatures","timestamp":"2025-05-23T12:47:53.458Z"}
{"level":"info","message":"GET URL REQ => http://localhost:6200/api/v1/settingRoutes/listFeatures","timestamp":"2025-05-23T12:48:59.481Z"}
{"level":"info","message":"GET URL REQ => http://localhost:6200/api/v1/settingRoutes/listFeatures","timestamp":"2025-05-23T12:49:03.142Z"}
{"level":"info","message":"GET URL REQ => http://localhost:6200/api/v1/settingRoutes/listFeatures","timestamp":"2025-05-23T12:49:32.127Z"}
{"level":"info","message":"GET URL REQ => http://localhost:6200/api/v1/settingRoutes/listFeatures","timestamp":"2025-05-23T12:52:17.201Z"}
{"level":"info","message":"GET URL REQ => http://localhost:6200/api/v1/settingRoutes/listFeatures","timestamp":"2025-05-23T12:52:17.357Z"}
{"level":"info","message":"GET URL REQ => http://localhost:6200/api/v1/settingRoutes/listFeatures","timestamp":"2025-05-23T12:53:17.039Z"}
{"level":"info","message":"GET URL REQ => http://localhost:6200/api/v1/settingRoutes/listFeatures","timestamp":"2025-05-23T12:53:17.251Z"}
{"level":"info","message":"GET URL REQ => http://localhost:6200/api/v1/settingRoutes/listFeatures","timestamp":"2025-05-23T12:54:36.480Z"}
{"level":"info","message":"GET URL REQ => http://localhost:6200/api/v1/settingRoutes/listFeatures","timestamp":"2025-05-23T12:54:36.631Z"}
{"level":"info","message":"GET URL REQ => http://localhost:6200/api/v1/settingRoutes/listFeatures","timestamp":"2025-05-23T13:12:06.973Z"}
{"level":"info","message":"GET URL REQ => http://localhost:6200/api/v1/settingRoutes/listFeatures","timestamp":"2025-05-23T13:12:07.118Z"}
{"level":"info","message":"GET URL REQ => http://localhost:6200/api/v1/settingRoutes/listFeatures","timestamp":"2025-05-23T13:15:13.416Z"}
{"level":"info","message":"GET URL REQ => http://localhost:6200/api/v1/settingRoutes/listFeatures","timestamp":"2025-05-23T13:15:13.592Z"}
{"level":"info","message":"GET URL REQ => http://localhost:6200/api/v1/settingRoutes/listFeatures","timestamp":"2025-05-23T13:18:08.682Z"}
{"level":"info","message":"GET URL REQ => http://localhost:6200/api/v1/settingRoutes/listFeatures","timestamp":"2025-05-23T13:18:08.825Z"}
{"level":"info","message":"GET URL REQ => http://localhost:6200/api/v1/settingRoutes/addFeatures","timestamp":"2025-05-23T13:18:27.917Z"}
{"level":"info","message":"GET URL REQ => http://localhost:6200/api/v1/settingRoutes/listFeatures","timestamp":"2025-05-23T13:18:28.229Z"}
{"level":"info","message":"Server running --- from server.ts","timestamp":"2025-05-23T13:25:06.381Z"}
{"level":"info","message":"Server running --- from server.ts","timestamp":"2025-05-23T16:18:14.805Z"}
{"level":"info","message":"GET URL REQ => http://localhost:6200/api/v1/groundRoutes/listGround","timestamp":"2025-05-23T16:19:01.499Z"}
{"level":"info","message":"GET URL REQ => http://localhost:6200/api/v1/groundRoutes/listGround","timestamp":"2025-05-23T16:19:01.637Z"}
{"level":"info","message":"GET URL REQ => http://localhost:6200/api/v1/adminRoutes/userLogin","timestamp":"2025-05-23T16:19:05.460Z"}
{"level":"info","message":"GET URL REQ => http://localhost:6200/api/v1/groundRoutes/listGround","timestamp":"2025-05-23T16:19:06.353Z"}
{"level":"info","message":"GET URL REQ => http://localhost:6200/api/v1/groundRoutes/listGround","timestamp":"2025-05-23T16:19:06.367Z"}
{"level":"info","message":"GET URL REQ => http://localhost:6200/api/v1/adminRoutes/listUserBookings","timestamp":"2025-05-23T16:19:52.637Z"}
{"level":"info","message":"GET URL REQ => http://localhost:6200/api/v1/adminRoutes/listUserBookings","timestamp":"2025-05-23T16:19:52.724Z"}
{"level":"info","message":"GET URL REQ => http://localhost:6200/api/v1/settingRoutes/listSportCategory","timestamp":"2025-05-23T16:19:56.584Z"}
{"level":"info","message":"GET URL REQ => http://localhost:6200/api/v1/settingRoutes/listSportCategory","timestamp":"2025-05-23T16:19:56.600Z"}
{"level":"info","message":"GET URL REQ => http://localhost:6200/api/v1/settingRoutes/listSportCategory","timestamp":"2025-05-23T16:20:03.431Z"}
{"level":"info","message":"GET URL REQ => http://localhost:6200/api/v1/settingRoutes/listSportCategory","timestamp":"2025-05-23T16:20:03.458Z"}
{"level":"info","message":"GET URL REQ => http://localhost:6200/api/v1/settingRoutes/listFeatures","timestamp":"2025-05-23T16:36:10.900Z"}
{"level":"info","message":"GET URL REQ => http://localhost:6200/api/v1/settingRoutes/listFeatures","timestamp":"2025-05-23T16:36:11.049Z"}
{"level":"info","message":"GET URL REQ => http://localhost:6200/api/v1/settingRoutes/listSportCategory","timestamp":"2025-05-23T16:36:13.256Z"}
{"level":"info","message":"GET URL REQ => http://localhost:6200/api/v1/settingRoutes/listSportCategory","timestamp":"2025-05-23T16:36:13.293Z"}
{"level":"info","message":"GET URL REQ => http://localhost:6200/api/v1/settingRoutes/listSportCategory","timestamp":"2025-05-23T16:36:38.414Z"}
{"level":"info","message":"GET URL REQ => http://localhost:6200/api/v1/settingRoutes/listSportCategory","timestamp":"2025-05-23T16:36:38.518Z"}
{"level":"info","message":"GET URL REQ => http://localhost:6200/api/v1/groundRoutes/listGround","timestamp":"2025-05-23T16:37:14.720Z"}
{"level":"info","message":"GET URL REQ => http://localhost:6200/api/v1/groundRoutes/listGround","timestamp":"2025-05-23T16:37:14.918Z"}
{"level":"info","message":"GET URL REQ => http://localhost:6200/api/v1/adminRoutes/listSignUpUsers","timestamp":"2025-05-23T16:37:17.687Z"}
{"level":"info","message":"GET URL REQ => http://localhost:6200/api/v1/adminRoutes/listSignUpUsers","timestamp":"2025-05-23T16:37:17.708Z"}
{"level":"info","message":"GET URL REQ => http://localhost:6200/api/v1/settingRoutes/listSportCategory","timestamp":"2025-05-23T16:37:20.793Z"}
{"level":"info","message":"GET URL REQ => http://localhost:6200/api/v1/settingRoutes/listSportCategory","timestamp":"2025-05-23T16:37:20.802Z"}
{"level":"info","message":"GET URL REQ => http://localhost:6200/api/v1/groundRoutes/listGround","timestamp":"2025-05-23T16:37:37.419Z"}
{"level":"info","message":"GET URL REQ => http://localhost:6200/api/v1/groundRoutes/listGround","timestamp":"2025-05-23T16:37:37.524Z"}
{"level":"info","message":"GET URL REQ => http://localhost:6200/api/v1/settingRoutes/listSportCategory","timestamp":"2025-05-23T16:37:43.313Z"}
{"level":"info","message":"GET URL REQ => http://localhost:6200/api/v1/settingRoutes/listSportCategory","timestamp":"2025-05-23T16:37:43.323Z"}
{"level":"info","message":"GET URL REQ => http://localhost:6200/api/v1/settingRoutes/addSportCategory","timestamp":"2025-05-23T16:37:49.899Z"}
{"level":"info","message":"GET URL REQ => http://localhost:6200/api/v1/settingRoutes/listSportCategory","timestamp":"2025-05-23T16:37:50.096Z"}
{"level":"info","message":"GET URL REQ => http://localhost:6200/api/v1/settingRoutes/listSportCategory","timestamp":"2025-05-23T16:42:52.224Z"}
{"level":"info","message":"GET URL REQ => http://localhost:6200/api/v1/settingRoutes/listSportCategory","timestamp":"2025-05-23T16:42:52.379Z"}
{"level":"info","message":"GET URL REQ => http://localhost:6200/api/v1/settingRoutes/listSportCategory","timestamp":"2025-05-23T16:45:10.017Z"}
{"level":"info","message":"GET URL REQ => http://localhost:6200/api/v1/settingRoutes/listSportCategory","timestamp":"2025-05-23T16:45:10.157Z"}
{"level":"info","message":"GET URL REQ => http://localhost:6200/api/v1/settingRoutes/listSportCategory","timestamp":"2025-05-23T16:47:13.728Z"}
{"level":"info","message":"GET URL REQ => http://localhost:6200/api/v1/settingRoutes/listSportCategory","timestamp":"2025-05-23T16:47:13.873Z"}
{"level":"info","message":"GET URL REQ => http://localhost:6200/api/v1/settingRoutes/listSportCategory","timestamp":"2025-05-23T16:48:18.044Z"}
{"level":"info","message":"GET URL REQ => http://localhost:6200/api/v1/settingRoutes/listSportCategory","timestamp":"2025-05-23T16:48:18.201Z"}
{"level":"info","message":"GET URL REQ => http://localhost:6200/api/v1/settingRoutes/addSportCategory","timestamp":"2025-05-23T16:49:17.079Z"}
{"level":"info","message":"GET URL REQ => http://localhost:6200/api/v1/settingRoutes/listSportCategory","timestamp":"2025-05-23T16:49:17.552Z"}
{"level":"info","message":"GET URL REQ => http://localhost:6200/api/v1/settingRoutes/listFeatures","timestamp":"2025-05-23T16:50:27.338Z"}
{"level":"info","message":"GET URL REQ => http://localhost:6200/api/v1/settingRoutes/listFeatures","timestamp":"2025-05-23T16:50:27.513Z"}
{"level":"info","message":"GET URL REQ => http://localhost:6200/api/v1/settingRoutes/listFeatures","timestamp":"2025-05-23T16:52:16.715Z"}
{"level":"info","message":"GET URL REQ => http://localhost:6200/api/v1/settingRoutes/listFeatures","timestamp":"2025-05-23T16:52:16.874Z"}
{"level":"info","message":"GET URL REQ => http://localhost:6200/api/v1/settingRoutes/addFeatures","timestamp":"2025-05-23T16:58:10.527Z"}
{"level":"info","message":"GET URL REQ => http://localhost:6200/api/v1/settingRoutes/listFeatures","timestamp":"2025-05-23T16:58:10.786Z"}
{"level":"info","message":"GET URL REQ => http://localhost:6200/api/v1/settingRoutes/listFeatures","timestamp":"2025-05-23T17:05:59.653Z"}
{"level":"info","message":"GET URL REQ => http://localhost:6200/api/v1/settingRoutes/listFeatures","timestamp":"2025-05-23T17:05:59.915Z"}
{"level":"info","message":"GET URL REQ => http://localhost:6200/api/v1/settingRoutes/listUserGuidelines","timestamp":"2025-05-23T17:06:12.489Z"}
{"level":"info","message":"GET URL REQ => http://localhost:6200/api/v1/settingRoutes/listUserGuidelines","timestamp":"2025-05-23T17:06:12.746Z"}
{"level":"info","message":"GET URL REQ => http://localhost:6200/api/v1/settingRoutes/addUserGuidelines","timestamp":"2025-05-23T17:06:20.817Z"}
{"level":"info","message":"GET URL REQ => http://localhost:6200/api/v1/settingRoutes/addUserGuidelines","timestamp":"2025-05-23T17:06:28.616Z"}
{"level":"info","message":"GET URL REQ => http://localhost:6200/api/v1/settingRoutes/listUserGuidelines","timestamp":"2025-05-23T17:06:28.683Z"}
{"level":"info","message":"GET URL REQ => http://localhost:6200/api/v1/settingRoutes/listFeatures","timestamp":"2025-05-23T17:06:34.263Z"}
{"level":"info","message":"GET URL REQ => http://localhost:6200/api/v1/settingRoutes/listFeatures","timestamp":"2025-05-23T17:06:34.298Z"}
{"level":"info","message":"GET URL REQ => http://localhost:6200/api/v1/settingRoutes/listSportCategory","timestamp":"2025-05-23T17:06:37.294Z"}
{"level":"info","message":"GET URL REQ => http://localhost:6200/api/v1/settingRoutes/listSportCategory","timestamp":"2025-05-23T17:06:37.311Z"}
{"level":"info","message":"GET URL REQ => http://localhost:6200/api/v1/settingRoutes/listFacilities","timestamp":"2025-05-23T17:12:23.936Z"}
{"level":"info","message":"GET URL REQ => http://localhost:6200/api/v1/settingRoutes/listFacilities","timestamp":"2025-05-23T17:12:24.016Z"}
{"level":"info","message":"GET URL REQ => http://localhost:6200/api/v1/settingRoutes/addFacilities","timestamp":"2025-05-23T17:12:35.079Z"}
{"level":"info","message":"GET URL REQ => http://localhost:6200/api/v1/settingRoutes/listFacilities","timestamp":"2025-05-23T17:12:35.277Z"}
{"level":"info","message":"GET URL REQ => http://localhost:6200/api/v1/settingRoutes/addFacilities","timestamp":"2025-05-23T17:12:53.697Z"}
{"level":"info","message":"GET URL REQ => http://localhost:6200/api/v1/settingRoutes/listFacilities","timestamp":"2025-05-23T17:12:53.793Z"}
{"level":"info","message":"GET URL REQ => http://localhost:6200/api/v1/settingRoutes/listFacilities","timestamp":"2025-05-23T17:13:16.797Z"}
{"level":"info","message":"GET URL REQ => http://localhost:6200/api/v1/settingRoutes/listFacilities","timestamp":"2025-05-23T17:13:16.861Z"}
{"level":"info","message":"GET URL REQ => http://localhost:6200/api/v1/settingRoutes/listFacilities","timestamp":"2025-05-23T17:13:27.567Z"}
{"level":"info","message":"GET URL REQ => http://localhost:6200/api/v1/settingRoutes/listFacilities","timestamp":"2025-05-23T17:13:27.767Z"}
{"level":"info","message":"GET URL REQ => http://localhost:6200/api/v1/settingRoutes/listFeatures","timestamp":"2025-05-23T17:14:29.416Z"}
{"level":"info","message":"GET URL REQ => http://localhost:6200/api/v1/settingRoutes/listFeatures","timestamp":"2025-05-23T17:14:29.510Z"}
{"level":"info","message":"GET URL REQ => http://localhost:6200/api/v1/settingRoutes/listUserGuidelines","timestamp":"2025-05-23T17:14:35.035Z"}
{"level":"info","message":"GET URL REQ => http://localhost:6200/api/v1/settingRoutes/listUserGuidelines","timestamp":"2025-05-23T17:14:35.044Z"}
{"level":"info","message":"GET URL REQ => http://localhost:6200/api/v1/settingRoutes/listUserGuidelines","timestamp":"2025-05-23T17:14:39.298Z"}
{"level":"info","message":"GET URL REQ => http://localhost:6200/api/v1/settingRoutes/listUserGuidelines","timestamp":"2025-05-23T17:14:39.305Z"}
{"level":"info","message":"GET URL REQ => http://localhost:6200/api/v1/settingRoutes/listUserGuidelines","timestamp":"2025-05-23T17:16:57.379Z"}
{"level":"info","message":"GET URL REQ => http://localhost:6200/api/v1/settingRoutes/listUserGuidelines","timestamp":"2025-05-23T17:16:57.481Z"}
{"level":"info","message":"GET URL REQ => http://localhost:6200/api/v1/settingRoutes/addUserGuidelines","timestamp":"2025-05-23T17:17:04.104Z"}
{"level":"info","message":"GET URL REQ => http://localhost:6200/api/v1/settingRoutes/listUserGuidelines","timestamp":"2025-05-23T17:17:04.142Z"}
{"level":"info","message":"GET URL REQ => http://localhost:6200/api/v1/settingRoutes/listFeatures","timestamp":"2025-05-23T17:17:15.631Z"}
{"level":"info","message":"GET URL REQ => http://localhost:6200/api/v1/settingRoutes/listFeatures","timestamp":"2025-05-23T17:17:15.800Z"}
{"level":"info","message":"GET URL REQ => http://localhost:6200/api/v1/settingRoutes/listUserGuidelines","timestamp":"2025-05-23T17:17:19.243Z"}
{"level":"info","message":"GET URL REQ => http://localhost:6200/api/v1/settingRoutes/listUserGuidelines","timestamp":"2025-05-23T17:17:19.251Z"}
{"level":"info","message":"GET URL REQ => http://localhost:6200/api/v1/settingRoutes/listFacilities","timestamp":"2025-05-23T17:17:21.367Z"}
{"level":"info","message":"GET URL REQ => http://localhost:6200/api/v1/settingRoutes/listFacilities","timestamp":"2025-05-23T17:17:21.379Z"}
{"level":"info","message":"GET URL REQ => http://localhost:6200/api/v1/settingRoutes/addFacilities","timestamp":"2025-05-23T17:17:27.650Z"}
{"level":"info","message":"GET URL REQ => http://localhost:6200/api/v1/settingRoutes/listFacilities","timestamp":"2025-05-23T17:17:27.686Z"}
{"level":"info","message":"GET URL REQ => http://localhost:6200/api/v1/settingRoutes/listFeatures","timestamp":"2025-05-23T17:21:16.758Z"}
{"level":"info","message":"GET URL REQ => http://localhost:6200/api/v1/settingRoutes/listFeatures","timestamp":"2025-05-23T17:21:16.861Z"}
{"level":"info","message":"GET URL REQ => http://localhost:6200/api/v1/settingRoutes/listUserGuidelines","timestamp":"2025-05-23T17:21:19.048Z"}
{"level":"info","message":"GET URL REQ => http://localhost:6200/api/v1/settingRoutes/listUserGuidelines","timestamp":"2025-05-23T17:21:19.055Z"}
{"level":"info","message":"GET URL REQ => http://localhost:6200/api/v1/settingRoutes/listFacilities","timestamp":"2025-05-23T17:21:21.725Z"}
{"level":"info","message":"GET URL REQ => http://localhost:6200/api/v1/settingRoutes/listFacilities","timestamp":"2025-05-23T17:21:21.733Z"}
{"level":"info","message":"GET URL REQ => http://localhost:6200/api/v1/settingRoutes/listAdditionalTips","timestamp":"2025-05-23T17:21:26.607Z"}
{"level":"info","message":"GET URL REQ => http://localhost:6200/api/v1/settingRoutes/listAdditionalTips","timestamp":"2025-05-23T17:21:26.620Z"}
{"level":"info","message":"GET URL REQ => http://localhost:6200/api/v1/settingRoutes/addAdditionalTips","timestamp":"2025-05-23T17:21:35.979Z"}
{"level":"info","message":"GET URL REQ => http://localhost:6200/api/v1/settingRoutes/listAdditionalTips","timestamp":"2025-05-23T17:21:36.012Z"}
{"level":"info","message":"GET URL REQ => http://localhost:6200/api/v1/settingRoutes/listFoodAndSnacks","timestamp":"2025-05-23T17:34:37.217Z"}
{"level":"info","message":"GET URL REQ => http://localhost:6200/api/v1/settingRoutes/listFoodAndSnacks","timestamp":"2025-05-23T17:34:37.312Z"}
{"level":"info","message":"GET URL REQ => http://localhost:6200/api/v1/settingRoutes/uploadFoodImage","timestamp":"2025-05-23T17:36:20.708Z"}
{"level":"info","message":"GET URL REQ => http://localhost:6200/api/v1/settingRoutes/uploadFoodImage","timestamp":"2025-05-23T17:36:25.009Z"}
{"level":"info","message":"GET URL REQ => http://localhost:6200/api/v1/settingRoutes/uploadFoodImage","timestamp":"2025-05-23T17:36:26.143Z"}
{"level":"info","message":"GET URL REQ => http://localhost:6200/api/v1/settingRoutes/listFoodAndSnacks","timestamp":"2025-05-23T17:40:58.489Z"}
{"level":"info","message":"GET URL REQ => http://localhost:6200/api/v1/settingRoutes/listFoodAndSnacks","timestamp":"2025-05-23T17:49:39.575Z"}
{"level":"info","message":"GET URL REQ => http://localhost:6200/api/v1/settingRoutes/listFoodCategory","timestamp":"2025-05-23T17:49:39.595Z"}
{"level":"info","message":"GET URL REQ => http://localhost:6200/api/v1/settingRoutes/listFoodAndSnacks","timestamp":"2025-05-23T17:49:39.681Z"}
{"level":"info","message":"GET URL REQ => http://localhost:6200/api/v1/settingRoutes/listFoodAndSnacks","timestamp":"2025-05-23T17:49:39.698Z"}
{"level":"info","message":"GET URL REQ => http://localhost:6200/api/v1/settingRoutes/listFoodAndSnacks","timestamp":"2025-05-23T17:49:39.715Z"}
{"level":"info","message":"GET URL REQ => http://localhost:6200/api/v1/settingRoutes/listFoodCategory","timestamp":"2025-05-23T17:49:39.722Z"}
{"level":"info","message":"GET URL REQ => http://localhost:6200/api/v1/groundRoutes/listGround","timestamp":"2025-05-23T17:49:46.054Z"}
{"level":"info","message":"GET URL REQ => http://localhost:6200/api/v1/groundRoutes/listGround","timestamp":"2025-05-23T17:49:46.073Z"}
{"level":"info","message":"GET URL REQ => http://localhost:6200/api/v1/settingRoutes/listFoodAndSnacks","timestamp":"2025-05-23T17:49:53.992Z"}
{"level":"info","message":"GET URL REQ => http://localhost:6200/api/v1/settingRoutes/listFoodCategory","timestamp":"2025-05-23T17:49:54.000Z"}
{"level":"info","message":"GET URL REQ => http://localhost:6200/api/v1/settingRoutes/listFoodAndSnacks","timestamp":"2025-05-23T17:49:54.007Z"}
{"level":"info","message":"GET URL REQ => http://localhost:6200/api/v1/settingRoutes/listFoodCategory","timestamp":"2025-05-23T17:49:54.014Z"}
{"level":"info","message":"GET URL REQ => http://localhost:6200/api/v1/settingRoutes/listFoodAndSnacks","timestamp":"2025-05-23T17:49:54.020Z"}
{"level":"info","message":"GET URL REQ => http://localhost:6200/api/v1/settingRoutes/listFoodAndSnacks","timestamp":"2025-05-23T17:49:54.027Z"}
{"level":"info","message":"GET URL REQ => http://localhost:6200/api/v1/settingRoutes/deleteFoodImage","timestamp":"2025-05-23T17:50:23.622Z"}
{"level":"info","message":"GET URL REQ => http://localhost:6200/api/v1/settingRoutes/uploadFoodImage","timestamp":"2025-05-23T17:50:23.646Z"}
{"level":"info","message":"GET URL REQ => http://localhost:6200/api/v1/settingRoutes/deleteFoodImage","timestamp":"2025-05-23T17:50:39.864Z"}
{"level":"info","message":"GET URL REQ => http://localhost:6200/api/v1/settingRoutes/uploadFoodImage","timestamp":"2025-05-23T17:50:39.896Z"}
{"level":"info","message":"GET URL REQ => http://localhost:6200/api/v1/settingRoutes/deleteFoodImage","timestamp":"2025-05-23T17:51:01.259Z"}
{"level":"info","message":"GET URL REQ => http://localhost:6200/api/v1/settingRoutes/uploadFoodImage","timestamp":"2025-05-23T17:51:01.290Z"}
{"level":"info","message":"GET URL REQ => http://localhost:6200/api/v1/settingRoutes/listFoodAndSnacks","timestamp":"2025-05-23T17:51:35.041Z"}
{"level":"info","message":"GET URL REQ => http://localhost:6200/api/v1/settingRoutes/listFoodCategory","timestamp":"2025-05-23T17:51:35.101Z"}
{"level":"info","message":"GET URL REQ => http://localhost:6200/api/v1/settingRoutes/listFoodAndSnacks","timestamp":"2025-05-23T17:51:35.112Z"}
{"level":"info","message":"GET URL REQ => http://localhost:6200/api/v1/settingRoutes/listFoodCategory","timestamp":"2025-05-23T17:51:35.124Z"}
{"level":"info","message":"GET URL REQ => http://localhost:6200/api/v1/settingRoutes/listFoodAndSnacks","timestamp":"2025-05-23T17:51:35.137Z"}
{"level":"info","message":"GET URL REQ => http://localhost:6200/api/v1/settingRoutes/listFoodAndSnacks","timestamp":"2025-05-23T17:51:35.149Z"}
{"level":"info","message":"GET URL REQ => http://localhost:6200/api/v1/settingRoutes/deleteFoodImage","timestamp":"2025-05-23T17:51:50.054Z"}
{"level":"info","message":"GET URL REQ => http://localhost:6200/api/v1/settingRoutes/uploadFoodImage","timestamp":"2025-05-23T17:51:50.083Z"}
{"level":"info","message":"GET URL REQ => http://localhost:6200/api/v1/settingRoutes/deleteFoodImage","timestamp":"2025-05-23T17:51:59.340Z"}
{"level":"info","message":"GET URL REQ => http://localhost:6200/api/v1/settingRoutes/uploadFoodImage","timestamp":"2025-05-23T17:51:59.361Z"}
{"level":"info","message":"GET URL REQ => http://localhost:6200/api/v1/settingRoutes/listFoodAndSnacks","timestamp":"2025-05-23T17:52:47.654Z"}
{"level":"info","message":"GET URL REQ => http://localhost:6200/api/v1/settingRoutes/listFoodCategory","timestamp":"2025-05-23T17:52:47.659Z"}
{"level":"info","message":"GET URL REQ => http://localhost:6200/api/v1/settingRoutes/listFoodAndSnacks","timestamp":"2025-05-23T18:05:32.586Z"}
{"level":"info","message":"GET URL REQ => http://localhost:6200/api/v1/settingRoutes/listFoodAndSnacks","timestamp":"2025-05-23T18:05:32.775Z"}
{"level":"info","message":"GET URL REQ => http://localhost:6200/api/v1/settingRoutes/deleteFoodImage","timestamp":"2025-05-23T18:06:00.564Z"}
{"level":"info","message":"GET URL REQ => http://localhost:6200/api/v1/settingRoutes/uploadFoodImage","timestamp":"2025-05-23T18:06:00.635Z"}
