{"level":"info","message":"Server running --- from server.ts","timestamp":"2025-05-19T06:39:36.448Z"}
{"level":"info","message":"Server running --- from server.ts","timestamp":"2025-05-19T06:59:01.261Z"}
{"level":"info","message":"Server running --- from server.ts","timestamp":"2025-05-19T07:00:55.819Z"}
{"level":"info","message":"GET URL REQ => http://localhost:6200/api/v1/adminRoutes/userLogin","timestamp":"2025-05-19T07:01:59.095Z"}
{"level":"info","message":"Server running --- from server.ts","timestamp":"2025-05-19T07:02:32.933Z"}
{"level":"info","message":"Server running --- from server.ts","timestamp":"2025-05-19T07:02:50.985Z"}
{"level":"info","message":"Server running --- from server.ts","timestamp":"2025-05-19T07:03:04.141Z"}
{"level":"info","message":"Server running --- from server.ts","timestamp":"2025-05-19T07:03:36.466Z"}
{"level":"info","message":"Server running --- from server.ts","timestamp":"2025-05-19T07:03:43.290Z"}
{"level":"info","message":"GET URL REQ => http://localhost:6200/api/v1/groundRoutes/addGround","timestamp":"2025-05-19T07:03:55.059Z"}
{"level":"info","message":"Server running --- from server.ts","timestamp":"2025-05-19T07:04:48.659Z"}
{"level":"info","message":"GET URL REQ => http://localhost:6200/api/v1/groundRoutes/updateGround","timestamp":"2025-05-19T07:04:58.216Z"}
{"level":"info","message":"Server running --- from server.ts","timestamp":"2025-05-19T07:06:01.629Z"}
{"level":"info","message":"Server running --- from server.ts","timestamp":"2025-05-19T07:06:35.362Z"}
{"level":"info","message":"Server running --- from server.ts","timestamp":"2025-05-19T07:06:39.438Z"}
{"level":"info","message":"Server running --- from server.ts","timestamp":"2025-05-19T07:06:49.893Z"}
{"level":"info","message":"Server running --- from server.ts","timestamp":"2025-05-19T07:06:58.132Z"}
{"level":"info","message":"GET URL REQ => http://localhost:6200/api/v1/groundRoutes/updateGround","timestamp":"2025-05-19T07:07:10.928Z"}
{"level":"info","message":"Server running --- from server.ts","timestamp":"2025-05-19T07:08:40.665Z"}
{"level":"info","message":"Server running --- from server.ts","timestamp":"2025-05-19T07:08:50.809Z"}
{"level":"error","message":"Server not running ---  New route /api/v1/groundRoutes/deleteGroundImage conflicts with existing /api/v1/groundRoutes/deleteGroundImage","name":"AssertError","stack":"AssertError: New route /api/v1/groundRoutes/deleteGroundImage conflicts with existing /api/v1/groundRoutes/deleteGroundImage\n    at module.exports.internals.Segment.internals.Segment.add (C:\\Users\\INDHU\\Desktop\\projects\\sports app\\node_modules\\@hapi\\call\\lib\\segment.js:47:14)\n    at exports.Router.internals.Router.internals.Router.add (C:\\Users\\INDHU\\Desktop\\projects\\sports app\\node_modules\\@hapi\\call\\lib\\index.js:65:16)\n    at internals.Server._addRoute (C:\\Users\\INDHU\\Desktop\\projects\\sports app\\node_modules\\@hapi\\hapi\\lib\\server.js:529:46)\n    at internals.Server.route (C:\\Users\\INDHU\\Desktop\\projects\\sports app\\node_modules\\@hapi\\hapi\\lib\\server.js:518:22)\n    at C:\\Users\\INDHU\\Desktop\\projects\\sports app\\src\\api\\ground\\routes.ts:13:14\n    at new Promise (<anonymous>)\n    at groundRoutes.<anonymous> (C:\\Users\\INDHU\\Desktop\\projects\\sports app\\src\\api\\ground\\routes.ts:11:12)\n    at Generator.next (<anonymous>)\n    at C:\\Users\\INDHU\\Desktop\\projects\\sports app\\src\\api\\ground\\routes.ts:8:71\n    at new Promise (<anonymous>)","timestamp":"2025-05-19T07:08:59.141Z"}
{"level":"info","message":"Server running --- from server.ts","timestamp":"2025-05-19T07:09:17.868Z"}
{"level":"info","message":"Server running --- from server.ts","timestamp":"2025-05-19T07:09:22.118Z"}
{"level":"info","message":"Server running --- from server.ts","timestamp":"2025-05-19T07:09:29.197Z"}
{"level":"info","message":"Server running --- from server.ts","timestamp":"2025-05-19T07:10:00.516Z"}
{"level":"info","message":"Server running --- from server.ts","timestamp":"2025-05-19T07:10:07.742Z"}
{"level":"info","message":"Server running --- from server.ts","timestamp":"2025-05-19T07:10:17.469Z"}
{"level":"info","message":"Server running --- from server.ts","timestamp":"2025-05-19T07:10:24.374Z"}
{"level":"info","message":"Server running --- from server.ts","timestamp":"2025-05-19T07:11:32.241Z"}
{"level":"info","message":"Server running --- from server.ts","timestamp":"2025-05-19T07:42:01.641Z"}
{"level":"error","message":"Server not running ---  New route /api/v1/groundRoutes/deleteGroundImage conflicts with existing /api/v1/groundRoutes/deleteGroundImage","name":"AssertError","stack":"AssertError: New route /api/v1/groundRoutes/deleteGroundImage conflicts with existing /api/v1/groundRoutes/deleteGroundImage\n    at module.exports.internals.Segment.internals.Segment.add (C:\\Users\\INDHU\\Desktop\\projects\\sports app\\node_modules\\@hapi\\call\\lib\\segment.js:47:14)\n    at exports.Router.internals.Router.internals.Router.add (C:\\Users\\INDHU\\Desktop\\projects\\sports app\\node_modules\\@hapi\\call\\lib\\index.js:65:16)\n    at internals.Server._addRoute (C:\\Users\\INDHU\\Desktop\\projects\\sports app\\node_modules\\@hapi\\hapi\\lib\\server.js:529:46)\n    at internals.Server.route (C:\\Users\\INDHU\\Desktop\\projects\\sports app\\node_modules\\@hapi\\hapi\\lib\\server.js:518:22)\n    at C:\\Users\\INDHU\\Desktop\\projects\\sports app\\src\\api\\ground\\routes.ts:13:14\n    at new Promise (<anonymous>)\n    at groundRoutes.<anonymous> (C:\\Users\\INDHU\\Desktop\\projects\\sports app\\src\\api\\ground\\routes.ts:11:12)\n    at Generator.next (<anonymous>)\n    at C:\\Users\\INDHU\\Desktop\\projects\\sports app\\src\\api\\ground\\routes.ts:8:71\n    at new Promise (<anonymous>)","timestamp":"2025-05-19T07:42:40.408Z"}
{"level":"info","message":"Server running --- from server.ts","timestamp":"2025-05-19T07:42:49.490Z"}
{"level":"info","message":"Server running --- from server.ts","timestamp":"2025-05-19T07:43:09.903Z"}
{"level":"info","message":"Server running --- from server.ts","timestamp":"2025-05-19T07:43:56.169Z"}
{"level":"info","message":"Server running --- from server.ts","timestamp":"2025-05-19T07:44:12.519Z"}
{"level":"info","message":"Server running --- from server.ts","timestamp":"2025-05-19T07:44:18.413Z"}
{"level":"info","message":"Server running --- from server.ts","timestamp":"2025-05-19T07:44:28.854Z"}
{"level":"info","message":"Server running --- from server.ts","timestamp":"2025-05-19T07:44:38.352Z"}
{"level":"info","message":"Server running --- from server.ts","timestamp":"2025-05-19T07:46:01.951Z"}
{"level":"info","message":"Server running --- from server.ts","timestamp":"2025-05-19T07:46:19.511Z"}
{"level":"info","message":"Server running --- from server.ts","timestamp":"2025-05-19T07:47:29.649Z"}
{"level":"info","message":"Server running --- from server.ts","timestamp":"2025-05-19T07:47:58.811Z"}
{"level":"info","message":"Server running --- from server.ts","timestamp":"2025-05-19T07:48:10.961Z"}
{"level":"info","message":"Server running --- from server.ts","timestamp":"2025-05-19T07:48:16.748Z"}
{"level":"info","message":"Server running --- from server.ts","timestamp":"2025-05-19T07:48:57.049Z"}
{"level":"info","message":"GET URL REQ => http://localhost:6200/api/v1/groundRoutes/deleteGround","timestamp":"2025-05-19T07:49:09.844Z"}
{"level":"info","message":"Server running --- from server.ts","timestamp":"2025-05-19T07:50:50.024Z"}
{"level":"info","message":"Server running --- from server.ts","timestamp":"2025-05-19T07:51:02.853Z"}
{"level":"info","message":"Server running --- from server.ts","timestamp":"2025-05-19T07:51:09.110Z"}
{"level":"info","message":"Server running --- from server.ts","timestamp":"2025-05-19T07:51:22.552Z"}
{"level":"info","message":"Server running --- from server.ts","timestamp":"2025-05-19T07:51:30.950Z"}
{"level":"info","message":"Server running --- from server.ts","timestamp":"2025-05-19T07:51:47.651Z"}
{"level":"info","message":"Server running --- from server.ts","timestamp":"2025-05-19T07:52:15.293Z"}
{"level":"info","message":"Server running --- from server.ts","timestamp":"2025-05-19T07:52:23.996Z"}
{"level":"info","message":"Server running --- from server.ts","timestamp":"2025-05-19T07:53:05.083Z"}
{"level":"info","message":"Server running --- from server.ts","timestamp":"2025-05-19T07:53:23.622Z"}
{"level":"info","message":"Server running --- from server.ts","timestamp":"2025-05-19T09:03:24.086Z"}
{"level":"info","message":"Server running --- from server.ts","timestamp":"2025-05-19T09:03:47.436Z"}
{"level":"info","message":"Server running --- from server.ts","timestamp":"2025-05-19T09:03:57.160Z"}
{"level":"info","message":"Server running --- from server.ts","timestamp":"2025-05-19T09:04:15.029Z"}
{"level":"info","message":"Server running --- from server.ts","timestamp":"2025-05-19T09:05:07.287Z"}
{"level":"info","message":"Server running --- from server.ts","timestamp":"2025-05-19T09:05:48.679Z"}
{"level":"info","message":"Server running --- from server.ts","timestamp":"2025-05-19T09:07:53.576Z"}
{"level":"info","message":"Server running --- from server.ts","timestamp":"2025-05-19T09:08:03.797Z"}
{"level":"info","message":"Server running --- from server.ts","timestamp":"2025-05-19T09:08:38.646Z"}
{"level":"info","message":"Server running --- from server.ts","timestamp":"2025-05-19T09:09:09.282Z"}
{"level":"info","message":"Server running --- from server.ts","timestamp":"2025-05-19T09:09:49.221Z"}
{"level":"info","message":"Server running --- from server.ts","timestamp":"2025-05-19T09:15:47.910Z"}
{"level":"info","message":"Server running --- from server.ts","timestamp":"2025-05-19T09:38:00.244Z"}
{"level":"info","message":"Server running --- from server.ts","timestamp":"2025-05-19T09:38:08.133Z"}
{"level":"info","message":"Server running --- from server.ts","timestamp":"2025-05-19T09:38:25.564Z"}
{"level":"info","message":"Server running --- from server.ts","timestamp":"2025-05-19T09:38:56.344Z"}
{"level":"info","message":"Server running --- from server.ts","timestamp":"2025-05-19T09:39:12.505Z"}
{"level":"info","message":"Server running --- from server.ts","timestamp":"2025-05-19T09:39:31.279Z"}
{"level":"info","message":"Server running --- from server.ts","timestamp":"2025-05-19T09:40:12.638Z"}
{"level":"info","message":"Server running --- from server.ts","timestamp":"2025-05-19T09:40:20.008Z"}
{"level":"info","message":"Server running --- from server.ts","timestamp":"2025-05-19T09:41:57.885Z"}
{"level":"info","message":"Server running --- from server.ts","timestamp":"2025-05-19T09:42:22.365Z"}
{"level":"info","message":"Server running --- from server.ts","timestamp":"2025-05-19T10:35:16.759Z"}
{"level":"info","message":"Server running --- from server.ts","timestamp":"2025-05-19T10:35:32.226Z"}
{"level":"info","message":"Server running --- from server.ts","timestamp":"2025-05-19T10:36:26.932Z"}
{"level":"info","message":"Server running --- from server.ts","timestamp":"2025-05-19T10:37:24.806Z"}
{"level":"info","message":"Server running --- from server.ts","timestamp":"2025-05-19T10:37:31.990Z"}
{"level":"info","message":"Server running --- from server.ts","timestamp":"2025-05-19T10:40:26.138Z"}
{"level":"info","message":"Server running --- from server.ts","timestamp":"2025-05-19T10:41:08.711Z"}
{"level":"info","message":"Server running --- from server.ts","timestamp":"2025-05-19T10:42:11.010Z"}
{"level":"info","message":"Server running --- from server.ts","timestamp":"2025-05-19T10:42:19.102Z"}
{"level":"info","message":"Server running --- from server.ts","timestamp":"2025-05-19T10:43:18.053Z"}
{"level":"info","message":"Server running --- from server.ts","timestamp":"2025-05-19T10:45:15.850Z"}
{"level":"info","message":"Server running --- from server.ts","timestamp":"2025-05-19T10:45:27.470Z"}
{"level":"info","message":"Server running --- from server.ts","timestamp":"2025-05-19T10:45:41.825Z"}
{"level":"info","message":"Server running --- from server.ts","timestamp":"2025-05-19T10:46:03.545Z"}
{"level":"info","message":"Server running --- from server.ts","timestamp":"2025-05-19T10:46:16.043Z"}
{"level":"info","message":"Server running --- from server.ts","timestamp":"2025-05-19T10:51:47.481Z"}
{"level":"info","message":"Server running --- from server.ts","timestamp":"2025-05-19T10:51:55.912Z"}
{"level":"info","message":"Server running --- from server.ts","timestamp":"2025-05-19T10:52:51.570Z"}
{"level":"info","message":"Server running --- from server.ts","timestamp":"2025-05-19T10:56:17.539Z"}
{"level":"info","message":"Server running --- from server.ts","timestamp":"2025-05-19T10:56:24.527Z"}
{"level":"info","message":"Server running --- from server.ts","timestamp":"2025-05-19T10:56:33.287Z"}
{"level":"info","message":"Server running --- from server.ts","timestamp":"2025-05-19T10:56:59.479Z"}
{"level":"info","message":"Server running --- from server.ts","timestamp":"2025-05-19T10:57:05.542Z"}
{"level":"info","message":"Server running --- from server.ts","timestamp":"2025-05-19T10:57:34.958Z"}
{"level":"info","message":"Server running --- from server.ts","timestamp":"2025-05-19T10:58:21.040Z"}
{"level":"info","message":"Server running --- from server.ts","timestamp":"2025-05-19T10:58:30.982Z"}
{"level":"info","message":"Server running --- from server.ts","timestamp":"2025-05-19T10:58:52.821Z"}
{"level":"info","message":"Server running --- from server.ts","timestamp":"2025-05-19T10:59:15.926Z"}
{"level":"info","message":"Server running --- from server.ts","timestamp":"2025-05-19T10:59:49.541Z"}
{"level":"info","message":"Server running --- from server.ts","timestamp":"2025-05-19T11:00:01.335Z"}
{"level":"info","message":"GET URL REQ => http://localhost:6200/api/v1/userRoutes/userGroundBooking","timestamp":"2025-05-19T11:00:56.590Z"}
{"level":"error","message":"Error in user Ground Booking Cannot read properties of undefined (reading 'id')","stack":"TypeError: Cannot read properties of undefined (reading 'id')\n    at userRepository.<anonymous> (C:\\Users\\INDHU\\Desktop\\projects\\sports app\\src\\api\\user\\user-repository.ts:114:35)\n    at Generator.next (<anonymous>)\n    at fulfilled (C:\\Users\\INDHU\\Desktop\\projects\\sports app\\src\\api\\user\\user-repository.ts:5:58)\n    at processTicksAndRejections (node:internal/process/task_queues:105:5)","timestamp":"2025-05-19T11:00:56.719Z"}
{"level":"info","message":"GET URL REQ => http://localhost:6200/api/v1/userRoutes/userGroundBooking","timestamp":"2025-05-19T11:02:07.194Z"}
{"level":"error","message":"Error in user Ground Booking Cannot read properties of undefined (reading 'id')","stack":"TypeError: Cannot read properties of undefined (reading 'id')\n    at userRepository.<anonymous> (C:\\Users\\INDHU\\Desktop\\projects\\sports app\\src\\api\\user\\user-repository.ts:114:35)\n    at Generator.next (<anonymous>)\n    at fulfilled (C:\\Users\\INDHU\\Desktop\\projects\\sports app\\src\\api\\user\\user-repository.ts:5:58)\n    at processTicksAndRejections (node:internal/process/task_queues:105:5)","timestamp":"2025-05-19T11:02:07.420Z"}
{"level":"info","message":"Server running --- from server.ts","timestamp":"2025-05-19T11:03:02.228Z"}
{"level":"info","message":"Server running --- from server.ts","timestamp":"2025-05-19T11:04:18.439Z"}
{"level":"info","message":"GET URL REQ => http://localhost:6200/api/v1/userRoutes/userGroundBooking","timestamp":"2025-05-19T11:04:34.675Z"}
{"level":"info","message":"Server running --- from server.ts","timestamp":"2025-05-19T11:05:25.857Z"}
{"level":"info","message":"Server running --- from server.ts","timestamp":"2025-05-19T11:05:37.419Z"}
{"level":"info","message":"Server running --- from server.ts","timestamp":"2025-05-19T11:06:52.031Z"}
{"level":"error","message":"Server not running ---  New route /api/v1/userRoutes/userGroundBooking conflicts with existing /api/v1/userRoutes/userGroundBooking","name":"AssertError","stack":"AssertError: New route /api/v1/userRoutes/userGroundBooking conflicts with existing /api/v1/userRoutes/userGroundBooking\n    at module.exports.internals.Segment.internals.Segment.add (C:\\Users\\INDHU\\Desktop\\projects\\sports app\\node_modules\\@hapi\\call\\lib\\segment.js:47:14)\n    at exports.Router.internals.Router.internals.Router.add (C:\\Users\\INDHU\\Desktop\\projects\\sports app\\node_modules\\@hapi\\call\\lib\\index.js:65:16)\n    at internals.Server._addRoute (C:\\Users\\INDHU\\Desktop\\projects\\sports app\\node_modules\\@hapi\\hapi\\lib\\server.js:529:46)\n    at internals.Server.route (C:\\Users\\INDHU\\Desktop\\projects\\sports app\\node_modules\\@hapi\\hapi\\lib\\server.js:518:22)\n    at C:\\Users\\INDHU\\Desktop\\projects\\sports app\\src\\api\\user\\routes.ts:13:14\n    at new Promise (<anonymous>)\n    at userRoutes.<anonymous> (C:\\Users\\INDHU\\Desktop\\projects\\sports app\\src\\api\\user\\routes.ts:11:12)\n    at Generator.next (<anonymous>)\n    at C:\\Users\\INDHU\\Desktop\\projects\\sports app\\src\\api\\user\\routes.ts:8:71\n    at new Promise (<anonymous>)","timestamp":"2025-05-19T11:09:00.504Z"}
{"level":"info","message":"Server running --- from server.ts","timestamp":"2025-05-19T11:09:22.037Z"}
{"level":"info","message":"Server running --- from server.ts","timestamp":"2025-05-19T11:09:32.064Z"}
{"level":"info","message":"Server running --- from server.ts","timestamp":"2025-05-19T11:11:03.019Z"}
{"level":"info","message":"Server running --- from server.ts","timestamp":"2025-05-19T11:11:42.719Z"}
{"level":"info","message":"Server running --- from server.ts","timestamp":"2025-05-19T11:15:13.294Z"}
{"level":"info","message":"Server running --- from server.ts","timestamp":"2025-05-19T11:21:10.735Z"}
{"level":"info","message":"Server running --- from server.ts","timestamp":"2025-05-19T11:21:37.730Z"}
{"level":"info","message":"Server running --- from server.ts","timestamp":"2025-05-19T11:22:02.304Z"}
{"level":"info","message":"Server running --- from server.ts","timestamp":"2025-05-19T11:22:38.629Z"}
{"level":"info","message":"Server running --- from server.ts","timestamp":"2025-05-19T11:23:31.082Z"}
{"level":"info","message":"GET URL REQ => http://localhost:6200/api/v1/userRoutes/listFilteredGrounds","timestamp":"2025-05-19T11:23:33.912Z"}
{"level":"info","message":"Server running --- from server.ts","timestamp":"2025-05-19T11:26:12.323Z"}
{"level":"info","message":"Server running --- from server.ts","timestamp":"2025-05-19T11:26:29.459Z"}
{"level":"info","message":"Server running --- from server.ts","timestamp":"2025-05-19T11:28:26.858Z"}
{"level":"info","message":"Server running --- from server.ts","timestamp":"2025-05-19T11:28:59.877Z"}
{"level":"info","message":"Server running --- from server.ts","timestamp":"2025-05-19T11:33:11.101Z"}
{"level":"info","message":"Server running --- from server.ts","timestamp":"2025-05-19T11:34:42.411Z"}
{"level":"info","message":"Server running --- from server.ts","timestamp":"2025-05-19T11:46:17.855Z"}
{"level":"info","message":"Server running --- from server.ts","timestamp":"2025-05-19T11:47:58.954Z"}
{"level":"info","message":"Server running --- from server.ts","timestamp":"2025-05-19T11:48:17.902Z"}
{"level":"info","message":"Server running --- from server.ts","timestamp":"2025-05-19T11:48:39.861Z"}
{"level":"info","message":"Server running --- from server.ts","timestamp":"2025-05-19T11:49:20.211Z"}
{"level":"info","message":"Server running --- from server.ts","timestamp":"2025-05-19T12:03:53.575Z"}
{"level":"info","message":"Server running --- from server.ts","timestamp":"2025-05-19T12:07:23.156Z"}
{"level":"info","message":"Server running --- from server.ts","timestamp":"2025-05-19T12:08:24.539Z"}
{"level":"info","message":"GET URL REQ => http://localhost:6200/api/v1/userRoutes/listFreeGrounds","timestamp":"2025-05-19T12:09:53.251Z"}
{"level":"info","message":"Server running --- from server.ts","timestamp":"2025-05-19T12:11:48.004Z"}
{"level":"info","message":"GET URL REQ => http://localhost:6200/api/v1/userRoutes/listFreeGrounds","timestamp":"2025-05-19T12:11:55.072Z"}
{"level":"info","message":"Server running --- from server.ts","timestamp":"2025-05-19T12:17:05.615Z"}
{"level":"info","message":"GET URL REQ => http://localhost:6200/api/v1/userRoutes/listFreeGrounds","timestamp":"2025-05-19T12:17:08.783Z"}
{"level":"info","message":"GET URL REQ => http://localhost:6200/api/v1/userRoutes/listFreeGrounds","timestamp":"2025-05-19T12:18:28.213Z"}
{"level":"info","message":"Server running --- from server.ts","timestamp":"2025-05-19T12:20:10.661Z"}
{"level":"info","message":"GET URL REQ => http://localhost:6200/api/v1/userRoutes/listFreeGrounds","timestamp":"2025-05-19T12:20:13.008Z"}
{"level":"info","message":"GET URL REQ => http://localhost:6200/api/v1/userRoutes/listFreeGrounds","timestamp":"2025-05-19T12:20:30.761Z"}
{"level":"info","message":"Server running --- from server.ts","timestamp":"2025-05-19T12:22:15.479Z"}
{"level":"info","message":"Server running --- from server.ts","timestamp":"2025-05-19T12:23:37.133Z"}
{"level":"info","message":"GET URL REQ => http://localhost:6200/api/v1/userRoutes/listFreeGrounds","timestamp":"2025-05-19T12:24:15.240Z"}
{"level":"info","message":"Server running --- from server.ts","timestamp":"2025-05-19T12:25:57.819Z"}
{"level":"info","message":"Server running --- from server.ts","timestamp":"2025-05-19T12:26:04.842Z"}
{"level":"info","message":"GET URL REQ => http://localhost:6200/api/v1/userRoutes/listFreeGrounds","timestamp":"2025-05-19T12:26:05.351Z"}
{"level":"info","message":"GET URL REQ => http://localhost:6200/api/v1/userRoutes/listFreeGrounds","timestamp":"2025-05-19T12:26:17.022Z"}
{"level":"info","message":"GET URL REQ => http://localhost:6200/api/v1/userRoutes/listFreeGrounds","timestamp":"2025-05-19T12:27:37.297Z"}
{"level":"info","message":"GET URL REQ => http://localhost:6200/api/v1/userRoutes/listFreeGrounds","timestamp":"2025-05-19T12:31:00.924Z"}
{"level":"info","message":"Server running --- from server.ts","timestamp":"2025-05-19T12:33:13.507Z"}
{"level":"info","message":"Server running --- from server.ts","timestamp":"2025-05-19T12:34:15.028Z"}
{"level":"error","message":"Server not running ---  New route /api/v1/adminRoutes/userLogin conflicts with existing /api/v1/adminRoutes/userLogin","name":"AssertError","stack":"AssertError: New route /api/v1/adminRoutes/userLogin conflicts with existing /api/v1/adminRoutes/userLogin\n    at module.exports.internals.Segment.internals.Segment.add (C:\\Users\\INDHU\\Desktop\\projects\\sports app\\node_modules\\@hapi\\call\\lib\\segment.js:47:14)\n    at exports.Router.internals.Router.internals.Router.add (C:\\Users\\INDHU\\Desktop\\projects\\sports app\\node_modules\\@hapi\\call\\lib\\index.js:65:16)\n    at internals.Server._addRoute (C:\\Users\\INDHU\\Desktop\\projects\\sports app\\node_modules\\@hapi\\hapi\\lib\\server.js:529:46)\n    at internals.Server.route (C:\\Users\\INDHU\\Desktop\\projects\\sports app\\node_modules\\@hapi\\hapi\\lib\\server.js:518:22)\n    at C:\\Users\\INDHU\\Desktop\\projects\\sports app\\src\\api\\admin\\routes.ts:13:14\n    at new Promise (<anonymous>)\n    at adminRoutes.<anonymous> (C:\\Users\\INDHU\\Desktop\\projects\\sports app\\src\\api\\admin\\routes.ts:11:12)\n    at Generator.next (<anonymous>)\n    at C:\\Users\\INDHU\\Desktop\\projects\\sports app\\src\\api\\admin\\routes.ts:8:71\n    at new Promise (<anonymous>)","timestamp":"2025-05-19T12:34:19.468Z"}
{"level":"info","message":"Server running --- from server.ts","timestamp":"2025-05-19T12:35:07.311Z"}
{"level":"info","message":"Server running --- from server.ts","timestamp":"2025-05-19T12:35:19.404Z"}
{"level":"info","message":"Server running --- from server.ts","timestamp":"2025-05-19T12:35:33.535Z"}
{"level":"info","message":"Server running --- from server.ts","timestamp":"2025-05-19T12:35:39.393Z"}
{"level":"info","message":"Server running --- from server.ts","timestamp":"2025-05-19T12:38:35.584Z"}
{"level":"info","message":"Server running --- from server.ts","timestamp":"2025-05-19T12:38:46.171Z"}
{"level":"info","message":"Server running --- from server.ts","timestamp":"2025-05-19T12:38:56.316Z"}
{"level":"info","message":"Server running --- from server.ts","timestamp":"2025-05-19T12:39:00.652Z"}
{"level":"error","message":"Server not running ---  New route /api/v1/adminRoutes/userLogin conflicts with existing /api/v1/adminRoutes/userLogin","name":"AssertError","stack":"AssertError: New route /api/v1/adminRoutes/userLogin conflicts with existing /api/v1/adminRoutes/userLogin\n    at module.exports.internals.Segment.internals.Segment.add (C:\\Users\\INDHU\\Desktop\\projects\\sports app\\node_modules\\@hapi\\call\\lib\\segment.js:47:14)\n    at exports.Router.internals.Router.internals.Router.add (C:\\Users\\INDHU\\Desktop\\projects\\sports app\\node_modules\\@hapi\\call\\lib\\index.js:65:16)\n    at internals.Server._addRoute (C:\\Users\\INDHU\\Desktop\\projects\\sports app\\node_modules\\@hapi\\hapi\\lib\\server.js:529:46)\n    at internals.Server.route (C:\\Users\\INDHU\\Desktop\\projects\\sports app\\node_modules\\@hapi\\hapi\\lib\\server.js:518:22)\n    at C:\\Users\\INDHU\\Desktop\\projects\\sports app\\src\\api\\admin\\routes.ts:13:14\n    at new Promise (<anonymous>)\n    at adminRoutes.<anonymous> (C:\\Users\\INDHU\\Desktop\\projects\\sports app\\src\\api\\admin\\routes.ts:11:12)\n    at Generator.next (<anonymous>)\n    at C:\\Users\\INDHU\\Desktop\\projects\\sports app\\src\\api\\admin\\routes.ts:8:71\n    at new Promise (<anonymous>)","timestamp":"2025-05-19T12:40:40.260Z"}
{"level":"info","message":"Server running --- from server.ts","timestamp":"2025-05-19T12:45:29.140Z"}
{"level":"info","message":"Server running --- from server.ts","timestamp":"2025-05-19T13:10:01.229Z"}
