{"level":"info","message":"Server running --- from server.ts","timestamp":"2025-05-24T06:47:56.534Z"}
{"level":"info","message":"GET URL REQ => http://localhost:6200/api/v1/groundRoutes/listGround","timestamp":"2025-05-24T06:48:27.642Z"}
{"level":"info","message":"GET URL REQ => http://localhost:6200/api/v1/groundRoutes/listGround","timestamp":"2025-05-24T06:48:27.924Z"}
{"level":"info","message":"GET URL REQ => http://localhost:6200/api/v1/groundRoutes/listGround","timestamp":"2025-05-24T06:48:56.563Z"}
{"level":"info","message":"GET URL REQ => http://localhost:6200/api/v1/groundRoutes/listGround","timestamp":"2025-05-24T06:48:56.657Z"}
{"level":"info","message":"GET URL REQ => http://localhost:6200/api/v1/settingRoutes/listFeatures","timestamp":"2025-05-24T06:48:58.783Z"}
{"level":"info","message":"GET URL REQ => http://localhost:6200/api/v1/settingRoutes/listSportCategory","timestamp":"2025-05-24T06:48:58.791Z"}
{"level":"info","message":"GET URL REQ => http://localhost:6200/api/v1/settingRoutes/listFeatures","timestamp":"2025-05-24T06:48:58.809Z"}
{"level":"info","message":"GET URL REQ => http://localhost:6200/api/v1/settingRoutes/listSportCategory","timestamp":"2025-05-24T06:48:58.911Z"}
{"level":"info","message":"GET URL REQ => http://localhost:6200/api/v1/adminRoutes/listSignUpUsers","timestamp":"2025-05-24T06:49:07.471Z"}
{"level":"info","message":"GET URL REQ => http://localhost:6200/api/v1/adminRoutes/listSignUpUsers","timestamp":"2025-05-24T06:49:07.527Z"}
{"level":"info","message":"GET URL REQ => http://localhost:6200/api/v1/adminRoutes/listUserBookings","timestamp":"2025-05-24T06:49:22.352Z"}
{"level":"info","message":"GET URL REQ => http://localhost:6200/api/v1/adminRoutes/listUserBookings","timestamp":"2025-05-24T06:49:22.473Z"}
{"level":"info","message":"GET URL REQ => http://localhost:6200/api/v1/settingRoutes/listSportCategory","timestamp":"2025-05-24T06:49:40.956Z"}
{"level":"info","message":"GET URL REQ => http://localhost:6200/api/v1/settingRoutes/listSportCategory","timestamp":"2025-05-24T06:49:41.137Z"}
{"level":"info","message":"GET URL REQ => http://localhost:6200/api/v1/settingRoutes/addSportCategory","timestamp":"2025-05-24T06:49:54.373Z"}
{"level":"info","message":"GET URL REQ => http://localhost:6200/api/v1/settingRoutes/addSportCategory","timestamp":"2025-05-24T06:50:08.226Z"}
{"level":"info","message":"GET URL REQ => http://localhost:6200/api/v1/settingRoutes/listSportCategory","timestamp":"2025-05-24T06:50:08.400Z"}
{"level":"info","message":"GET URL REQ => http://localhost:6200/api/v1/settingRoutes/listFeatures","timestamp":"2025-05-24T06:50:16.541Z"}
{"level":"info","message":"GET URL REQ => http://localhost:6200/api/v1/settingRoutes/listFeatures","timestamp":"2025-05-24T06:50:16.595Z"}
{"level":"info","message":"GET URL REQ => http://localhost:6200/api/v1/settingRoutes/listUserGuidelines","timestamp":"2025-05-24T06:50:26.545Z"}
{"level":"info","message":"GET URL REQ => http://localhost:6200/api/v1/settingRoutes/listUserGuidelines","timestamp":"2025-05-24T06:50:26.561Z"}
{"level":"info","message":"GET URL REQ => http://localhost:6200/api/v1/settingRoutes/listFacilities","timestamp":"2025-05-24T06:50:30.148Z"}
{"level":"info","message":"GET URL REQ => http://localhost:6200/api/v1/settingRoutes/listFacilities","timestamp":"2025-05-24T06:50:30.158Z"}
{"level":"info","message":"GET URL REQ => http://localhost:6200/api/v1/settingRoutes/listAdditionalTips","timestamp":"2025-05-24T06:50:32.233Z"}
{"level":"info","message":"GET URL REQ => http://localhost:6200/api/v1/settingRoutes/listAdditionalTips","timestamp":"2025-05-24T06:50:32.247Z"}
{"level":"info","message":"GET URL REQ => http://localhost:6200/api/v1/settingRoutes/listFoodAndSnacks","timestamp":"2025-05-24T06:50:34.509Z"}
{"level":"info","message":"GET URL REQ => http://localhost:6200/api/v1/settingRoutes/listFoodAndSnacks","timestamp":"2025-05-24T06:50:34.521Z"}
{"level":"info","message":"GET URL REQ => http://localhost:6200/api/v1/settingRoutes/listFoodAndSnacks","timestamp":"2025-05-24T06:54:22.251Z"}
{"level":"info","message":"GET URL REQ => http://localhost:6200/api/v1/settingRoutes/listFoodAndSnacks","timestamp":"2025-05-24T06:54:22.406Z"}
{"level":"info","message":"GET URL REQ => http://localhost:6200/api/v1/settingRoutes/listFoodAndSnacks","timestamp":"2025-05-24T07:09:50.656Z"}
{"level":"info","message":"GET URL REQ => http://localhost:6200/api/v1/settingRoutes/listFoodCategory","timestamp":"2025-05-24T07:09:50.674Z"}
{"level":"info","message":"GET URL REQ => http://localhost:6200/api/v1/settingRoutes/listFoodAndSnacks","timestamp":"2025-05-24T07:10:24.080Z"}
{"level":"info","message":"GET URL REQ => http://localhost:6200/api/v1/settingRoutes/listFoodCategory","timestamp":"2025-05-24T07:10:24.289Z"}
{"level":"info","message":"GET URL REQ => http://localhost:6200/api/v1/settingRoutes/listFoodAndSnacks","timestamp":"2025-05-24T07:10:24.312Z"}
{"level":"info","message":"GET URL REQ => http://localhost:6200/api/v1/settingRoutes/listFoodCategory","timestamp":"2025-05-24T07:10:24.333Z"}
{"level":"info","message":"GET URL REQ => http://localhost:6200/api/v1/settingRoutes/deleteFoodImage","timestamp":"2025-05-24T07:11:11.423Z"}
{"level":"info","message":"GET URL REQ => http://localhost:6200/api/v1/settingRoutes/uploadFoodImage","timestamp":"2025-05-24T07:11:11.519Z"}
{"level":"info","message":"GET URL REQ => http://localhost:6200/api/v1/settingRoutes/listFoodAndSnacks","timestamp":"2025-05-24T07:23:44.795Z"}
{"level":"info","message":"GET URL REQ => http://localhost:6200/api/v1/settingRoutes/listFoodCategory","timestamp":"2025-05-24T07:23:44.818Z"}
{"level":"info","message":"GET URL REQ => http://localhost:6200/api/v1/settingRoutes/listFoodAndSnacks","timestamp":"2025-05-24T07:23:44.976Z"}
{"level":"info","message":"GET URL REQ => http://localhost:6200/api/v1/settingRoutes/listFoodCategory","timestamp":"2025-05-24T07:23:44.994Z"}
{"level":"info","message":"GET URL REQ => http://localhost:6200/api/v1/settingRoutes/listFoodAndSnacks","timestamp":"2025-05-24T07:36:33.442Z"}
{"level":"info","message":"GET URL REQ => http://localhost:6200/api/v1/settingRoutes/listFoodAndSnacks","timestamp":"2025-05-24T07:36:33.588Z"}
{"level":"info","message":"GET URL REQ => http://localhost:6200/api/v1/settingRoutes/listFoodAndSnacks","timestamp":"2025-05-24T07:37:17.355Z"}
{"level":"info","message":"GET URL REQ => http://localhost:6200/api/v1/settingRoutes/listFoodAndSnacks","timestamp":"2025-05-24T07:37:17.420Z"}
{"level":"info","message":"GET URL REQ => http://localhost:6200/api/v1/settingRoutes/listFoodAndSnacks","timestamp":"2025-05-24T07:37:56.751Z"}
{"level":"info","message":"GET URL REQ => http://localhost:6200/api/v1/settingRoutes/listFoodAndSnacks","timestamp":"2025-05-24T07:37:56.882Z"}
{"level":"info","message":"GET URL REQ => http://localhost:6200/api/v1/settingRoutes/listFoodAndSnacks","timestamp":"2025-05-24T07:38:22.601Z"}
{"level":"info","message":"GET URL REQ => http://localhost:6200/api/v1/settingRoutes/listFoodAndSnacks","timestamp":"2025-05-24T07:38:22.668Z"}
{"level":"info","message":"GET URL REQ => http://localhost:6200/api/v1/groundRoutes/listGround","timestamp":"2025-05-24T07:39:11.887Z"}
{"level":"info","message":"GET URL REQ => http://localhost:6200/api/v1/groundRoutes/listGround","timestamp":"2025-05-24T07:39:12.031Z"}
{"level":"info","message":"GET URL REQ => http://localhost:6200/api/v1/settingRoutes/listFoodAndSnacks","timestamp":"2025-05-24T07:40:03.196Z"}
{"level":"info","message":"GET URL REQ => http://localhost:6200/api/v1/settingRoutes/listFoodAndSnacks","timestamp":"2025-05-24T07:40:03.259Z"}
{"level":"info","message":"Server running --- from server.ts","timestamp":"2025-05-24T07:44:10.457Z"}
{"level":"info","message":"GET URL REQ => http://localhost:6200/api/v1/settingRoutes/listFoodAndSnacks","timestamp":"2025-05-24T07:44:13.170Z"}
{"level":"info","message":"GET URL REQ => http://localhost:6200/api/v1/settingRoutes/listFoodAndSnacks","timestamp":"2025-05-24T07:44:13.312Z"}
{"level":"info","message":"GET URL REQ => http://localhost:6200/api/v1/settingRoutes/listFoodAndSnacks","timestamp":"2025-05-24T07:45:02.382Z"}
{"level":"info","message":"GET URL REQ => http://localhost:6200/api/v1/settingRoutes/listFoodAndSnacks","timestamp":"2025-05-24T07:45:02.461Z"}
{"level":"info","message":"GET URL REQ => http://localhost:6200/api/v1/settingRoutes/listFoodAndSnacks","timestamp":"2025-05-24T07:47:30.586Z"}
{"level":"info","message":"GET URL REQ => http://localhost:6200/api/v1/settingRoutes/listFoodAndSnacks","timestamp":"2025-05-24T07:47:30.707Z"}
{"level":"info","message":"GET URL REQ => http://localhost:6200/api/v1/settingRoutes/listFoodAndSnacks","timestamp":"2025-05-24T07:56:17.727Z"}
{"level":"info","message":"GET URL REQ => http://localhost:6200/api/v1/settingRoutes/listFoodAndSnacks","timestamp":"2025-05-24T07:56:17.903Z"}
{"level":"info","message":"GET URL REQ => http://localhost:6200/api/v1/settingRoutes/listFoodAndSnacks","timestamp":"2025-05-24T07:56:54.464Z"}
{"level":"info","message":"GET URL REQ => http://localhost:6200/api/v1/settingRoutes/listFoodAndSnacks","timestamp":"2025-05-24T07:56:54.739Z"}
{"level":"info","message":"GET URL REQ => http://localhost:6200/api/v1/settingRoutes/listFoodAndSnacks","timestamp":"2025-05-24T07:57:17.407Z"}
{"level":"info","message":"GET URL REQ => http://localhost:6200/api/v1/settingRoutes/listFoodAndSnacks","timestamp":"2025-05-24T07:57:17.676Z"}
{"level":"info","message":"GET URL REQ => http://localhost:6200/api/v1/settingRoutes/listFoodAndSnacks","timestamp":"2025-05-24T07:57:37.231Z"}
{"level":"info","message":"GET URL REQ => http://localhost:6200/api/v1/settingRoutes/listFoodAndSnacks","timestamp":"2025-05-24T07:57:37.411Z"}
{"level":"info","message":"GET URL REQ => http://localhost:6200/api/v1/settingRoutes/listFoodAndSnacks","timestamp":"2025-05-24T07:58:07.086Z"}
{"level":"info","message":"GET URL REQ => http://localhost:6200/api/v1/settingRoutes/listFoodAndSnacks","timestamp":"2025-05-24T07:58:07.162Z"}
{"level":"info","message":"GET URL REQ => http://localhost:6200/api/v1/settingRoutes/listFoodAndSnacks","timestamp":"2025-05-24T08:33:33.041Z"}
{"level":"info","message":"GET URL REQ => http://localhost:6200/api/v1/settingRoutes/listFoodAndSnacks","timestamp":"2025-05-24T08:33:33.230Z"}
{"level":"info","message":"GET URL REQ => http://localhost:6200/api/v1/settingRoutes/listFoodAndSnacks","timestamp":"2025-05-24T08:33:56.962Z"}
{"level":"info","message":"GET URL REQ => http://localhost:6200/api/v1/settingRoutes/listFoodAndSnacks","timestamp":"2025-05-24T08:33:57.033Z"}
{"level":"info","message":"GET URL REQ => http://localhost:6200/api/v1/settingRoutes/listFoodAndSnacks","timestamp":"2025-05-24T08:35:46.908Z"}
{"level":"info","message":"GET URL REQ => http://localhost:6200/api/v1/settingRoutes/listFoodAndSnacks","timestamp":"2025-05-24T08:35:47.147Z"}
{"level":"info","message":"GET URL REQ => http://localhost:6200/api/v1/settingRoutes/listFoodAndSnacks","timestamp":"2025-05-24T08:40:04.945Z"}
{"level":"info","message":"GET URL REQ => http://localhost:6200/api/v1/settingRoutes/listFoodAndSnacks","timestamp":"2025-05-24T08:40:05.073Z"}
{"level":"info","message":"GET URL REQ => http://localhost:6200/api/v1/settingRoutes/listFoodAndSnacks","timestamp":"2025-05-24T08:42:06.628Z"}
{"level":"info","message":"GET URL REQ => http://localhost:6200/api/v1/settingRoutes/listFoodAndSnacks","timestamp":"2025-05-24T08:42:06.793Z"}
{"level":"info","message":"GET URL REQ => http://localhost:6200/api/v1/settingRoutes/listFoodCategory","timestamp":"2025-05-24T08:51:11.634Z"}
{"level":"info","message":"GET URL REQ => http://localhost:6200/api/v1/settingRoutes/listFoodAndSnacks","timestamp":"2025-05-24T08:51:11.656Z"}
{"level":"info","message":"GET URL REQ => http://localhost:6200/api/v1/settingRoutes/listFoodAndSnacks","timestamp":"2025-05-24T08:56:22.641Z"}
{"level":"info","message":"GET URL REQ => http://localhost:6200/api/v1/settingRoutes/listFoodCategory","timestamp":"2025-05-24T08:56:22.653Z"}
{"level":"info","message":"GET URL REQ => http://localhost:6200/api/v1/settingRoutes/listFoodAndSnacks","timestamp":"2025-05-24T08:58:52.488Z"}
{"level":"info","message":"GET URL REQ => http://localhost:6200/api/v1/settingRoutes/listFoodCategory","timestamp":"2025-05-24T08:58:52.515Z"}
{"level":"info","message":"GET URL REQ => http://localhost:6200/api/v1/settingRoutes/listFoodAndSnacks","timestamp":"2025-05-24T08:58:52.659Z"}
{"level":"info","message":"GET URL REQ => http://localhost:6200/api/v1/settingRoutes/listFoodCategory","timestamp":"2025-05-24T08:58:52.670Z"}
{"level":"info","message":"GET URL REQ => http://localhost:6200/api/v1/settingRoutes/listFoodAndSnacks","timestamp":"2025-05-24T09:26:18.671Z"}
{"level":"info","message":"GET URL REQ => http://localhost:6200/api/v1/settingRoutes/listFoodCategory","timestamp":"2025-05-24T09:26:18.692Z"}
{"level":"info","message":"GET URL REQ => http://localhost:6200/api/v1/settingRoutes/listFoodAndSnacks","timestamp":"2025-05-24T09:26:18.829Z"}
{"level":"info","message":"GET URL REQ => http://localhost:6200/api/v1/settingRoutes/listFoodCategory","timestamp":"2025-05-24T09:26:18.928Z"}
{"level":"info","message":"GET URL REQ => http://localhost:6200/api/v1/settingRoutes/listFoodAndSnacks","timestamp":"2025-05-24T09:41:03.466Z"}
{"level":"info","message":"GET URL REQ => http://localhost:6200/api/v1/settingRoutes/listFoodCategory","timestamp":"2025-05-24T09:41:03.477Z"}
{"level":"info","message":"GET URL REQ => http://localhost:6200/api/v1/settingRoutes/listFoodCategory","timestamp":"2025-05-24T09:41:03.625Z"}
{"level":"info","message":"GET URL REQ => http://localhost:6200/api/v1/settingRoutes/listFoodAndSnacks","timestamp":"2025-05-24T09:41:03.635Z"}
{"level":"info","message":"GET URL REQ => http://localhost:6200/api/v1/settingRoutes/listFoodAndSnacks","timestamp":"2025-05-24T09:46:08.644Z"}
{"level":"info","message":"GET URL REQ => http://localhost:6200/api/v1/settingRoutes/listFoodCategory","timestamp":"2025-05-24T09:46:08.652Z"}
{"level":"info","message":"GET URL REQ => http://localhost:6200/api/v1/settingRoutes/listFoodAndSnacks","timestamp":"2025-05-24T09:46:17.247Z"}
{"level":"info","message":"GET URL REQ => http://localhost:6200/api/v1/settingRoutes/listFoodCategory","timestamp":"2025-05-24T09:46:17.263Z"}
{"level":"info","message":"GET URL REQ => http://localhost:6200/api/v1/settingRoutes/listFoodAndSnacks","timestamp":"2025-05-24T09:50:44.338Z"}
{"level":"info","message":"GET URL REQ => http://localhost:6200/api/v1/settingRoutes/listFoodCategory","timestamp":"2025-05-24T09:50:44.354Z"}
{"level":"info","message":"GET URL REQ => http://localhost:6200/api/v1/settingRoutes/listFoodAndSnacks","timestamp":"2025-05-24T09:50:44.492Z"}
{"level":"info","message":"GET URL REQ => http://localhost:6200/api/v1/settingRoutes/listFoodCategory","timestamp":"2025-05-24T09:50:44.505Z"}
{"level":"info","message":"GET URL REQ => http://localhost:6200/api/v1/settingRoutes/deleteFoodAndSnacks","timestamp":"2025-05-24T09:50:50.243Z"}
{"level":"info","message":"GET URL REQ => http://localhost:6200/api/v1/settingRoutes/listFoodAndSnacks","timestamp":"2025-05-24T09:50:50.265Z"}
{"level":"info","message":"GET URL REQ => http://localhost:6200/api/v1/settingRoutes/listAdditionalTips","timestamp":"2025-05-24T09:54:51.318Z"}
{"level":"info","message":"GET URL REQ => http://localhost:6200/api/v1/settingRoutes/listAdditionalTips","timestamp":"2025-05-24T09:54:51.471Z"}
{"level":"info","message":"GET URL REQ => http://localhost:6200/api/v1/settingRoutes/deleteAdditionalTips","timestamp":"2025-05-24T09:54:54.503Z"}
{"level":"info","message":"GET URL REQ => http://localhost:6200/api/v1/settingRoutes/listAdditionalTips","timestamp":"2025-05-24T09:54:54.561Z"}
{"level":"info","message":"GET URL REQ => http://localhost:6200/api/v1/groundRoutes/listGround","timestamp":"2025-05-24T10:25:57.527Z"}
{"level":"info","message":"GET URL REQ => http://localhost:6200/api/v1/groundRoutes/listGround","timestamp":"2025-05-24T10:25:57.598Z"}
{"level":"info","message":"GET URL REQ => http://localhost:6200/api/v1/groundRoutes/listGround","timestamp":"2025-05-24T10:25:58.748Z"}
{"level":"info","message":"GET URL REQ => http://localhost:6200/api/v1/groundRoutes/listGround","timestamp":"2025-05-24T10:25:58.763Z"}
{"level":"info","message":"GET URL REQ => http://localhost:6200/api/v1/adminRoutes/listSignUpUsers","timestamp":"2025-05-24T10:25:59.950Z"}
{"level":"info","message":"GET URL REQ => http://localhost:6200/api/v1/adminRoutes/listSignUpUsers","timestamp":"2025-05-24T10:25:59.966Z"}
{"level":"info","message":"GET URL REQ => http://localhost:6200/api/v1/adminRoutes/listUserBookings","timestamp":"2025-05-24T10:26:01.582Z"}
{"level":"info","message":"GET URL REQ => http://localhost:6200/api/v1/adminRoutes/listUserBookings","timestamp":"2025-05-24T10:26:01.592Z"}
{"level":"info","message":"GET URL REQ => http://localhost:6200/api/v1/settingRoutes/listSportCategory","timestamp":"2025-05-24T10:26:09.512Z"}
{"level":"info","message":"GET URL REQ => http://localhost:6200/api/v1/settingRoutes/listSportCategory","timestamp":"2025-05-24T10:26:09.521Z"}
{"level":"info","message":"GET URL REQ => http://localhost:6200/api/v1/settingRoutes/listFeatures","timestamp":"2025-05-24T10:26:13.617Z"}
{"level":"info","message":"GET URL REQ => http://localhost:6200/api/v1/settingRoutes/listFeatures","timestamp":"2025-05-24T10:26:13.625Z"}
{"level":"info","message":"GET URL REQ => http://localhost:6200/api/v1/settingRoutes/addFeatures","timestamp":"2025-05-24T10:26:28.086Z"}
{"level":"info","message":"GET URL REQ => http://localhost:6200/api/v1/settingRoutes/listFeatures","timestamp":"2025-05-24T10:26:28.305Z"}
{"level":"info","message":"GET URL REQ => http://localhost:6200/api/v1/settingRoutes/listAdditionalTips","timestamp":"2025-05-24T10:26:32.152Z"}
{"level":"info","message":"GET URL REQ => http://localhost:6200/api/v1/settingRoutes/listAdditionalTips","timestamp":"2025-05-24T10:26:32.163Z"}
{"level":"info","message":"GET URL REQ => http://localhost:6200/api/v1/settingRoutes/listFoodAndSnacks","timestamp":"2025-05-24T10:26:34.577Z"}
{"level":"info","message":"GET URL REQ => http://localhost:6200/api/v1/settingRoutes/listFoodCategory","timestamp":"2025-05-24T10:26:34.582Z"}
{"level":"info","message":"GET URL REQ => http://localhost:6200/api/v1/settingRoutes/listFoodAndSnacks","timestamp":"2025-05-24T10:26:34.590Z"}
{"level":"info","message":"GET URL REQ => http://localhost:6200/api/v1/settingRoutes/listFoodCategory","timestamp":"2025-05-24T10:26:34.653Z"}
{"level":"info","message":"GET URL REQ => http://localhost:6200/api/v1/settingRoutes/listFacilities","timestamp":"2025-05-24T10:26:38.766Z"}
{"level":"info","message":"GET URL REQ => http://localhost:6200/api/v1/settingRoutes/listFacilities","timestamp":"2025-05-24T10:26:38.774Z"}
{"level":"info","message":"GET URL REQ => http://localhost:6200/api/v1/settingRoutes/listAdditionalTips","timestamp":"2025-05-24T10:26:53.632Z"}
{"level":"info","message":"GET URL REQ => http://localhost:6200/api/v1/settingRoutes/listAdditionalTips","timestamp":"2025-05-24T10:26:53.826Z"}
{"level":"info","message":"GET URL REQ => http://localhost:6200/api/v1/settingRoutes/deleteAdditionalTips","timestamp":"2025-05-24T10:26:56.436Z"}
{"level":"info","message":"GET URL REQ => http://localhost:6200/api/v1/settingRoutes/listAdditionalTips","timestamp":"2025-05-24T10:26:56.461Z"}
{"level":"info","message":"GET URL REQ => http://localhost:6200/api/v1/adminRoutes/userLogin","timestamp":"2025-05-24T10:27:16.587Z"}
{"level":"info","message":"GET URL REQ => http://localhost:6200/api/v1/groundRoutes/listGround","timestamp":"2025-05-24T10:27:17.183Z"}
{"level":"info","message":"GET URL REQ => http://localhost:6200/api/v1/groundRoutes/listGround","timestamp":"2025-05-24T10:27:17.199Z"}
{"level":"info","message":"GET URL REQ => http://localhost:6200/api/v1/groundRoutes/listGround","timestamp":"2025-05-24T10:27:23.727Z"}
{"level":"info","message":"GET URL REQ => http://localhost:6200/api/v1/groundRoutes/listGround","timestamp":"2025-05-24T10:27:23.738Z"}
{"level":"info","message":"GET URL REQ => http://localhost:6200/api/v1/settingRoutes/listFeatures","timestamp":"2025-05-24T10:27:24.944Z"}
{"level":"info","message":"GET URL REQ => http://localhost:6200/api/v1/settingRoutes/listSportCategory","timestamp":"2025-05-24T10:27:24.948Z"}
{"level":"info","message":"GET URL REQ => http://localhost:6200/api/v1/settingRoutes/listFeatures","timestamp":"2025-05-24T10:27:24.957Z"}
{"level":"info","message":"GET URL REQ => http://localhost:6200/api/v1/settingRoutes/listSportCategory","timestamp":"2025-05-24T10:27:25.047Z"}
{"level":"info","message":"GET URL REQ => http://localhost:6200/api/v1/settingRoutes/listFacilities","timestamp":"2025-05-24T10:39:03.040Z"}
{"level":"info","message":"GET URL REQ => http://localhost:6200/api/v1/settingRoutes/listFacilities","timestamp":"2025-05-24T10:39:03.132Z"}
{"level":"info","message":"GET URL REQ => http://localhost:6200/api/v1/settingRoutes/listFeatures","timestamp":"2025-05-24T10:42:43.450Z"}
{"level":"info","message":"GET URL REQ => http://localhost:6200/api/v1/settingRoutes/listFeatures","timestamp":"2025-05-24T10:42:43.531Z"}
{"level":"info","message":"GET URL REQ => http://localhost:6200/api/v1/settingRoutes/listFacilities","timestamp":"2025-05-24T10:42:46.074Z"}
{"level":"info","message":"GET URL REQ => http://localhost:6200/api/v1/settingRoutes/listFacilities","timestamp":"2025-05-24T10:42:46.083Z"}
{"level":"info","message":"GET URL REQ => http://localhost:6200/api/v1/settingRoutes/listFacilities","timestamp":"2025-05-24T11:07:40.801Z"}
{"level":"info","message":"GET URL REQ => http://localhost:6200/api/v1/settingRoutes/listFacilities","timestamp":"2025-05-24T11:07:40.895Z"}
{"level":"info","message":"GET URL REQ => http://localhost:6200/api/v1/settingRoutes/listFacilities","timestamp":"2025-05-24T11:08:08.661Z"}
{"level":"info","message":"GET URL REQ => http://localhost:6200/api/v1/settingRoutes/listFacilities","timestamp":"2025-05-24T11:08:08.727Z"}
{"level":"info","message":"GET URL REQ => http://localhost:6200/api/v1/settingRoutes/deleteFacilities","timestamp":"2025-05-24T11:09:35.429Z"}
{"level":"info","message":"GET URL REQ => http://localhost:6200/api/v1/settingRoutes/listFacilities","timestamp":"2025-05-24T11:09:35.518Z"}
{"level":"info","message":"GET URL REQ => http://localhost:6200/api/v1/settingRoutes/listUserGuidelines","timestamp":"2025-05-24T11:09:42.491Z"}
{"level":"info","message":"GET URL REQ => http://localhost:6200/api/v1/settingRoutes/listUserGuidelines","timestamp":"2025-05-24T11:09:42.505Z"}
{"level":"info","message":"GET URL REQ => http://localhost:6200/api/v1/settingRoutes/listUserGuidelines","timestamp":"2025-05-24T12:55:22.837Z"}
{"level":"info","message":"GET URL REQ => http://localhost:6200/api/v1/settingRoutes/listUserGuidelines","timestamp":"2025-05-24T12:55:22.988Z"}
{"level":"info","message":"GET URL REQ => http://localhost:6200/api/v1/settingRoutes/deleteUserGuidelines","timestamp":"2025-05-24T12:55:24.779Z"}
{"level":"info","message":"GET URL REQ => http://localhost:6200/api/v1/settingRoutes/listUserGuidelines","timestamp":"2025-05-24T12:55:24.808Z"}
{"level":"info","message":"GET URL REQ => http://localhost:6200/api/v1/settingRoutes/listUserGuidelines","timestamp":"2025-05-24T12:55:27.902Z"}
{"level":"info","message":"GET URL REQ => http://localhost:6200/api/v1/settingRoutes/listUserGuidelines","timestamp":"2025-05-24T12:55:27.917Z"}
{"level":"info","message":"GET URL REQ => http://localhost:6200/api/v1/settingRoutes/listFeatures","timestamp":"2025-05-24T12:55:34.068Z"}
{"level":"info","message":"GET URL REQ => http://localhost:6200/api/v1/settingRoutes/listFeatures","timestamp":"2025-05-24T12:55:34.085Z"}
{"level":"info","message":"GET URL REQ => http://localhost:6200/api/v1/settingRoutes/listFeatures","timestamp":"2025-05-24T12:58:25.786Z"}
{"level":"info","message":"GET URL REQ => http://localhost:6200/api/v1/settingRoutes/listFeatures","timestamp":"2025-05-24T12:58:25.918Z"}
{"level":"info","message":"GET URL REQ => http://localhost:6200/api/v1/settingRoutes/deleteFeatures","timestamp":"2025-05-24T12:58:29.289Z"}
{"level":"info","message":"GET URL REQ => http://localhost:6200/api/v1/settingRoutes/listFeatures","timestamp":"2025-05-24T12:58:29.316Z"}
{"level":"info","message":"GET URL REQ => http://localhost:6200/api/v1/settingRoutes/listSportCategory","timestamp":"2025-05-24T13:00:26.649Z"}
{"level":"info","message":"GET URL REQ => http://localhost:6200/api/v1/settingRoutes/listSportCategory","timestamp":"2025-05-24T13:00:26.766Z"}
{"level":"info","message":"GET URL REQ => http://localhost:6200/api/v1/settingRoutes/deleteSportCategory","timestamp":"2025-05-24T13:00:31.011Z"}
{"level":"info","message":"GET URL REQ => http://localhost:6200/api/v1/settingRoutes/listSportCategory","timestamp":"2025-05-24T13:00:31.140Z"}
{"level":"info","message":"GET URL REQ => http://localhost:6200/api/v1/settingRoutes/deleteSportCategory","timestamp":"2025-05-24T13:00:32.506Z"}
{"level":"info","message":"GET URL REQ => http://localhost:6200/api/v1/settingRoutes/listSportCategory","timestamp":"2025-05-24T13:00:32.559Z"}
{"level":"info","message":"GET URL REQ => http://localhost:6200/api/v1/settingRoutes/deleteSportCategory","timestamp":"2025-05-24T13:00:35.334Z"}
{"level":"info","message":"GET URL REQ => http://localhost:6200/api/v1/settingRoutes/listSportCategory","timestamp":"2025-05-24T13:00:35.396Z"}
{"level":"info","message":"GET URL REQ => http://localhost:6200/api/v1/settingRoutes/deleteSportCategory","timestamp":"2025-05-24T13:00:39.092Z"}
{"level":"info","message":"GET URL REQ => http://localhost:6200/api/v1/settingRoutes/listSportCategory","timestamp":"2025-05-24T13:00:39.139Z"}
{"level":"info","message":"GET URL REQ => http://localhost:6200/api/v1/settingRoutes/deleteSportCategory","timestamp":"2025-05-24T13:00:40.729Z"}
{"level":"info","message":"GET URL REQ => http://localhost:6200/api/v1/settingRoutes/listSportCategory","timestamp":"2025-05-24T13:00:40.820Z"}
{"level":"info","message":"GET URL REQ => http://localhost:6200/api/v1/groundRoutes/listGround","timestamp":"2025-05-24T13:00:47.455Z"}
{"level":"info","message":"GET URL REQ => http://localhost:6200/api/v1/groundRoutes/listGround","timestamp":"2025-05-24T13:00:47.562Z"}
{"level":"info","message":"GET URL REQ => http://localhost:6200/api/v1/settingRoutes/listAdditionalTips","timestamp":"2025-05-24T13:00:51.472Z"}
{"level":"info","message":"GET URL REQ => http://localhost:6200/api/v1/settingRoutes/listAdditionalTips","timestamp":"2025-05-24T13:00:51.483Z"}
{"level":"info","message":"GET URL REQ => http://localhost:6200/api/v1/settingRoutes/listFoodAndSnacks","timestamp":"2025-05-24T13:00:53.902Z"}
{"level":"info","message":"GET URL REQ => http://localhost:6200/api/v1/settingRoutes/listFoodCategory","timestamp":"2025-05-24T13:00:53.913Z"}
{"level":"info","message":"GET URL REQ => http://localhost:6200/api/v1/settingRoutes/listFoodAndSnacks","timestamp":"2025-05-24T13:00:53.922Z"}
{"level":"info","message":"GET URL REQ => http://localhost:6200/api/v1/settingRoutes/listFoodCategory","timestamp":"2025-05-24T13:00:53.928Z"}
{"level":"info","message":"GET URL REQ => http://localhost:6200/api/v1/settingRoutes/listFoodAndSnacks","timestamp":"2025-05-24T13:03:22.725Z"}
{"level":"info","message":"GET URL REQ => http://localhost:6200/api/v1/settingRoutes/listFoodCategory","timestamp":"2025-05-24T13:03:22.743Z"}
{"level":"info","message":"GET URL REQ => http://localhost:6200/api/v1/settingRoutes/listFoodCategory","timestamp":"2025-05-24T13:03:22.912Z"}
{"level":"info","message":"GET URL REQ => http://localhost:6200/api/v1/settingRoutes/listFoodAndSnacks","timestamp":"2025-05-24T13:03:22.918Z"}
{"level":"info","message":"GET URL REQ => http://localhost:6200/api/v1/settingRoutes/listFoodAndSnacks","timestamp":"2025-05-24T13:03:38.598Z"}
{"level":"info","message":"GET URL REQ => http://localhost:6200/api/v1/settingRoutes/listFoodCategory","timestamp":"2025-05-24T13:03:38.603Z"}
{"level":"info","message":"GET URL REQ => http://localhost:6200/api/v1/settingRoutes/listFoodAndSnacks","timestamp":"2025-05-24T13:03:38.680Z"}
{"level":"info","message":"GET URL REQ => http://localhost:6200/api/v1/settingRoutes/listFoodCategory","timestamp":"2025-05-24T13:03:38.691Z"}
{"level":"info","message":"GET URL REQ => http://localhost:6200/api/v1/settingRoutes/listFoodAndSnacks","timestamp":"2025-05-24T13:11:19.728Z"}
{"level":"info","message":"GET URL REQ => http://localhost:6200/api/v1/settingRoutes/listFoodCategory","timestamp":"2025-05-24T13:11:19.752Z"}
{"level":"info","message":"GET URL REQ => http://localhost:6200/api/v1/settingRoutes/listFoodAndSnacks","timestamp":"2025-05-24T13:11:19.879Z"}
{"level":"info","message":"GET URL REQ => http://localhost:6200/api/v1/settingRoutes/listFoodCategory","timestamp":"2025-05-24T13:11:19.887Z"}
{"level":"info","message":"Server running --- from server.ts","timestamp":"2025-05-24T13:22:28.693Z"}
{"level":"info","message":"GET URL REQ => http://localhost:6200/api/v1/settingRoutes/listFoodAndSnacks","timestamp":"2025-05-24T13:22:35.409Z"}
{"level":"info","message":"GET URL REQ => http://localhost:6200/api/v1/settingRoutes/listFoodCategory","timestamp":"2025-05-24T13:22:35.463Z"}
{"level":"info","message":"GET URL REQ => http://localhost:6200/api/v1/settingRoutes/listFoodCategory","timestamp":"2025-05-24T13:22:35.704Z"}
{"level":"info","message":"GET URL REQ => http://localhost:6200/api/v1/settingRoutes/listFoodAndSnacks","timestamp":"2025-05-24T13:22:35.743Z"}
{"level":"info","message":"GET URL REQ => http://localhost:6200/api/v1/settingRoutes/listFoodAndSnacks","timestamp":"2025-05-24T13:23:43.305Z"}
{"level":"info","message":"GET URL REQ => http://localhost:6200/api/v1/settingRoutes/listFoodCategory","timestamp":"2025-05-24T13:23:43.324Z"}
{"level":"info","message":"GET URL REQ => http://localhost:6200/api/v1/settingRoutes/listFoodAndSnacks","timestamp":"2025-05-24T13:23:43.452Z"}
{"level":"info","message":"GET URL REQ => http://localhost:6200/api/v1/settingRoutes/listFoodCategory","timestamp":"2025-05-24T13:23:43.473Z"}
{"level":"info","message":"Server running --- from server.ts","timestamp":"2025-05-24T13:24:27.305Z"}
{"level":"info","message":"GET URL REQ => http://localhost:6200/api/v1/settingRoutes/listFoodAndSnacks","timestamp":"2025-05-24T13:24:43.813Z"}
{"level":"info","message":"GET URL REQ => http://localhost:6200/api/v1/settingRoutes/listFoodCategory","timestamp":"2025-05-24T13:24:43.838Z"}
{"level":"info","message":"GET URL REQ => http://localhost:6200/api/v1/settingRoutes/listFoodCategory","timestamp":"2025-05-24T13:24:43.982Z"}
{"level":"info","message":"GET URL REQ => http://localhost:6200/api/v1/settingRoutes/listFoodAndSnacks","timestamp":"2025-05-24T13:24:44.007Z"}
{"level":"info","message":"GET URL REQ => http://localhost:6200/api/v1/adminRoutes/listUserBookings","timestamp":"2025-05-24T13:25:15.288Z"}
{"level":"info","message":"GET URL REQ => http://localhost:6200/api/v1/adminRoutes/listUserBookings","timestamp":"2025-05-24T13:25:15.520Z"}
{"level":"info","message":"GET URL REQ => http://localhost:6200/api/v1/groundRoutes/listGround","timestamp":"2025-05-24T13:29:01.882Z"}
{"level":"info","message":"GET URL REQ => http://localhost:6200/api/v1/groundRoutes/listGround","timestamp":"2025-05-24T13:29:02.061Z"}
{"level":"info","message":"GET URL REQ => http://localhost:6200/api/v1/groundRoutes/deleteGround","timestamp":"2025-05-24T13:29:09.756Z"}
{"level":"info","message":"GET URL REQ => http://localhost:6200/api/v1/groundRoutes/listGround","timestamp":"2025-05-24T13:29:23.917Z"}
{"level":"info","message":"GET URL REQ => http://localhost:6200/api/v1/groundRoutes/listGround","timestamp":"2025-05-24T13:29:24.027Z"}
{"level":"info","message":"GET URL REQ => http://localhost:6200/api/v1/groundRoutes/listGround","timestamp":"2025-05-24T13:30:01.954Z"}
{"level":"info","message":"GET URL REQ => http://localhost:6200/api/v1/groundRoutes/listGround","timestamp":"2025-05-24T13:30:02.074Z"}
{"level":"info","message":"GET URL REQ => http://localhost:6200/api/v1/groundRoutes/deleteGround","timestamp":"2025-05-24T13:30:05.493Z"}
{"level":"info","message":"GET URL REQ => http://localhost:6200/api/v1/groundRoutes/deleteGround","timestamp":"2025-05-24T13:31:06.782Z"}
{"level":"info","message":"GET URL REQ => http://localhost:6200/api/v1/groundRoutes/listGround","timestamp":"2025-05-24T13:31:21.041Z"}
{"level":"info","message":"GET URL REQ => http://localhost:6200/api/v1/groundRoutes/listGround","timestamp":"2025-05-24T13:31:21.161Z"}
{"level":"info","message":"GET URL REQ => http://localhost:6200/api/v1/groundRoutes/listGround","timestamp":"2025-05-24T13:32:02.767Z"}
{"level":"info","message":"GET URL REQ => http://localhost:6200/api/v1/groundRoutes/listGround","timestamp":"2025-05-24T13:32:02.861Z"}
{"level":"info","message":"GET URL REQ => http://localhost:6200/api/v1/adminRoutes/userLogin","timestamp":"2025-05-24T13:32:32.406Z"}
{"level":"info","message":"GET URL REQ => http://localhost:6200/api/v1/groundRoutes/listGround","timestamp":"2025-05-24T13:32:33.034Z"}
{"level":"info","message":"GET URL REQ => http://localhost:6200/api/v1/groundRoutes/listGround","timestamp":"2025-05-24T13:32:33.067Z"}
{"level":"info","message":"GET URL REQ => http://localhost:6200/api/v1/groundRoutes/listGround","timestamp":"2025-05-24T13:32:35.013Z"}
{"level":"info","message":"GET URL REQ => http://localhost:6200/api/v1/groundRoutes/listGround","timestamp":"2025-05-24T13:32:35.034Z"}
{"level":"info","message":"GET URL REQ => http://localhost:6200/api/v1/settingRoutes/listFeatures","timestamp":"2025-05-24T13:32:38.428Z"}
{"level":"info","message":"GET URL REQ => http://localhost:6200/api/v1/settingRoutes/listSportCategory","timestamp":"2025-05-24T13:32:38.439Z"}
{"level":"info","message":"GET URL REQ => http://localhost:6200/api/v1/settingRoutes/listFeatures","timestamp":"2025-05-24T13:32:38.455Z"}
{"level":"info","message":"GET URL REQ => http://localhost:6200/api/v1/settingRoutes/listSportCategory","timestamp":"2025-05-24T13:32:38.579Z"}
{"level":"info","message":"GET URL REQ => http://localhost:6200/api/v1/adminRoutes/listSignUpUsers","timestamp":"2025-05-24T13:32:46.508Z"}
{"level":"info","message":"GET URL REQ => http://localhost:6200/api/v1/adminRoutes/listSignUpUsers","timestamp":"2025-05-24T13:32:46.529Z"}
{"level":"info","message":"GET URL REQ => http://localhost:6200/api/v1/adminRoutes/listUserBookings","timestamp":"2025-05-24T13:32:48.898Z"}
{"level":"info","message":"GET URL REQ => http://localhost:6200/api/v1/adminRoutes/listUserBookings","timestamp":"2025-05-24T13:32:48.930Z"}
{"level":"info","message":"GET URL REQ => http://localhost:6200/api/v1/settingRoutes/listSportCategory","timestamp":"2025-05-24T13:32:53.810Z"}
{"level":"info","message":"GET URL REQ => http://localhost:6200/api/v1/settingRoutes/listSportCategory","timestamp":"2025-05-24T13:32:53.819Z"}
{"level":"info","message":"GET URL REQ => http://localhost:6200/api/v1/settingRoutes/listFeatures","timestamp":"2025-05-24T13:32:56.722Z"}
{"level":"info","message":"GET URL REQ => http://localhost:6200/api/v1/settingRoutes/listFeatures","timestamp":"2025-05-24T13:32:56.733Z"}
{"level":"info","message":"GET URL REQ => http://localhost:6200/api/v1/settingRoutes/deleteFeatures","timestamp":"2025-05-24T13:33:01.849Z"}
{"level":"info","message":"GET URL REQ => http://localhost:6200/api/v1/settingRoutes/listFeatures","timestamp":"2025-05-24T13:33:01.905Z"}
{"level":"info","message":"GET URL REQ => http://localhost:6200/api/v1/settingRoutes/listUserGuidelines","timestamp":"2025-05-24T13:33:04.469Z"}
{"level":"info","message":"GET URL REQ => http://localhost:6200/api/v1/settingRoutes/listUserGuidelines","timestamp":"2025-05-24T13:33:04.479Z"}
{"level":"info","message":"GET URL REQ => http://localhost:6200/api/v1/settingRoutes/addUserGuidelines","timestamp":"2025-05-24T13:33:09.488Z"}
{"level":"info","message":"GET URL REQ => http://localhost:6200/api/v1/settingRoutes/listUserGuidelines","timestamp":"2025-05-24T13:33:09.542Z"}
{"level":"info","message":"GET URL REQ => http://localhost:6200/api/v1/settingRoutes/addUserGuidelines","timestamp":"2025-05-24T13:33:17.278Z"}
{"level":"info","message":"GET URL REQ => http://localhost:6200/api/v1/settingRoutes/listFacilities","timestamp":"2025-05-24T13:33:20.633Z"}
{"level":"info","message":"GET URL REQ => http://localhost:6200/api/v1/settingRoutes/listFacilities","timestamp":"2025-05-24T13:33:20.653Z"}
{"level":"info","message":"GET URL REQ => http://localhost:6200/api/v1/settingRoutes/listAdditionalTips","timestamp":"2025-05-24T13:33:23.501Z"}
{"level":"info","message":"GET URL REQ => http://localhost:6200/api/v1/settingRoutes/listAdditionalTips","timestamp":"2025-05-24T13:33:23.516Z"}
{"level":"info","message":"GET URL REQ => http://localhost:6200/api/v1/settingRoutes/listFoodAndSnacks","timestamp":"2025-05-24T13:33:25.318Z"}
{"level":"info","message":"GET URL REQ => http://localhost:6200/api/v1/settingRoutes/listFoodCategory","timestamp":"2025-05-24T13:33:25.323Z"}
{"level":"info","message":"GET URL REQ => http://localhost:6200/api/v1/settingRoutes/listFoodAndSnacks","timestamp":"2025-05-24T13:33:25.338Z"}
{"level":"info","message":"GET URL REQ => http://localhost:6200/api/v1/settingRoutes/listFoodCategory","timestamp":"2025-05-24T13:33:25.454Z"}
{"level":"info","message":"GET URL REQ => http://localhost:6200/api/v1/adminRoutes/listSignUpUsers","timestamp":"2025-05-24T13:52:04.590Z"}
{"level":"info","message":"GET URL REQ => http://localhost:6200/api/v1/adminRoutes/listSignUpUsers","timestamp":"2025-05-24T13:52:04.683Z"}
{"level":"info","message":"GET URL REQ => http://localhost:6200/api/v1/adminRoutes/listSignUpUsers","timestamp":"2025-05-24T13:53:26.609Z"}
{"level":"info","message":"GET URL REQ => http://localhost:6200/api/v1/adminRoutes/listSignUpUsers","timestamp":"2025-05-24T13:53:26.717Z"}
{"level":"info","message":"GET URL REQ => http://localhost:6200/api/v1/adminRoutes/listSignUpUsers","timestamp":"2025-05-24T13:55:23.225Z"}
{"level":"info","message":"GET URL REQ => http://localhost:6200/api/v1/adminRoutes/listSignUpUsers","timestamp":"2025-05-24T13:55:23.333Z"}
{"level":"info","message":"GET URL REQ => http://localhost:6200/api/v1/adminRoutes/listUserBookings","timestamp":"2025-05-24T13:58:05.732Z"}
{"level":"info","message":"GET URL REQ => http://localhost:6200/api/v1/adminRoutes/listUserBookings","timestamp":"2025-05-24T13:58:05.834Z"}
{"level":"info","message":"GET URL REQ => http://localhost:6200/api/v1/adminRoutes/listSignUpUsers","timestamp":"2025-05-24T13:58:07.658Z"}
{"level":"info","message":"GET URL REQ => http://localhost:6200/api/v1/adminRoutes/listSignUpUsers","timestamp":"2025-05-24T13:58:07.672Z"}
{"level":"info","message":"GET URL REQ => http://localhost:6200/api/v1/groundRoutes/listGround","timestamp":"2025-05-24T13:59:31.342Z"}
{"level":"info","message":"GET URL REQ => http://localhost:6200/api/v1/groundRoutes/listGround","timestamp":"2025-05-24T13:59:31.478Z"}
{"level":"info","message":"GET URL REQ => http://localhost:6200/api/v1/adminRoutes/listSignUpUsers","timestamp":"2025-05-24T13:59:32.221Z"}
{"level":"info","message":"GET URL REQ => http://localhost:6200/api/v1/adminRoutes/listSignUpUsers","timestamp":"2025-05-24T13:59:32.243Z"}
{"level":"info","message":"GET URL REQ => http://localhost:6200/api/v1/groundRoutes/listGround","timestamp":"2025-05-24T13:59:33.762Z"}
{"level":"info","message":"GET URL REQ => http://localhost:6200/api/v1/groundRoutes/listGround","timestamp":"2025-05-24T13:59:33.781Z"}
{"level":"info","message":"GET URL REQ => http://localhost:6200/api/v1/adminRoutes/listSignUpUsers","timestamp":"2025-05-24T13:59:35.997Z"}
{"level":"info","message":"GET URL REQ => http://localhost:6200/api/v1/adminRoutes/listSignUpUsers","timestamp":"2025-05-24T13:59:36.012Z"}
{"level":"info","message":"GET URL REQ => http://localhost:6200/api/v1/adminRoutes/listUserBookings","timestamp":"2025-05-24T14:02:27.680Z"}
{"level":"info","message":"GET URL REQ => http://localhost:6200/api/v1/adminRoutes/listUserBookings","timestamp":"2025-05-24T14:02:27.893Z"}
{"level":"info","message":"GET URL REQ => http://localhost:6200/api/v1/adminRoutes/listUserBookings","timestamp":"2025-05-24T14:06:43.665Z"}
{"level":"info","message":"GET URL REQ => http://localhost:6200/api/v1/adminRoutes/listUserBookings","timestamp":"2025-05-24T14:06:43.891Z"}
{"level":"info","message":"Server running --- from server.ts","timestamp":"2025-05-24T14:09:00.919Z"}
{"level":"info","message":"GET URL REQ => http://localhost:6200/api/v1/adminRoutes/listUserBookings","timestamp":"2025-05-24T14:10:04.645Z"}
{"level":"info","message":"GET URL REQ => http://localhost:6200/api/v1/adminRoutes/listUserBookings","timestamp":"2025-05-24T14:10:04.817Z"}
{"level":"info","message":"GET URL REQ => http://localhost:6200/api/v1/adminRoutes/listUserBookings","timestamp":"2025-05-24T14:20:09.325Z"}
{"level":"info","message":"GET URL REQ => http://localhost:6200/api/v1/adminRoutes/listUserBookings","timestamp":"2025-05-24T14:20:09.429Z"}
{"level":"info","message":"Server running --- from server.ts","timestamp":"2025-05-24T14:27:13.556Z"}
{"level":"info","message":"GET URL REQ => http://localhost:6200/api/v1/adminRoutes/listUserBookings","timestamp":"2025-05-24T14:27:13.643Z"}
{"level":"info","message":"GET URL REQ => http://localhost:6200/api/v1/adminRoutes/listUserBookings","timestamp":"2025-05-24T14:27:13.803Z"}
{"level":"info","message":"GET URL REQ => http://localhost:6200/api/v1/adminRoutes/listUserBookings","timestamp":"2025-05-24T14:32:15.345Z"}
{"level":"info","message":"GET URL REQ => http://localhost:6200/api/v1/adminRoutes/listUserBookings","timestamp":"2025-05-24T14:32:15.485Z"}
{"level":"info","message":"GET URL REQ => http://localhost:6200/api/v1/adminRoutes/listUserBookings","timestamp":"2025-05-24T14:32:59.639Z"}
{"level":"info","message":"GET URL REQ => http://localhost:6200/api/v1/adminRoutes/listUserBookings","timestamp":"2025-05-24T14:32:59.781Z"}
{"level":"info","message":"GET URL REQ => http://localhost:6200/api/v1/adminRoutes/listUserBookings","timestamp":"2025-05-24T14:33:36.754Z"}
{"level":"info","message":"GET URL REQ => http://localhost:6200/api/v1/adminRoutes/listUserBookings","timestamp":"2025-05-24T14:33:36.880Z"}
{"level":"info","message":"GET URL REQ => http://localhost:6200/api/v1/adminRoutes/listUserBookings","timestamp":"2025-05-24T14:33:40.394Z"}
{"level":"info","message":"GET URL REQ => http://localhost:6200/api/v1/adminRoutes/listUserBookings","timestamp":"2025-05-24T14:33:40.415Z"}
{"level":"info","message":"Server running --- from server.ts","timestamp":"2025-05-24T14:34:08.315Z"}
