{"level":"info","message":"Server running --- from server.ts","timestamp":"2025-05-22T06:20:59.568Z"}
{"level":"info","message":"GET URL REQ => http://localhost:6200/api/v1/adminRoutes/listUserBookings","timestamp":"2025-05-22T06:22:56.953Z"}
{"level":"info","message":"GET URL REQ => http://localhost:6200/api/v1/adminRoutes/listUserBookings","timestamp":"2025-05-22T06:22:57.200Z"}
{"level":"info","message":"GET URL REQ => http://localhost:6200/api/v1/adminRoutes/listUserBookings","timestamp":"2025-05-22T07:14:22.904Z"}
{"level":"info","message":"GET URL REQ => http://localhost:6200/api/v1/adminRoutes/listUserBookings","timestamp":"2025-05-22T07:14:23.045Z"}
{"level":"info","message":"GET URL REQ => http://localhost:6200/api/v1/groundRoutes/listGround","timestamp":"2025-05-22T09:59:02.188Z"}
{"level":"info","message":"GET URL REQ => http://localhost:6200/api/v1/groundRoutes/listGround","timestamp":"2025-05-22T09:59:02.418Z"}
{"level":"info","message":"GET URL REQ => http://localhost:6200/api/v1/settingRoutes/listFeatures","timestamp":"2025-05-22T09:59:03.651Z"}
{"level":"info","message":"GET URL REQ => http://localhost:6200/api/v1/settingRoutes/listFeatures","timestamp":"2025-05-22T09:59:03.669Z"}
{"level":"info","message":"Server running --- from server.ts","timestamp":"2025-05-22T11:59:35.918Z"}
{"level":"info","message":"GET URL REQ => http://localhost:6200/api/v1/adminRoutes/userLogin","timestamp":"2025-05-22T12:00:04.859Z"}
{"level":"info","message":"GET URL REQ => http://localhost:6200/api/v1/adminRoutes/userLogin","timestamp":"2025-05-22T12:02:46.950Z"}
{"level":"info","message":"GET URL REQ => http://localhost:6200/api/v1/groundRoutes/listGround","timestamp":"2025-05-22T12:02:48.058Z"}
{"level":"info","message":"GET URL REQ => http://localhost:6200/api/v1/groundRoutes/listGround","timestamp":"2025-05-22T12:02:48.144Z"}
{"level":"info","message":"GET URL REQ => http://localhost:6200/api/v1/groundRoutes/listGround","timestamp":"2025-05-22T12:04:24.192Z"}
{"level":"info","message":"GET URL REQ => http://localhost:6200/api/v1/groundRoutes/listGround","timestamp":"2025-05-22T12:04:24.405Z"}
{"level":"info","message":"GET URL REQ => http://localhost:6200/api/v1/groundRoutes/listGround","timestamp":"2025-05-22T12:05:26.086Z"}
{"level":"info","message":"GET URL REQ => http://localhost:6200/api/v1/groundRoutes/listGround","timestamp":"2025-05-22T12:05:26.356Z"}
{"level":"info","message":"GET URL REQ => http://localhost:6200/api/v1/groundRoutes/listGround","timestamp":"2025-05-22T12:05:39.584Z"}
{"level":"info","message":"GET URL REQ => http://localhost:6200/api/v1/groundRoutes/listGround","timestamp":"2025-05-22T12:05:39.782Z"}
{"level":"info","message":"GET URL REQ => http://localhost:6200/api/v1/groundRoutes/listGround","timestamp":"2025-05-22T12:05:41.436Z"}
{"level":"info","message":"GET URL REQ => http://localhost:6200/api/v1/groundRoutes/listGround","timestamp":"2025-05-22T12:05:41.453Z"}
{"level":"info","message":"GET URL REQ => http://localhost:6200/api/v1/groundRoutes/listGround","timestamp":"2025-05-22T12:06:20.467Z"}
{"level":"info","message":"GET URL REQ => http://localhost:6200/api/v1/groundRoutes/listGround","timestamp":"2025-05-22T12:06:20.592Z"}
{"level":"info","message":"GET URL REQ => http://localhost:6200/api/v1/groundRoutes/listGround","timestamp":"2025-05-22T12:07:33.433Z"}
{"level":"info","message":"GET URL REQ => http://localhost:6200/api/v1/groundRoutes/listGround","timestamp":"2025-05-22T12:07:33.606Z"}
{"level":"info","message":"GET URL REQ => http://localhost:6200/api/v1/groundRoutes/listGround","timestamp":"2025-05-22T12:07:36.075Z"}
{"level":"info","message":"GET URL REQ => http://localhost:6200/api/v1/groundRoutes/listGround","timestamp":"2025-05-22T12:07:36.089Z"}
{"level":"info","message":"GET URL REQ => http://localhost:6200/api/v1/groundRoutes/listGround","timestamp":"2025-05-22T12:07:39.068Z"}
{"level":"info","message":"GET URL REQ => http://localhost:6200/api/v1/groundRoutes/listGround","timestamp":"2025-05-22T12:07:39.083Z"}
{"level":"info","message":"GET URL REQ => http://localhost:6200/api/v1/groundRoutes/listGround","timestamp":"2025-05-22T12:07:44.777Z"}
{"level":"info","message":"GET URL REQ => http://localhost:6200/api/v1/groundRoutes/listGround","timestamp":"2025-05-22T12:07:44.788Z"}
{"level":"info","message":"GET URL REQ => http://localhost:6200/api/v1/groundRoutes/listGround","timestamp":"2025-05-22T12:08:33.865Z"}
{"level":"info","message":"GET URL REQ => http://localhost:6200/api/v1/groundRoutes/listGround","timestamp":"2025-05-22T12:08:33.978Z"}
{"level":"info","message":"GET URL REQ => http://localhost:6200/api/v1/settingRoutes/listFeatures","timestamp":"2025-05-22T12:10:03.501Z"}
{"level":"info","message":"GET URL REQ => http://localhost:6200/api/v1/settingRoutes/listFeatures","timestamp":"2025-05-22T12:10:03.620Z"}
{"level":"info","message":"GET URL REQ => http://localhost:6200/api/v1/groundRoutes/listGround","timestamp":"2025-05-22T12:11:02.074Z"}
{"level":"info","message":"Server running --- from server.ts","timestamp":"2025-05-22T12:11:55.192Z"}
{"level":"info","message":"Server running --- from server.ts","timestamp":"2025-05-22T12:13:11.302Z"}
{"level":"info","message":"GET URL REQ => http://localhost:6200/api/v1/groundRoutes/listGround","timestamp":"2025-05-22T12:13:34.485Z"}
{"level":"info","message":"GET URL REQ => http://localhost:6200/api/v1/groundRoutes/listGround","timestamp":"2025-05-22T12:13:34.599Z"}
{"level":"info","message":"GET URL REQ => http://localhost:6200/api/v1/groundRoutes/listGround","timestamp":"2025-05-22T12:13:46.680Z"}
{"level":"info","message":"GET URL REQ => http://localhost:6200/api/v1/groundRoutes/listGround","timestamp":"2025-05-22T12:13:46.824Z"}
{"level":"info","message":"GET URL REQ => http://localhost:6200/api/v1/groundRoutes/listGround","timestamp":"2025-05-22T12:14:40.786Z"}
{"level":"info","message":"GET URL REQ => http://localhost:6200/api/v1/groundRoutes/listGround","timestamp":"2025-05-22T12:14:40.992Z"}
{"level":"info","message":"GET URL REQ => http://localhost:6200/api/v1/settingRoutes/listFeatures","timestamp":"2025-05-22T12:14:42.259Z"}
{"level":"info","message":"GET URL REQ => http://localhost:6200/api/v1/settingRoutes/listFeatures","timestamp":"2025-05-22T12:14:42.267Z"}
{"level":"info","message":"GET URL REQ => http://localhost:6200/api/v1/settingRoutes/listFeatures","timestamp":"2025-05-22T12:18:00.367Z"}
{"level":"info","message":"GET URL REQ => http://localhost:6200/api/v1/settingRoutes/listFeatures","timestamp":"2025-05-22T12:18:00.525Z"}
{"level":"info","message":"GET URL REQ => http://localhost:6200/api/v1/settingRoutes/listFeatures","timestamp":"2025-05-22T12:34:12.006Z"}
{"level":"info","message":"GET URL REQ => http://localhost:6200/api/v1/settingRoutes/listFeatures","timestamp":"2025-05-22T12:34:12.145Z"}
{"level":"info","message":"GET URL REQ => http://localhost:6200/api/v1/groundRoutes/listGround","timestamp":"2025-05-22T12:36:09.452Z"}
{"level":"info","message":"GET URL REQ => http://localhost:6200/api/v1/groundRoutes/listGround","timestamp":"2025-05-22T12:36:09.661Z"}
{"level":"info","message":"GET URL REQ => http://localhost:6200/api/v1/settingRoutes/listFeatures","timestamp":"2025-05-22T12:36:27.700Z"}
{"level":"info","message":"GET URL REQ => http://localhost:6200/api/v1/settingRoutes/listFeatures","timestamp":"2025-05-22T12:36:27.910Z"}
{"level":"info","message":"GET URL REQ => http://localhost:6200/api/v1/settingRoutes/listFeatures","timestamp":"2025-05-22T12:37:01.202Z"}
{"level":"info","message":"GET URL REQ => http://localhost:6200/api/v1/settingRoutes/listFeatures","timestamp":"2025-05-22T12:37:01.305Z"}
{"level":"info","message":"GET URL REQ => http://localhost:6200/api/v1/groundRoutes/listGround","timestamp":"2025-05-22T12:37:53.860Z"}
{"level":"info","message":"GET URL REQ => http://localhost:6200/api/v1/groundRoutes/listGround","timestamp":"2025-05-22T12:37:53.962Z"}
{"level":"info","message":"GET URL REQ => http://localhost:6200/api/v1/settingRoutes/listFeatures","timestamp":"2025-05-22T12:37:55.647Z"}
{"level":"info","message":"GET URL REQ => http://localhost:6200/api/v1/settingRoutes/listFeatures","timestamp":"2025-05-22T12:37:55.659Z"}
{"level":"info","message":"GET URL REQ => http://localhost:6200/api/v1/settingRoutes/listFeatures","timestamp":"2025-05-22T12:38:41.024Z"}
{"level":"info","message":"GET URL REQ => http://localhost:6200/api/v1/settingRoutes/listFeatures","timestamp":"2025-05-22T12:38:41.197Z"}
{"level":"info","message":"GET URL REQ => http://localhost:6200/api/v1/groundRoutes/listGround","timestamp":"2025-05-22T12:38:56.185Z"}
{"level":"info","message":"GET URL REQ => http://localhost:6200/api/v1/groundRoutes/listGround","timestamp":"2025-05-22T12:38:56.309Z"}
{"level":"info","message":"GET URL REQ => http://localhost:6200/api/v1/settingRoutes/listFeatures","timestamp":"2025-05-22T12:39:04.364Z"}
{"level":"info","message":"GET URL REQ => http://localhost:6200/api/v1/settingRoutes/listFeatures","timestamp":"2025-05-22T12:39:04.388Z"}
{"level":"info","message":"GET URL REQ => http://localhost:6200/api/v1/groundRoutes/listGround","timestamp":"2025-05-22T12:40:15.534Z"}
{"level":"info","message":"GET URL REQ => http://localhost:6200/api/v1/groundRoutes/listGround","timestamp":"2025-05-22T12:40:15.758Z"}
{"level":"info","message":"GET URL REQ => http://localhost:6200/api/v1/settingRoutes/listFeatures","timestamp":"2025-05-22T12:40:30.171Z"}
{"level":"info","message":"GET URL REQ => http://localhost:6200/api/v1/settingRoutes/listFeatures","timestamp":"2025-05-22T12:40:30.266Z"}
{"level":"info","message":"GET URL REQ => http://localhost:6200/api/v1/adminRoutes/listUserBookings","timestamp":"2025-05-22T12:42:48.162Z"}
{"level":"info","message":"GET URL REQ => http://localhost:6200/api/v1/adminRoutes/listUserBookings","timestamp":"2025-05-22T12:42:48.279Z"}
{"level":"info","message":"GET URL REQ => http://localhost:6200/api/v1/adminRoutes/listSignUpUsers","timestamp":"2025-05-22T12:42:50.216Z"}
{"level":"info","message":"GET URL REQ => http://localhost:6200/api/v1/adminRoutes/listSignUpUsers","timestamp":"2025-05-22T12:42:50.269Z"}
{"level":"info","message":"GET URL REQ => http://localhost:6200/api/v1/groundRoutes/listGround","timestamp":"2025-05-22T12:42:52.632Z"}
{"level":"info","message":"GET URL REQ => http://localhost:6200/api/v1/groundRoutes/listGround","timestamp":"2025-05-22T12:42:52.658Z"}
{"level":"info","message":"GET URL REQ => http://localhost:6200/api/v1/adminRoutes/listSignUpUsers","timestamp":"2025-05-22T12:46:39.791Z"}
{"level":"info","message":"GET URL REQ => http://localhost:6200/api/v1/adminRoutes/listSignUpUsers","timestamp":"2025-05-22T12:46:40.046Z"}
{"level":"info","message":"GET URL REQ => http://localhost:6200/api/v1/adminRoutes/listUserBookings","timestamp":"2025-05-22T12:46:40.828Z"}
{"level":"info","message":"GET URL REQ => http://localhost:6200/api/v1/adminRoutes/listUserBookings","timestamp":"2025-05-22T12:46:40.844Z"}
{"level":"info","message":"GET URL REQ => http://localhost:6200/api/v1/groundRoutes/listGround","timestamp":"2025-05-22T12:47:10.233Z"}
{"level":"info","message":"GET URL REQ => http://localhost:6200/api/v1/groundRoutes/listGround","timestamp":"2025-05-22T12:47:10.433Z"}
{"level":"info","message":"GET URL REQ => http://localhost:6200/api/v1/groundRoutes/listGround","timestamp":"2025-05-22T12:47:11.388Z"}
{"level":"info","message":"GET URL REQ => http://localhost:6200/api/v1/groundRoutes/listGround","timestamp":"2025-05-22T12:47:11.399Z"}
{"level":"info","message":"GET URL REQ => http://localhost:6200/api/v1/settingRoutes/listFeatures","timestamp":"2025-05-22T12:47:13.766Z"}
{"level":"info","message":"GET URL REQ => http://localhost:6200/api/v1/settingRoutes/listFeatures","timestamp":"2025-05-22T12:47:13.779Z"}
{"level":"info","message":"Server running --- from server.ts","timestamp":"2025-05-22T13:03:31.822Z"}
